00:22:09.268 [INFO]  [Preparing] Diffblue Cover 2025.02.02-08b2a5a-licensed
00:22:09.268 [INFO]  [Preparing] Running: dcover create --keep-partial-tests --coverage-reports
00:22:09.268 [INFO]  [Preparing] 
00:22:09.268 [INFO]  [Preparing] Command: create
00:22:09.269 [INFO]  [Preparing] Create tests for the specified package/class/method.
00:22:09.269 [INFO]  [Preparing] 
00:22:12.636 [INFO]  [Checking] Maven Using ${maven.home} of: /opt/homebrew/Cellar/maven/3.9.9.
00:22:12.637 [INFO]  [Checking] Maven Executing: /bin/sh -c cd /Users/amishra/Developer/demo-java-ee-servlet && /opt/homebrew/Cellar/maven/3.9.9/bin/mvn -B -version
00:22:13.093 [INFO]  [Checking] Standard output of build tool (Maven)
00:22:13.093 [INFO]  [Checking] > Apache Maven 3.9.9 (8e8579a9e76f7d015ee5ec7bfcdc97d260186937)
00:22:13.093 [INFO]  [Checking] > Maven home: /opt/homebrew/Cellar/maven/3.9.9/libexec
00:22:13.094 [INFO]  [Checking] > Java version: 17.0.14, vendor: Homebrew, runtime: /opt/homebrew/Cellar/openjdk@17/17.0.14/libexec/openjdk.jdk/Contents/Home
00:22:13.094 [INFO]  [Checking] > Default locale: en_GB, platform encoding: UTF-8
00:22:13.094 [INFO]  [Checking] > OS name: "mac os x", version: "15.3.1", arch: "aarch64", family: "mac"
00:22:13.096 [INFO]  [Checking] Using CUSTOMISABLE Build System Implementation
00:22:13.209 [INFO]  [Checking] Using default build rules as no custom rules found in any of [/Users/amishra/Developer/demo-java-ee-servlet]
00:22:13.214 [INFO]  [Checking] Attempting to invoke mvnw in working directory: /Users/amishra/Developer/demo-java-ee-servlet
00:22:13.227 [INFO]  [Checking] Attempting to invoke /opt/homebrew/bin/mvn in working directory: /Users/amishra/Developer/demo-java-ee-servlet
00:22:13.240 [INFO]  [Checking] Started "/opt/homebrew/bin/mvn -Dmaven.ext.class.path=/usr/local/bin/diffblue/cover-buildsystem-maven-spy-jar-with-dependencies.jar -Dcom.diffblue.cover.skipTests=true --batch-mode install -Dmaven.compiler.failOnWarning=false --also-make -DskipTests -DskipITs --threads=1C"
00:22:14.151 [INFO]  [Checking] out: [INFO] Scanning for projects...
00:22:14.182 [INFO]  [Checking] out: [INFO] 
00:22:14.182 [INFO]  [Checking] out: [INFO] Using the MultiThreadedBuilder implementation with a thread count of 10
00:22:14.184 [INFO]  [Checking] out: [INFO] 
00:22:14.184 [INFO]  [Checking] out: [INFO] ---------------< com.diffblue.pov:demo-java-ee-servlet >----------------
00:22:14.184 [INFO]  [Checking] out: [INFO] Building Java EE Servlet Demo 1.0.0
00:22:14.184 [INFO]  [Checking] out: [INFO]   from pom.xml
00:22:14.184 [INFO]  [Checking] out: [INFO] --------------------------------[ war ]---------------------------------
00:22:14.472 [INFO]  [Checking] out: [INFO] 
00:22:14.472 [INFO]  [Checking] out: [INFO] --- resources:3.3.1:resources (default-resources) @ demo-java-ee-servlet ---
00:22:14.651 [INFO]  [Checking] out: [INFO] skip non existing resourceDirectory /Users/amishra/Developer/demo-java-ee-servlet/src/main/resources
00:22:14.653 [INFO]  [Checking] out: [INFO] 
00:22:14.653 [INFO]  [Checking] out: [INFO] --- compiler:3.13.0:compile (default-compile) @ demo-java-ee-servlet ---
00:22:14.855 [INFO]  [Checking] out: [INFO] Nothing to compile - all classes are up to date.
00:22:14.856 [INFO]  [Checking] out: [INFO] 
00:22:14.856 [INFO]  [Checking] out: [INFO] --- resources:3.3.1:testResources (default-testResources) @ demo-java-ee-servlet ---
00:22:14.858 [INFO]  [Checking] out: [INFO] skip non existing resourceDirectory /Users/amishra/Developer/demo-java-ee-servlet/src/test/resources
00:22:14.859 [INFO]  [Checking] out: [INFO] 
00:22:14.859 [INFO]  [Checking] out: [INFO] --- compiler:3.13.0:testCompile (default-testCompile) @ demo-java-ee-servlet ---
00:22:14.861 [INFO]  [Checking] out: [INFO] No sources to compile
00:22:14.863 [INFO]  [Checking] out: [INFO] 
00:22:14.863 [INFO]  [Checking] out: [INFO] --- surefire:3.3.0:test (default-test) @ demo-java-ee-servlet ---
00:22:15.016 [INFO]  [Checking] out: [INFO] Tests are skipped.
00:22:15.017 [INFO]  [Checking] out: [INFO] 
00:22:15.018 [INFO]  [Checking] out: [INFO] --- war:3.4.0:war (default-war) @ demo-java-ee-servlet ---
00:22:15.488 [INFO]  [Checking] out: [INFO] Packaging webapp
00:22:15.494 [INFO]  [Checking] out: [INFO] Assembling webapp [demo-java-ee-servlet] in [/Users/amishra/Developer/demo-java-ee-servlet/target/demo]
00:22:15.498 [INFO]  [Checking] out: [INFO] Processing war project
00:22:15.502 [INFO]  [Checking] out: [INFO] Copying webapp resources [/Users/amishra/Developer/demo-java-ee-servlet/src/main/webapp]
00:22:15.676 [INFO]  [Checking] out: [INFO] Building war: /Users/amishra/Developer/demo-java-ee-servlet/target/demo.war
00:22:15.772 [INFO]  [Checking] out: [INFO] 
00:22:15.773 [INFO]  [Checking] out: [INFO] --- install:3.1.2:install (default-install) @ demo-java-ee-servlet ---
00:22:15.800 [INFO]  [Checking] out: [INFO] Installing /Users/amishra/Developer/demo-java-ee-servlet/pom.xml to /Users/amishra/.m2/repository/com/diffblue/pov/demo-java-ee-servlet/1.0.0/demo-java-ee-servlet-1.0.0.pom
00:22:15.804 [INFO]  [Checking] out: [INFO] Installing /Users/amishra/Developer/demo-java-ee-servlet/target/demo.war to /Users/amishra/.m2/repository/com/diffblue/pov/demo-java-ee-servlet/1.0.0/demo-java-ee-servlet-1.0.0.war
00:22:15.857 [INFO]  [Checking] out: [INFO] ------------------------------------------------------------------------
00:22:15.857 [INFO]  [Checking] out: [INFO] BUILD SUCCESS
00:22:15.857 [INFO]  [Checking] out: [INFO] ------------------------------------------------------------------------
00:22:15.857 [INFO]  [Checking] out: [INFO] Total time:  1.703 s (Wall Clock)
00:22:15.857 [INFO]  [Checking] out: [INFO] Finished at: 2025-03-06T00:22:15Z
00:22:15.857 [INFO]  [Checking] out: [INFO] ------------------------------------------------------------------------
00:22:15.873 [INFO]  [Checking] Operating System: Mac OS X aarch64 15.3.1
00:22:15.873 [INFO]  [Checking] Default charset: UTF-8
00:22:15.873 [INFO]  [Checking] Default locale: en_GB
00:22:15.873 [INFO]  [Checking] Default time zone: Europe/London
00:22:15.881 [INFO]  [Checking] Discovered modules:
00:22:15.882 [INFO]  [Checking] - com.diffblue.pov:demo-java-ee-servlet
00:22:15.882 [INFO]  [Checking] 
00:22:15.885 [INFO]  [Checking] 
00:22:15.885 [INFO]  [Checking] [1/1] Creating tests for module: com.diffblue.pov:demo-java-ee-servlet
00:22:15.885 [INFO]  [Checking] ======================================================================
00:22:15.885 [INFO]  [Checking] 
00:22:15.885 [INFO]  [Checking] Detecting environment:
00:22:15.885 [INFO]  [Checking] ----------------------
00:22:15.947 [INFO]  [Checking] Detected Java version 17.0.14
00:22:15.948 [INFO]  [Checking] Maven Using ${maven.home} of: /opt/homebrew/Cellar/maven/3.9.9.
00:22:15.948 [INFO]  [Checking] Maven Executing: /bin/sh -c cd /Users/amishra/Developer/demo-java-ee-servlet && /opt/homebrew/Cellar/maven/3.9.9/bin/mvn -B -version
00:22:16.444 [INFO]  [Checking] Standard output of build tool (Maven)
00:22:16.444 [INFO]  [Checking] > Apache Maven 3.9.9 (8e8579a9e76f7d015ee5ec7bfcdc97d260186937)
00:22:16.444 [INFO]  [Checking] > Maven home: /opt/homebrew/Cellar/maven/3.9.9/libexec
00:22:16.444 [INFO]  [Checking] > Java version: 17.0.14, vendor: Homebrew, runtime: /opt/homebrew/Cellar/openjdk@17/17.0.14/libexec/openjdk.jdk/Contents/Home
00:22:16.444 [INFO]  [Checking] > Default locale: en_GB, platform encoding: UTF-8
00:22:16.444 [INFO]  [Checking] > OS name: "mac os x", version: "15.3.1", arch: "aarch64", family: "mac"
00:22:16.445 [INFO]  [Checking] Using CUSTOMISABLE Build System Implementation
00:22:16.445 [INFO]  [Checking] Using default build rules as no custom rules found in any of [/Users/amishra/Developer/demo-java-ee-servlet]
00:22:16.446 [INFO]  [Checking] Attempting to invoke mvnw in working directory: /Users/amishra/Developer/demo-java-ee-servlet
00:22:16.463 [INFO]  [Checking] Attempting to invoke /opt/homebrew/bin/mvn in working directory: /Users/amishra/Developer/demo-java-ee-servlet
00:22:16.472 [INFO]  [Checking] Started "/opt/homebrew/bin/mvn -Dmaven.ext.class.path=/usr/local/bin/diffblue/cover-buildsystem-maven-spy-jar-with-dependencies.jar -Dcom.diffblue.cover.skipTests=true --batch-mode install -Dmaven.compiler.failOnWarning=false --also-make -DskipTests -DskipITs --threads=1C"
00:22:17.429 [INFO]  [Checking] out: [INFO] Scanning for projects...
00:22:17.462 [INFO]  [Checking] out: [INFO] 
00:22:17.463 [INFO]  [Checking] out: [INFO] Using the MultiThreadedBuilder implementation with a thread count of 10
00:22:17.465 [INFO]  [Checking] out: [INFO] 
00:22:17.465 [INFO]  [Checking] out: [INFO] ---------------< com.diffblue.pov:demo-java-ee-servlet >----------------
00:22:17.465 [INFO]  [Checking] out: [INFO] Building Java EE Servlet Demo 1.0.0
00:22:17.465 [INFO]  [Checking] out: [INFO]   from pom.xml
00:22:17.465 [INFO]  [Checking] out: [INFO] --------------------------------[ war ]---------------------------------
00:22:17.759 [INFO]  [Checking] out: [INFO] 
00:22:17.759 [INFO]  [Checking] out: [INFO] --- resources:3.3.1:resources (default-resources) @ demo-java-ee-servlet ---
00:22:17.935 [INFO]  [Checking] out: [INFO] skip non existing resourceDirectory /Users/amishra/Developer/demo-java-ee-servlet/src/main/resources
00:22:17.936 [INFO]  [Checking] out: [INFO] 
00:22:17.936 [INFO]  [Checking] out: [INFO] --- compiler:3.13.0:compile (default-compile) @ demo-java-ee-servlet ---
00:22:18.123 [INFO]  [Checking] out: [INFO] Nothing to compile - all classes are up to date.
00:22:18.125 [INFO]  [Checking] out: [INFO] 
00:22:18.125 [INFO]  [Checking] out: [INFO] --- resources:3.3.1:testResources (default-testResources) @ demo-java-ee-servlet ---
00:22:18.127 [INFO]  [Checking] out: [INFO] skip non existing resourceDirectory /Users/amishra/Developer/demo-java-ee-servlet/src/test/resources
00:22:18.130 [INFO]  [Checking] out: [INFO] 
00:22:18.130 [INFO]  [Checking] out: [INFO] --- compiler:3.13.0:testCompile (default-testCompile) @ demo-java-ee-servlet ---
00:22:18.133 [INFO]  [Checking] out: [INFO] No sources to compile
00:22:18.134 [INFO]  [Checking] out: [INFO] 
00:22:18.135 [INFO]  [Checking] out: [INFO] --- surefire:3.3.0:test (default-test) @ demo-java-ee-servlet ---
00:22:18.229 [INFO]  [Checking] out: [INFO] Tests are skipped.
00:22:18.230 [INFO]  [Checking] out: [INFO] 
00:22:18.230 [INFO]  [Checking] out: [INFO] --- war:3.4.0:war (default-war) @ demo-java-ee-servlet ---
00:22:18.486 [INFO]  [Checking] out: [INFO] Packaging webapp
00:22:18.486 [INFO]  [Checking] out: [INFO] Assembling webapp [demo-java-ee-servlet] in [/Users/amishra/Developer/demo-java-ee-servlet/target/demo]
00:22:18.493 [INFO]  [Checking] out: [INFO] Processing war project
00:22:18.493 [INFO]  [Checking] out: [INFO] Copying webapp resources [/Users/amishra/Developer/demo-java-ee-servlet/src/main/webapp]
00:22:18.526 [INFO]  [Checking] out: [INFO] Building war: /Users/amishra/Developer/demo-java-ee-servlet/target/demo.war
00:22:18.629 [INFO]  [Checking] out: [INFO] 
00:22:18.629 [INFO]  [Checking] out: [INFO] --- install:3.1.2:install (default-install) @ demo-java-ee-servlet ---
00:22:18.686 [INFO]  [Checking] out: [INFO] Installing /Users/amishra/Developer/demo-java-ee-servlet/pom.xml to /Users/amishra/.m2/repository/com/diffblue/pov/demo-java-ee-servlet/1.0.0/demo-java-ee-servlet-1.0.0.pom
00:22:18.707 [INFO]  [Checking] out: [INFO] Installing /Users/amishra/Developer/demo-java-ee-servlet/target/demo.war to /Users/amishra/.m2/repository/com/diffblue/pov/demo-java-ee-servlet/1.0.0/demo-java-ee-servlet-1.0.0.war
00:22:18.750 [INFO]  [Checking] out: [INFO] ------------------------------------------------------------------------
00:22:18.750 [INFO]  [Checking] out: [INFO] BUILD SUCCESS
00:22:18.750 [INFO]  [Checking] out: [INFO] ------------------------------------------------------------------------
00:22:18.751 [INFO]  [Checking] out: [INFO] Total time:  1.333 s (Wall Clock)
00:22:18.751 [INFO]  [Checking] out: [INFO] Finished at: 2025-03-06T00:22:18Z
00:22:18.751 [INFO]  [Checking] out: [INFO] ------------------------------------------------------------------------
00:22:18.784 [INFO]  [Checking] Detected build system: Maven 3.9.9
00:22:18.784 [INFO]  [Checking] Operating System: Mac OS X aarch64 15.3.1
00:22:18.784 [INFO]  [Checking] Default charset: UTF-8
00:22:18.784 [INFO]  [Checking] Default locale: en_GB
00:22:18.784 [INFO]  [Checking] Default time zone: Europe/London
00:22:18.785 [INFO]  [Checking] Selected build system: Maven
00:22:18.786 [INFO]  [Checking] Selected classpath from build system maven
00:22:18.787 [INFO]  [Checking] Expanded classpath: 
/Users/amishra/Developer/demo-java-ee-servlet/target/test-classes (test build path)
/Users/amishra/Developer/demo-java-ee-servlet/target/classes (code under test)
/Users/amishra/.m2/repository/javax/servlet/javax.servlet-api/4.0.1/javax.servlet-api-4.0.1.jar
/Users/amishra/.m2/repository/junit/junit/4.13.1/junit-4.13.1.jar
/Users/amishra/.m2/repository/org/hamcrest/hamcrest-core/1.3/hamcrest-core-1.3.jar
/Users/amishra/.m2/repository/com/mysql/mysql-connector-j/9.0.0/mysql-connector-j-9.0.0.jar
/Users/amishra/.m2/repository/com/google/protobuf/protobuf-java/4.26.1/protobuf-java-4.26.1.jar
/Users/amishra/.m2/repository/org/mockito/mockito-core/5.14.2/mockito-core-5.14.2.jar
/Users/amishra/.m2/repository/net/bytebuddy/byte-buddy/1.15.4/byte-buddy-1.15.4.jar
/Users/amishra/.m2/repository/net/bytebuddy/byte-buddy-agent/1.15.4/byte-buddy-agent-1.15.4.jar
/Users/amishra/.m2/repository/org/objenesis/objenesis/3.3/objenesis-3.3.jar
/Users/amishra/.m2/repository/com/diffblue/cover/cover-annotations/1.3.0/cover-annotations-1.3.0.jar
00:22:18.815 [INFO]  [Checking] Detected test framework: JUnit 4.13.1
00:22:18.985 [INFO]  [Checking] Detected Mockito version 5.14.2
00:22:19.386 [INFO]  [Checking] Indexing...
00:22:19.586 [INFO]  [Checking] Selected test output directory: /Users/amishra/Developer/demo-java-ee-servlet/src/test/java
00:22:19.593 [INFO]  [Checking] Using default build rules as no custom rules found in any of [/Users/amishra/Developer/demo-java-ee-servlet]
00:22:19.594 [INFO]  [Checking] Attempting to invoke mvnw in working directory: /Users/amishra/Developer/demo-java-ee-servlet
00:22:19.606 [INFO]  [Checking] Attempting to invoke /opt/homebrew/bin/mvn in working directory: /Users/amishra/Developer/demo-java-ee-servlet
00:22:19.620 [INFO]  [Checking] Started "/opt/homebrew/bin/mvn -Dmaven.ext.class.path=/usr/local/bin/diffblue/cover-buildsystem-maven-spy-jar-with-dependencies.jar -Dcom.diffblue.cover.skipTests=true --batch-mode --projects=com.diffblue.pov:demo-java-ee-servlet test -DfailIfNoTests=false -Dsurefire.failIfNoSpecifiedTests=false -Dmaven.test.failure.ignore=True -Dtest=DummyJunitDiffblueTest"
00:22:20.492 [INFO]  [Checking] out: [INFO] Scanning for projects...
00:22:20.523 [INFO]  [Checking] out: [INFO] 
00:22:20.523 [INFO]  [Checking] out: [INFO] ---------------< com.diffblue.pov:demo-java-ee-servlet >----------------
00:22:20.523 [INFO]  [Checking] out: [INFO] Building Java EE Servlet Demo 1.0.0
00:22:20.523 [INFO]  [Checking] out: [INFO]   from pom.xml
00:22:20.523 [INFO]  [Checking] out: [INFO] --------------------------------[ war ]---------------------------------
00:22:20.839 [INFO]  [Checking] out: [INFO] 
00:22:20.839 [INFO]  [Checking] out: [INFO] --- resources:3.3.1:resources (default-resources) @ demo-java-ee-servlet ---
00:22:21.026 [INFO]  [Checking] out: [INFO] skip non existing resourceDirectory /Users/amishra/Developer/demo-java-ee-servlet/src/main/resources
00:22:21.028 [INFO]  [Checking] out: [INFO] 
00:22:21.028 [INFO]  [Checking] out: [INFO] --- compiler:3.13.0:compile (default-compile) @ demo-java-ee-servlet ---
00:22:21.212 [INFO]  [Checking] out: [INFO] Nothing to compile - all classes are up to date.
00:22:21.214 [INFO]  [Checking] out: [INFO] 
00:22:21.214 [INFO]  [Checking] out: [INFO] --- resources:3.3.1:testResources (default-testResources) @ demo-java-ee-servlet ---
00:22:21.215 [INFO]  [Checking] out: [INFO] skip non existing resourceDirectory /Users/amishra/Developer/demo-java-ee-servlet/src/test/resources
00:22:21.216 [INFO]  [Checking] out: [INFO] 
00:22:21.216 [INFO]  [Checking] out: [INFO] --- compiler:3.13.0:testCompile (default-testCompile) @ demo-java-ee-servlet ---
00:22:21.229 [INFO]  [Checking] out: [INFO] Recompiling the module because of changed source code.
00:22:21.237 [INFO]  [Checking] out: [INFO] Compiling 1 source file with javac [debug target 8] to target/test-classes
00:22:21.530 [INFO]  [Checking] out: [WARNING] bootstrap class path not set in conjunction with -source 8
00:22:21.531 [INFO]  [Checking] out: [INFO] 
00:22:21.531 [INFO]  [Checking] out: [INFO] --- surefire:3.3.0:test (default-test) @ demo-java-ee-servlet ---
00:22:21.668 [INFO]  [Checking] out: [INFO] Using auto detected provider org.apache.maven.surefire.junit4.JUnit4Provider
00:22:21.748 [INFO]  [Checking] out: [INFO] 
00:22:21.748 [INFO]  [Checking] out: [INFO] -------------------------------------------------------
00:22:21.748 [INFO]  [Checking] out: [INFO]  T E S T S
00:22:21.748 [INFO]  [Checking] out: [INFO] -------------------------------------------------------
00:22:22.040 [INFO]  [Checking] out: [INFO] Running DummyJunitDiffblueTest
00:22:22.081 [INFO]  [Checking] out: [INFO] Tests run: 1, Failures: 0, Errors: 0, Skipped: 0, Time elapsed: 0.030 s -- in DummyJunitDiffblueTest
00:22:22.090 [INFO]  [Checking] out: [INFO] 
00:22:22.090 [INFO]  [Checking] out: [INFO] Results:
00:22:22.090 [INFO]  [Checking] out: [INFO] 
00:22:22.090 [INFO]  [Checking] out: [INFO] Tests run: 1, Failures: 0, Errors: 0, Skipped: 0
00:22:22.090 [INFO]  [Checking] out: [INFO] 
00:22:22.144 [INFO]  [Checking] out: [INFO] ------------------------------------------------------------------------
00:22:22.144 [INFO]  [Checking] out: [INFO] BUILD SUCCESS
00:22:22.144 [INFO]  [Checking] out: [INFO] ------------------------------------------------------------------------
00:22:22.144 [INFO]  [Checking] out: [INFO] Total time:  1.663 s
00:22:22.145 [INFO]  [Checking] out: [INFO] Finished at: 2025-03-06T00:22:22Z
00:22:22.145 [INFO]  [Checking] out: [INFO] ------------------------------------------------------------------------
00:22:22.201 [INFO]  [Checking] Selected test framework: JUnit
00:22:22.227 [INFO]  [Checking] Detected Hamcrest 1 version 1.3
00:22:22.637 [INFO]  [Checking] Detected JVM architecture: 64-Bit
00:22:22.780 [INFO]  [Checking] Selected Java language compliance level: 1.8
00:22:22.781 [INFO]  [Checking] Selected test validation: enabled
00:22:22.798 [INFO]  [Checking] Prefixes for filtering classes/methods:
00:22:22.798 [INFO]  [Checking] - com.diffblue.pov.servlets.controller
00:22:22.798 [INFO]  [Checking] - com.diffblue.pov.servlets.dao
00:22:22.798 [INFO]  [Checking] - com.diffblue.pov.servlets.model
00:22:22.799 [INFO]  [Checking] - com.diffblue.pov.servlets.util
00:22:22.799 [INFO]  [Checking] Gathering methods to test...
00:22:23.661 [INFO]  [Reporting] 
00:22:23.661 [INFO]  [Reporting] Environment summary for module: com.diffblue.pov:demo-java-ee-servlet
00:22:23.661 [INFO]  [Reporting] ---------------------------------------------------------------------
00:22:23.661 [INFO]  [Reporting] Java version                   17.0.14                       SUCCESS        
00:22:23.661 [INFO]  [Reporting] Build system                   Maven                         SUCCESS        
00:22:23.661 [INFO]  [Reporting] Mocking Framework              Mockito 5.14.2                SUCCESS        
00:22:23.661 [INFO]  [Reporting] Surefire version               3.3.0                         SUCCESS        
00:22:23.661 [INFO]  [Reporting] Testing framework              JUnit 4.13                    SUCCESS        
00:22:23.661 [INFO]  [Reporting] JavaEE version                 Skipped                       -----          
00:22:23.661 [INFO]  [Reporting] Spring Core                    Not Detected                  -----          
00:22:23.661 [INFO]  [Reporting] JaCoCo plugin version          0.8.11                        SUCCESS        
00:22:23.661 [INFO]  [Reporting] Launcher                       JUnit 4, TestNG, or unknown   SUCCESS        
00:22:23.661 [INFO]  [Reporting] Quarkus                        Not Detected                  -----          
00:22:23.661 [INFO]  [Reporting] Test validation                Enabled                       SUCCESS        
00:22:23.661 [INFO]  [Reporting] Hamcrest                       Hamcrest 1 1.3                SUCCESS        
00:22:23.661 [INFO]  [Reporting] Spring Boot                    Skipped                       -----          
00:22:23.661 [INFO]  [Reporting] Spring Boot Starter Webflux    Skipped                       -----          
00:22:23.661 [INFO]  [Reporting] Spring Boot Test Autoconfigure Skipped                       -----          
00:22:23.661 [INFO]  [Reporting] Spring Boot Test               Skipped                       -----          
00:22:23.661 [INFO]  [Reporting] Spring Web                     Skipped                       -----          
00:22:23.661 [INFO]  [Reporting] Spring Security Web            Skipped                       -----          
00:22:23.661 [INFO]  [Reporting] Spring Test                    Skipped                       -----          
00:22:23.661 [INFO]  [Reporting] Cover Annotations              Not Detected                  -----          
00:22:23.661 [INFO]  [Reporting] 
00:22:23.661 [INFO]  [Reporting] Environment check status: SUCCESS
00:22:23.906 [INFO]  [Creating] Found 94 callable methods in 15 classes
00:22:23.907 [INFO]  [Creating] 
00:22:23.907 [INFO]  [Creating] Creating tests:
00:22:23.907 [INFO]  [Creating] ---------------
00:22:23.910 [INFO]  [Creating] 
================================================================================
= Starting analysis for class 'com.diffblue.pov.servlets.controller.HomeServlet'
================================================================================
00:22:23.910 [INFO]  [Creating] Filtering out non-testable methods...
00:22:26.088 [INFO]  [Creating] Filtering of methods complete. Creating analysis request
00:22:26.089 [INFO]  [Creating] Attempting to get service client, retry 1.
00:22:26.103 [INFO]  [Creating] Starting monitoring server.
00:22:26.214 [INFO]  [Creating] Monitoring server listening on localhost/127.0.0.1:62752
00:22:26.343 [INFO]  [Creating] Starting analyzer server process...
00:22:26.344 [INFO]  [Creating] Server command-line: /opt/homebrew/Cellar/openjdk@17/17.0.14/libexec/openjdk.jdk/Contents/Home/bin/java -XX:+IgnoreUnrecognizedVMOptions -Djdk.attach.allowAttachSelf=true -Djdk.jar.maxSignatureFileSize=100000000 -ea -javaagent:/usr/local/bin/diffblue/launcher-shared-jar.jar -Dlogback.configurationFile=/var/folders/p2/qfsg813s0h9b5mhb_8typkwm0000gp/T/diffblue/config/logback-remote-service.xml -Dcom.diffblue.springIsolationJar=/usr/local/bin/diffblue/cover-isolation-layer.jar -Dcover.jar.path=/usr/local/bin/diffblue/cover-service-analyzer.jar -Dcom.diffblue.assertionSuggestionJar=/usr/local/bin/diffblue/cover-service-analyzer.jar -Dcover.main.class=com.diffblue.cover.service.analyzer.Main -jar /usr/local/bin/diffblue/launcher-shared-jar.jar --service-lifespan 120 --monitoring-service-port 62752 --index-service-port 62752 --debug-log
00:22:26.358 [INFO]  [Creating] Server started. Waiting up to 300 seconds for a connection to be established...
00:22:27.234 [INFO]  [Creating] Starting new remote monitor client
00:22:27.830 [INFO]  [Creating] Attempting to start remote server.
00:22:28.298 [INFO]  [Creating] Server started, listening on localhost/127.0.0.1:62755
00:22:28.301 [INFO]  [Creating] Expect analyzer service to be listening on port 62755.
00:22:29.273 [INFO]  [Creating] Started analyzer service and client retrieved.
00:22:45.976 [INFO]  [Creating]      [1/94] com.diffblue.pov.servlets.controller.HomeServlet.<init>
00:22:45.977 [INFO]  [Creating]      [1/94]   Tests created: 1
00:22:50.211 [INFO]  [Creating]      [2/94] com.diffblue.pov.servlets.controller.HomeServlet.doGet
00:22:50.211 [INFO]  [Creating]      [2/94]   Partial tests created: 1
00:22:50.211 [INFO]  [Creating]      [2/94]   Reasons for partial tests:
00:22:50.211 [INFO]  [Creating]      [2/94]   R013: No inputs found that don't throw a trivial exception
00:22:50.211 [INFO]  [Creating]      [2/94]     Diffblue Cover tried to run the arrange/act section, but the test threw
00:22:50.211 [INFO]  [Creating]      [2/94]     java.lang.IllegalArgumentException: Request cannot be null
00:22:50.211 [INFO]  [Creating]      [2/94]         at javax.servlet.ServletRequestWrapper.<init>(ServletRequestWrapper.java:50)
00:22:50.211 [INFO]  [Creating]      [2/94]         at javax.servlet.http.HttpServletRequestWrapper.<init>(HttpServletRequestWrapper.java:47)
00:22:50.211 [INFO]  [Creating]      [2/94]     In order to prevent doGet(HttpServletRequest, HttpServletResponse)
00:22:50.211 [INFO]  [Creating]      [2/94]     from throwing IllegalArgumentException, add constructors or factory
00:22:50.211 [INFO]  [Creating]      [2/94]     methods that make it easier to construct fully initialized objects used in
00:22:50.211 [INFO]  [Creating]      [2/94]     doGet(HttpServletRequest, HttpServletResponse).
00:22:50.211 [INFO]  [Creating]      [2/94]     See https://diff.blue/R013 to resolve this issue.
00:22:50.357 [INFO]  [Creating]      [3/94] com.diffblue.pov.servlets.controller.HomeServlet.doPost
00:22:50.357 [INFO]  [Creating]      [3/94]   Partial tests created: 1
00:22:50.357 [INFO]  [Creating]      [3/94]   Reasons for partial tests:
00:22:50.357 [INFO]  [Creating]      [3/94]   R013: No inputs found that don't throw a trivial exception
00:22:50.357 [INFO]  [Creating]      [3/94]     Diffblue Cover tried to run the arrange/act section, but the test threw
00:22:50.357 [INFO]  [Creating]      [3/94]     java.lang.IllegalArgumentException: Request cannot be null
00:22:50.357 [INFO]  [Creating]      [3/94]         at javax.servlet.ServletRequestWrapper.<init>(ServletRequestWrapper.java:50)
00:22:50.357 [INFO]  [Creating]      [3/94]         at javax.servlet.http.HttpServletRequestWrapper.<init>(HttpServletRequestWrapper.java:47)
00:22:50.357 [INFO]  [Creating]      [3/94]     In order to prevent doPost(HttpServletRequest, HttpServletResponse)
00:22:50.357 [INFO]  [Creating]      [3/94]     from throwing IllegalArgumentException, add constructors or factory
00:22:50.357 [INFO]  [Creating]      [3/94]     methods that make it easier to construct fully initialized objects used in
00:22:50.357 [INFO]  [Creating]      [3/94]     doPost(HttpServletRequest, HttpServletResponse).
00:22:50.357 [INFO]  [Creating]      [3/94]     See https://diff.blue/R013 to resolve this issue.
00:22:50.362 [INFO]  [Creating]  [1/15] com.diffblue.pov.servlets.controller.HomeServlet
00:22:50.362 [INFO]  [Creating]  [1/15]   Tests created: 1
00:22:50.362 [INFO]  [Creating]  [1/15]   Partial tests created: 2
00:22:50.363 [INFO]  [Creating] 
================================================================================
= Starting analysis for class 'com.diffblue.pov.servlets.controller.LoginServlet'
================================================================================
00:22:50.363 [INFO]  [Creating] Filtering out non-testable methods...
00:22:50.363 [INFO]  [Creating] Filtering of methods complete. Creating analysis request
00:22:50.363 [INFO]  [Creating] Attempting to get service client, retry 1.
00:22:54.207 [INFO]  [Creating]      [4/94] com.diffblue.pov.servlets.controller.LoginServlet.<init>
00:22:54.207 [INFO]  [Creating]      [4/94]   Tests created: 1
00:22:57.699 [INFO]  [Creating]      [5/94] com.diffblue.pov.servlets.controller.LoginServlet.doGet
00:22:57.699 [INFO]  [Creating]      [5/94]   Partial tests created: 1
00:22:57.699 [INFO]  [Creating]      [5/94]   Reasons for partial tests:
00:22:57.699 [INFO]  [Creating]      [5/94]   R013: No inputs found that don't throw a trivial exception
00:22:57.699 [INFO]  [Creating]      [5/94]     Diffblue Cover tried to run the arrange/act section, but the test threw
00:22:57.699 [INFO]  [Creating]      [5/94]     java.lang.IllegalArgumentException: Request cannot be null
00:22:57.699 [INFO]  [Creating]      [5/94]         at javax.servlet.ServletRequestWrapper.<init>(ServletRequestWrapper.java:50)
00:22:57.699 [INFO]  [Creating]      [5/94]         at javax.servlet.http.HttpServletRequestWrapper.<init>(HttpServletRequestWrapper.java:47)
00:22:57.699 [INFO]  [Creating]      [5/94]     In order to prevent doGet(HttpServletRequest, HttpServletResponse)
00:22:57.700 [INFO]  [Creating]      [5/94]     from throwing IllegalArgumentException, add constructors or factory
00:22:57.700 [INFO]  [Creating]      [5/94]     methods that make it easier to construct fully initialized objects used in
00:22:57.700 [INFO]  [Creating]      [5/94]     doGet(HttpServletRequest, HttpServletResponse).
00:22:57.700 [INFO]  [Creating]      [5/94]     See https://diff.blue/R013 to resolve this issue.
00:22:57.811 [INFO]  [Creating]      [6/94] com.diffblue.pov.servlets.controller.LoginServlet.doPost
00:22:57.811 [INFO]  [Creating]      [6/94]   Partial tests created: 1
00:22:57.811 [INFO]  [Creating]      [6/94]   Reasons for partial tests:
00:22:57.811 [INFO]  [Creating]      [6/94]   R013: No inputs found that don't throw a trivial exception
00:22:57.811 [INFO]  [Creating]      [6/94]     Diffblue Cover tried to run the arrange/act section, but the test threw
00:22:57.811 [INFO]  [Creating]      [6/94]     java.lang.IllegalArgumentException: Request cannot be null
00:22:57.811 [INFO]  [Creating]      [6/94]         at javax.servlet.ServletRequestWrapper.<init>(ServletRequestWrapper.java:50)
00:22:57.811 [INFO]  [Creating]      [6/94]         at javax.servlet.http.HttpServletRequestWrapper.<init>(HttpServletRequestWrapper.java:47)
00:22:57.811 [INFO]  [Creating]      [6/94]     In order to prevent doPost(HttpServletRequest, HttpServletResponse)
00:22:57.811 [INFO]  [Creating]      [6/94]     from throwing IllegalArgumentException, add constructors or factory
00:22:57.811 [INFO]  [Creating]      [6/94]     methods that make it easier to construct fully initialized objects used in
00:22:57.811 [INFO]  [Creating]      [6/94]     doPost(HttpServletRequest, HttpServletResponse).
00:22:57.811 [INFO]  [Creating]      [6/94]     See https://diff.blue/R013 to resolve this issue.
00:22:57.812 [INFO]  [Creating]  [2/15] com.diffblue.pov.servlets.controller.LoginServlet
00:22:57.812 [INFO]  [Creating]  [2/15]   Tests created: 1
00:22:57.812 [INFO]  [Creating]  [2/15]   Partial tests created: 2
00:22:57.812 [INFO]  [Creating] 
================================================================================
= Starting analysis for class 'com.diffblue.pov.servlets.controller.LogoutServlet'
================================================================================
00:22:57.812 [INFO]  [Creating] Filtering out non-testable methods...
00:22:57.812 [INFO]  [Creating] Filtering of methods complete. Creating analysis request
00:22:57.812 [INFO]  [Creating] Attempting to get service client, retry 1.
00:23:01.176 [INFO]  [Creating]      [7/94] com.diffblue.pov.servlets.controller.LogoutServlet.<init>
00:23:01.176 [INFO]  [Creating]      [7/94]   Tests created: 1
00:23:04.496 [INFO]  [Creating]      [8/94] com.diffblue.pov.servlets.controller.LogoutServlet.doGet
00:23:04.497 [INFO]  [Creating]      [8/94]   Partial tests created: 1
00:23:04.497 [INFO]  [Creating]      [8/94]   Reasons for partial tests:
00:23:04.497 [INFO]  [Creating]      [8/94]   R013: No inputs found that don't throw a trivial exception
00:23:04.497 [INFO]  [Creating]      [8/94]     Diffblue Cover tried to run the arrange/act section, but the test threw
00:23:04.497 [INFO]  [Creating]      [8/94]     java.lang.IllegalArgumentException: Request cannot be null
00:23:04.497 [INFO]  [Creating]      [8/94]         at javax.servlet.ServletRequestWrapper.<init>(ServletRequestWrapper.java:50)
00:23:04.497 [INFO]  [Creating]      [8/94]         at javax.servlet.http.HttpServletRequestWrapper.<init>(HttpServletRequestWrapper.java:47)
00:23:04.497 [INFO]  [Creating]      [8/94]     In order to prevent doGet(HttpServletRequest, HttpServletResponse)
00:23:04.497 [INFO]  [Creating]      [8/94]     from throwing IllegalArgumentException, add constructors or factory
00:23:04.497 [INFO]  [Creating]      [8/94]     methods that make it easier to construct fully initialized objects used in
00:23:04.497 [INFO]  [Creating]      [8/94]     doGet(HttpServletRequest, HttpServletResponse).
00:23:04.497 [INFO]  [Creating]      [8/94]     See https://diff.blue/R013 to resolve this issue.
00:23:04.600 [INFO]  [Creating]      [9/94] com.diffblue.pov.servlets.controller.LogoutServlet.doPost
00:23:04.601 [INFO]  [Creating]      [9/94]   Partial tests created: 1
00:23:04.601 [INFO]  [Creating]      [9/94]   Reasons for partial tests:
00:23:04.601 [INFO]  [Creating]      [9/94]   R013: No inputs found that don't throw a trivial exception
00:23:04.601 [INFO]  [Creating]      [9/94]     Diffblue Cover tried to run the arrange/act section, but the test threw
00:23:04.601 [INFO]  [Creating]      [9/94]     java.lang.IllegalArgumentException: Request cannot be null
00:23:04.601 [INFO]  [Creating]      [9/94]         at javax.servlet.ServletRequestWrapper.<init>(ServletRequestWrapper.java:50)
00:23:04.601 [INFO]  [Creating]      [9/94]         at javax.servlet.http.HttpServletRequestWrapper.<init>(HttpServletRequestWrapper.java:47)
00:23:04.601 [INFO]  [Creating]      [9/94]     In order to prevent doPost(HttpServletRequest, HttpServletResponse)
00:23:04.601 [INFO]  [Creating]      [9/94]     from throwing IllegalArgumentException, add constructors or factory
00:23:04.601 [INFO]  [Creating]      [9/94]     methods that make it easier to construct fully initialized objects used in
00:23:04.601 [INFO]  [Creating]      [9/94]     doPost(HttpServletRequest, HttpServletResponse).
00:23:04.601 [INFO]  [Creating]      [9/94]     See https://diff.blue/R013 to resolve this issue.
00:23:04.602 [INFO]  [Creating]  [3/15] com.diffblue.pov.servlets.controller.LogoutServlet
00:23:04.602 [INFO]  [Creating]  [3/15]   Tests created: 1
00:23:04.602 [INFO]  [Creating]  [3/15]   Partial tests created: 2
00:23:04.602 [INFO]  [Creating] 
================================================================================
= Starting analysis for class 'com.diffblue.pov.servlets.controller.MessageServlet'
================================================================================
00:23:04.602 [INFO]  [Creating] Filtering out non-testable methods...
00:23:04.602 [INFO]  [Creating] Filtering of methods complete. Creating analysis request
00:23:04.602 [INFO]  [Creating] Attempting to get service client, retry 1.
00:23:08.040 [INFO]  [Creating]     [10/94] com.diffblue.pov.servlets.controller.MessageServlet.<init>
00:23:08.040 [INFO]  [Creating]     [10/94]   Tests created: 1
00:23:11.288 [INFO]  [Creating]     [11/94] com.diffblue.pov.servlets.controller.MessageServlet.doGet
00:23:11.288 [INFO]  [Creating]     [11/94]   Partial tests created: 1
00:23:11.288 [INFO]  [Creating]     [11/94]   Reasons for partial tests:
00:23:11.288 [INFO]  [Creating]     [11/94]   R013: No inputs found that don't throw a trivial exception
00:23:11.288 [INFO]  [Creating]     [11/94]     Diffblue Cover tried to run the arrange/act section, but the test threw
00:23:11.288 [INFO]  [Creating]     [11/94]     java.lang.IllegalArgumentException: Request cannot be null
00:23:11.288 [INFO]  [Creating]     [11/94]         at javax.servlet.ServletRequestWrapper.<init>(ServletRequestWrapper.java:50)
00:23:11.288 [INFO]  [Creating]     [11/94]         at javax.servlet.http.HttpServletRequestWrapper.<init>(HttpServletRequestWrapper.java:47)
00:23:11.288 [INFO]  [Creating]     [11/94]     In order to prevent doGet(HttpServletRequest, HttpServletResponse)
00:23:11.288 [INFO]  [Creating]     [11/94]     from throwing IllegalArgumentException, add constructors or factory
00:23:11.288 [INFO]  [Creating]     [11/94]     methods that make it easier to construct fully initialized objects used in
00:23:11.288 [INFO]  [Creating]     [11/94]     doGet(HttpServletRequest, HttpServletResponse).
00:23:11.288 [INFO]  [Creating]     [11/94]     See https://diff.blue/R013 to resolve this issue.
00:23:11.384 [INFO]  [Creating]     [12/94] com.diffblue.pov.servlets.controller.MessageServlet.doPost
00:23:11.384 [INFO]  [Creating]     [12/94]   Partial tests created: 1
00:23:11.384 [INFO]  [Creating]     [12/94]   Reasons for partial tests:
00:23:11.384 [INFO]  [Creating]     [12/94]   R013: No inputs found that don't throw a trivial exception
00:23:11.384 [INFO]  [Creating]     [12/94]     Diffblue Cover tried to run the arrange/act section, but the test threw
00:23:11.384 [INFO]  [Creating]     [12/94]     java.lang.IllegalArgumentException: Request cannot be null
00:23:11.384 [INFO]  [Creating]     [12/94]         at javax.servlet.ServletRequestWrapper.<init>(ServletRequestWrapper.java:50)
00:23:11.384 [INFO]  [Creating]     [12/94]         at javax.servlet.http.HttpServletRequestWrapper.<init>(HttpServletRequestWrapper.java:47)
00:23:11.384 [INFO]  [Creating]     [12/94]     In order to prevent doPost(HttpServletRequest, HttpServletResponse)
00:23:11.384 [INFO]  [Creating]     [12/94]     from throwing IllegalArgumentException, add constructors or factory
00:23:11.384 [INFO]  [Creating]     [12/94]     methods that make it easier to construct fully initialized objects used in
00:23:11.384 [INFO]  [Creating]     [12/94]     doPost(HttpServletRequest, HttpServletResponse).
00:23:11.384 [INFO]  [Creating]     [12/94]     See https://diff.blue/R013 to resolve this issue.
00:23:11.385 [INFO]  [Creating]  [4/15] com.diffblue.pov.servlets.controller.MessageServlet
00:23:11.385 [INFO]  [Creating]  [4/15]   Tests created: 1
00:23:11.385 [INFO]  [Creating]  [4/15]   Partial tests created: 2
00:23:11.385 [INFO]  [Creating] 
================================================================================
= Starting analysis for class 'com.diffblue.pov.servlets.controller.ProfileServlet'
================================================================================
00:23:11.385 [INFO]  [Creating] Filtering out non-testable methods...
00:23:11.385 [INFO]  [Creating] Filtering of methods complete. Creating analysis request
00:23:11.385 [INFO]  [Creating] Attempting to get service client, retry 1.
00:23:14.750 [INFO]  [Creating]     [13/94] com.diffblue.pov.servlets.controller.ProfileServlet.<init>
00:23:14.750 [INFO]  [Creating]     [13/94]   Tests created: 1
00:23:18.179 [INFO]  [Creating]     [14/94] com.diffblue.pov.servlets.controller.ProfileServlet.doGet
00:23:18.179 [INFO]  [Creating]     [14/94]   Partial tests created: 1
00:23:18.179 [INFO]  [Creating]     [14/94]   Reasons for partial tests:
00:23:18.179 [INFO]  [Creating]     [14/94]   R013: No inputs found that don't throw a trivial exception
00:23:18.179 [INFO]  [Creating]     [14/94]     Diffblue Cover tried to run the arrange/act section, but the test threw
00:23:18.179 [INFO]  [Creating]     [14/94]     java.lang.IllegalArgumentException: Request cannot be null
00:23:18.179 [INFO]  [Creating]     [14/94]         at javax.servlet.ServletRequestWrapper.<init>(ServletRequestWrapper.java:50)
00:23:18.179 [INFO]  [Creating]     [14/94]         at javax.servlet.http.HttpServletRequestWrapper.<init>(HttpServletRequestWrapper.java:47)
00:23:18.179 [INFO]  [Creating]     [14/94]     In order to prevent doGet(HttpServletRequest, HttpServletResponse)
00:23:18.179 [INFO]  [Creating]     [14/94]     from throwing IllegalArgumentException, add constructors or factory
00:23:18.179 [INFO]  [Creating]     [14/94]     methods that make it easier to construct fully initialized objects used in
00:23:18.179 [INFO]  [Creating]     [14/94]     doGet(HttpServletRequest, HttpServletResponse).
00:23:18.179 [INFO]  [Creating]     [14/94]     See https://diff.blue/R013 to resolve this issue.
00:23:18.283 [INFO]  [Creating]     [15/94] com.diffblue.pov.servlets.controller.ProfileServlet.doPost
00:23:18.283 [INFO]  [Creating]     [15/94]   Partial tests created: 1
00:23:18.283 [INFO]  [Creating]     [15/94]   Reasons for partial tests:
00:23:18.283 [INFO]  [Creating]     [15/94]   R013: No inputs found that don't throw a trivial exception
00:23:18.283 [INFO]  [Creating]     [15/94]     Diffblue Cover tried to run the arrange/act section, but the test threw
00:23:18.283 [INFO]  [Creating]     [15/94]     java.lang.IllegalArgumentException: Request cannot be null
00:23:18.283 [INFO]  [Creating]     [15/94]         at javax.servlet.ServletRequestWrapper.<init>(ServletRequestWrapper.java:50)
00:23:18.283 [INFO]  [Creating]     [15/94]         at javax.servlet.http.HttpServletRequestWrapper.<init>(HttpServletRequestWrapper.java:47)
00:23:18.283 [INFO]  [Creating]     [15/94]     In order to prevent doPost(HttpServletRequest, HttpServletResponse)
00:23:18.283 [INFO]  [Creating]     [15/94]     from throwing IllegalArgumentException, add constructors or factory
00:23:18.283 [INFO]  [Creating]     [15/94]     methods that make it easier to construct fully initialized objects used in
00:23:18.283 [INFO]  [Creating]     [15/94]     doPost(HttpServletRequest, HttpServletResponse).
00:23:18.283 [INFO]  [Creating]     [15/94]     See https://diff.blue/R013 to resolve this issue.
00:23:18.284 [INFO]  [Creating]  [5/15] com.diffblue.pov.servlets.controller.ProfileServlet
00:23:18.284 [INFO]  [Creating]  [5/15]   Tests created: 1
00:23:18.284 [INFO]  [Creating]  [5/15]   Partial tests created: 2
00:23:18.284 [INFO]  [Creating] 
================================================================================
= Starting analysis for class 'com.diffblue.pov.servlets.controller.RegisterServlet'
================================================================================
00:23:18.284 [INFO]  [Creating] Filtering out non-testable methods...
00:23:18.284 [INFO]  [Creating] Filtering of methods complete. Creating analysis request
00:23:18.284 [INFO]  [Creating] Attempting to get service client, retry 1.
00:23:21.695 [INFO]  [Creating]     [16/94] com.diffblue.pov.servlets.controller.RegisterServlet.<init>
00:23:21.695 [INFO]  [Creating]     [16/94]   Tests created: 1
00:23:25.025 [INFO]  [Creating]     [17/94] com.diffblue.pov.servlets.controller.RegisterServlet.doGet
00:23:25.026 [INFO]  [Creating]     [17/94]   Partial tests created: 1
00:23:25.026 [INFO]  [Creating]     [17/94]   Reasons for partial tests:
00:23:25.026 [INFO]  [Creating]     [17/94]   R013: No inputs found that don't throw a trivial exception
00:23:25.026 [INFO]  [Creating]     [17/94]     Diffblue Cover tried to run the arrange/act section, but the test threw
00:23:25.026 [INFO]  [Creating]     [17/94]     java.lang.IllegalArgumentException: Request cannot be null
00:23:25.026 [INFO]  [Creating]     [17/94]         at javax.servlet.ServletRequestWrapper.<init>(ServletRequestWrapper.java:50)
00:23:25.026 [INFO]  [Creating]     [17/94]         at javax.servlet.http.HttpServletRequestWrapper.<init>(HttpServletRequestWrapper.java:47)
00:23:25.026 [INFO]  [Creating]     [17/94]     In order to prevent doGet(HttpServletRequest, HttpServletResponse)
00:23:25.026 [INFO]  [Creating]     [17/94]     from throwing IllegalArgumentException, add constructors or factory
00:23:25.026 [INFO]  [Creating]     [17/94]     methods that make it easier to construct fully initialized objects used in
00:23:25.026 [INFO]  [Creating]     [17/94]     doGet(HttpServletRequest, HttpServletResponse).
00:23:25.026 [INFO]  [Creating]     [17/94]     See https://diff.blue/R013 to resolve this issue.
00:23:25.118 [INFO]  [Creating]     [18/94] com.diffblue.pov.servlets.controller.RegisterServlet.doPost
00:23:25.118 [INFO]  [Creating]     [18/94]   Partial tests created: 1
00:23:25.118 [INFO]  [Creating]     [18/94]   Reasons for partial tests:
00:23:25.118 [INFO]  [Creating]     [18/94]   R013: No inputs found that don't throw a trivial exception
00:23:25.118 [INFO]  [Creating]     [18/94]     Diffblue Cover tried to run the arrange/act section, but the test threw
00:23:25.118 [INFO]  [Creating]     [18/94]     java.lang.IllegalArgumentException: Request cannot be null
00:23:25.118 [INFO]  [Creating]     [18/94]         at javax.servlet.ServletRequestWrapper.<init>(ServletRequestWrapper.java:50)
00:23:25.118 [INFO]  [Creating]     [18/94]         at javax.servlet.http.HttpServletRequestWrapper.<init>(HttpServletRequestWrapper.java:47)
00:23:25.118 [INFO]  [Creating]     [18/94]     In order to prevent doPost(HttpServletRequest, HttpServletResponse)
00:23:25.118 [INFO]  [Creating]     [18/94]     from throwing IllegalArgumentException, add constructors or factory
00:23:25.118 [INFO]  [Creating]     [18/94]     methods that make it easier to construct fully initialized objects used in
00:23:25.118 [INFO]  [Creating]     [18/94]     doPost(HttpServletRequest, HttpServletResponse).
00:23:25.118 [INFO]  [Creating]     [18/94]     See https://diff.blue/R013 to resolve this issue.
00:23:25.119 [INFO]  [Creating]  [6/15] com.diffblue.pov.servlets.controller.RegisterServlet
00:23:25.119 [INFO]  [Creating]  [6/15]   Tests created: 1
00:23:25.119 [INFO]  [Creating]  [6/15]   Partial tests created: 2
00:23:25.119 [INFO]  [Creating] 
================================================================================
= Starting analysis for class 'com.diffblue.pov.servlets.controller.ViewMessageServlet'
================================================================================
00:23:25.119 [INFO]  [Creating] Filtering out non-testable methods...
00:23:25.119 [INFO]  [Creating] Filtering of methods complete. Creating analysis request
00:23:25.119 [INFO]  [Creating] Attempting to get service client, retry 1.
00:23:28.639 [INFO]  [Creating]     [19/94] com.diffblue.pov.servlets.controller.ViewMessageServlet.<init>
00:23:28.639 [INFO]  [Creating]     [19/94]   Tests created: 1
00:23:31.876 [INFO]  [Creating]     [20/94] com.diffblue.pov.servlets.controller.ViewMessageServlet.doGet
00:23:31.876 [INFO]  [Creating]     [20/94]   Partial tests created: 1
00:23:31.876 [INFO]  [Creating]     [20/94]   Reasons for partial tests:
00:23:31.876 [INFO]  [Creating]     [20/94]   R013: No inputs found that don't throw a trivial exception
00:23:31.876 [INFO]  [Creating]     [20/94]     Diffblue Cover tried to run the arrange/act section, but the test threw
00:23:31.876 [INFO]  [Creating]     [20/94]     java.lang.IllegalArgumentException: Request cannot be null
00:23:31.876 [INFO]  [Creating]     [20/94]         at javax.servlet.ServletRequestWrapper.<init>(ServletRequestWrapper.java:50)
00:23:31.876 [INFO]  [Creating]     [20/94]         at javax.servlet.http.HttpServletRequestWrapper.<init>(HttpServletRequestWrapper.java:47)
00:23:31.876 [INFO]  [Creating]     [20/94]     In order to prevent doGet(HttpServletRequest, HttpServletResponse)
00:23:31.876 [INFO]  [Creating]     [20/94]     from throwing IllegalArgumentException, add constructors or factory
00:23:31.876 [INFO]  [Creating]     [20/94]     methods that make it easier to construct fully initialized objects used in
00:23:31.876 [INFO]  [Creating]     [20/94]     doGet(HttpServletRequest, HttpServletResponse).
00:23:31.876 [INFO]  [Creating]     [20/94]     See https://diff.blue/R013 to resolve this issue.
00:23:31.980 [INFO]  [Creating]     [21/94] com.diffblue.pov.servlets.controller.ViewMessageServlet.doPost
00:23:31.980 [INFO]  [Creating]     [21/94]   Partial tests created: 1
00:23:31.980 [INFO]  [Creating]     [21/94]   Reasons for partial tests:
00:23:31.980 [INFO]  [Creating]     [21/94]   R013: No inputs found that don't throw a trivial exception
00:23:31.980 [INFO]  [Creating]     [21/94]     Diffblue Cover tried to run the arrange/act section, but the test threw
00:23:31.980 [INFO]  [Creating]     [21/94]     java.lang.IllegalArgumentException: Request cannot be null
00:23:31.980 [INFO]  [Creating]     [21/94]         at javax.servlet.ServletRequestWrapper.<init>(ServletRequestWrapper.java:50)
00:23:31.980 [INFO]  [Creating]     [21/94]         at javax.servlet.http.HttpServletRequestWrapper.<init>(HttpServletRequestWrapper.java:47)
00:23:31.980 [INFO]  [Creating]     [21/94]     In order to prevent doPost(HttpServletRequest, HttpServletResponse)
00:23:31.980 [INFO]  [Creating]     [21/94]     from throwing IllegalArgumentException, add constructors or factory
00:23:31.980 [INFO]  [Creating]     [21/94]     methods that make it easier to construct fully initialized objects used in
00:23:31.980 [INFO]  [Creating]     [21/94]     doPost(HttpServletRequest, HttpServletResponse).
00:23:31.980 [INFO]  [Creating]     [21/94]     See https://diff.blue/R013 to resolve this issue.
00:23:31.982 [INFO]  [Creating]  [7/15] com.diffblue.pov.servlets.controller.ViewMessageServlet
00:23:31.982 [INFO]  [Creating]  [7/15]   Tests created: 1
00:23:31.982 [INFO]  [Creating]  [7/15]   Partial tests created: 2
00:23:31.982 [INFO]  [Creating] 
================================================================================
= Starting analysis for class 'com.diffblue.pov.servlets.dao.MessageDAO'
================================================================================
00:23:31.982 [INFO]  [Creating] Filtering out non-testable methods...
00:23:31.982 [INFO]  [Creating] Filtering of methods complete. Creating analysis request
00:23:31.982 [INFO]  [Creating] Attempting to get service client, retry 1.
00:23:34.274 [INFO]  [Creating]     [22/94] com.diffblue.pov.servlets.dao.MessageDAO.<init>
00:23:34.274 [INFO]  [Creating]     [22/94]   Partial tests created: 1
00:23:34.274 [INFO]  [Creating]     [22/94]   Reasons for partial tests:
00:23:34.274 [INFO]  [Creating]     [22/94]   R002: Missing observers
00:23:34.274 [INFO]  [Creating]     [22/94]     Diffblue Cover was unable to create an assertion.
00:23:34.274 [INFO]  [Creating]     [22/94]     There are no fields that could be asserted on.
00:23:34.813 [INFO]  [Creating]     [23/94] com.diffblue.pov.servlets.dao.MessageDAO.deleteAllMessage
00:23:34.813 [INFO]  [Creating]     [23/94]   Partial tests created: 1
00:23:34.813 [INFO]  [Creating]     [23/94]   Reasons for partial tests:
00:23:34.814 [INFO]  [Creating]     [23/94]   R011: Sandboxing policy violation
00:23:34.814 [INFO]  [Creating]     [23/94]     Diffblue Cover ran code in your project that tried
00:23:34.814 [INFO]  [Creating]     [23/94]       to access the network.
00:23:34.814 [INFO]  [Creating]     [23/94]     Diffblue Cover's default sandboxing policy disallows this in order to prevent
00:23:34.814 [INFO]  [Creating]     [23/94]     your code from damaging your system environment.
00:23:34.814 [INFO]  [Creating]     [23/94]     See https://diff.blue/R011 to resolve this issue.
00:23:35.309 [INFO]  [Creating]     [24/94] com.diffblue.pov.servlets.dao.MessageDAO.deleteMessage
00:23:35.309 [INFO]  [Creating]     [24/94]   Partial tests created: 1
00:23:35.309 [INFO]  [Creating]     [24/94]   Reasons for partial tests:
00:23:35.309 [INFO]  [Creating]     [24/94]   R011: Sandboxing policy violation
00:23:35.309 [INFO]  [Creating]     [24/94]     Diffblue Cover ran code in your project that tried
00:23:35.309 [INFO]  [Creating]     [24/94]       to access the network.
00:23:35.309 [INFO]  [Creating]     [24/94]     Diffblue Cover's default sandboxing policy disallows this in order to prevent
00:23:35.309 [INFO]  [Creating]     [24/94]     your code from damaging your system environment.
00:23:35.309 [INFO]  [Creating]     [24/94]     See https://diff.blue/R011 to resolve this issue.
00:23:36.622 [INFO]  [Creating]     [25/94] com.diffblue.pov.servlets.dao.MessageDAO.getAllMessage
00:23:36.622 [INFO]  [Creating]     [25/94]   Partial tests created: 1
00:23:36.622 [INFO]  [Creating]     [25/94]   Reasons for partial tests:
00:23:36.622 [INFO]  [Creating]     [25/94]   R011: Sandboxing policy violation
00:23:36.622 [INFO]  [Creating]     [25/94]     Diffblue Cover ran code in your project that tried
00:23:36.622 [INFO]  [Creating]     [25/94]       to access the network.
00:23:36.622 [INFO]  [Creating]     [25/94]     Diffblue Cover's default sandboxing policy disallows this in order to prevent
00:23:36.622 [INFO]  [Creating]     [25/94]     your code from damaging your system environment.
00:23:36.622 [INFO]  [Creating]     [25/94]     See https://diff.blue/R011 to resolve this issue.
00:23:37.914 [INFO]  [Creating]     [26/94] com.diffblue.pov.servlets.dao.MessageDAO.getMessage
00:23:37.914 [INFO]  [Creating]     [26/94]   Partial tests created: 1
00:23:37.914 [INFO]  [Creating]     [26/94]   Reasons for partial tests:
00:23:37.914 [INFO]  [Creating]     [26/94]   R011: Sandboxing policy violation
00:23:37.914 [INFO]  [Creating]     [26/94]     Diffblue Cover ran code in your project that tried
00:23:37.914 [INFO]  [Creating]     [26/94]       to access the network.
00:23:37.914 [INFO]  [Creating]     [26/94]     Diffblue Cover's default sandboxing policy disallows this in order to prevent
00:23:37.914 [INFO]  [Creating]     [26/94]     your code from damaging your system environment.
00:23:37.914 [INFO]  [Creating]     [26/94]     See https://diff.blue/R011 to resolve this issue.
00:23:39.004 [INFO]  [Creating]     [27/94] com.diffblue.pov.servlets.dao.MessageDAO.insertMessage
00:23:39.004 [INFO]  [Creating]     [27/94]   Partial tests created: 1
00:23:39.004 [INFO]  [Creating]     [27/94]   Reasons for partial tests:
00:23:39.004 [INFO]  [Creating]     [27/94]   R011: Sandboxing policy violation
00:23:39.004 [INFO]  [Creating]     [27/94]     Diffblue Cover ran code in your project that tried
00:23:39.004 [INFO]  [Creating]     [27/94]       to access the network.
00:23:39.004 [INFO]  [Creating]     [27/94]     Diffblue Cover's default sandboxing policy disallows this in order to prevent
00:23:39.004 [INFO]  [Creating]     [27/94]     your code from damaging your system environment.
00:23:39.004 [INFO]  [Creating]     [27/94]     See https://diff.blue/R011 to resolve this issue.
00:23:39.102 [INFO]  [Creating]     [28/94] com.diffblue.pov.servlets.dao.MessageDAO.messageCount
00:23:39.102 [INFO]  [Creating]     [28/94]   Partial tests created: 1
00:23:39.102 [INFO]  [Creating]     [28/94]   Reasons for partial tests:
00:23:39.102 [INFO]  [Creating]     [28/94]   R011: Sandboxing policy violation
00:23:39.102 [INFO]  [Creating]     [28/94]     Diffblue Cover ran code in your project that tried
00:23:39.102 [INFO]  [Creating]     [28/94]       to access the network.
00:23:39.102 [INFO]  [Creating]     [28/94]     Diffblue Cover's default sandboxing policy disallows this in order to prevent
00:23:39.102 [INFO]  [Creating]     [28/94]     your code from damaging your system environment.
00:23:39.102 [INFO]  [Creating]     [28/94]     See https://diff.blue/R011 to resolve this issue.
00:23:39.106 [INFO]  [Creating]  [8/15] com.diffblue.pov.servlets.dao.MessageDAO
00:23:39.107 [INFO]  [Creating]  [8/15]   Tests created: 0
00:23:39.107 [INFO]  [Creating]  [8/15]   Partial tests created: 7
00:23:39.107 [INFO]  [Creating] 
================================================================================
= Starting analysis for class 'com.diffblue.pov.servlets.dao.PostDAO'
================================================================================
00:23:39.107 [INFO]  [Creating] Filtering out non-testable methods...
00:23:39.107 [INFO]  [Creating] Filtering of methods complete. Creating analysis request
00:23:39.107 [INFO]  [Creating] Attempting to get service client, retry 1.
00:23:39.589 [INFO]  [Creating]     [29/94] com.diffblue.pov.servlets.dao.PostDAO.<init>
00:23:39.589 [INFO]  [Creating]     [29/94]   Partial tests created: 1
00:23:39.589 [INFO]  [Creating]     [29/94]   Reasons for partial tests:
00:23:39.589 [INFO]  [Creating]     [29/94]   R002: Missing observers
00:23:39.589 [INFO]  [Creating]     [29/94]     Diffblue Cover was unable to create an assertion.
00:23:39.589 [INFO]  [Creating]     [29/94]     There are no fields that could be asserted on.
00:23:39.810 [INFO]  [Creating]     [30/94] com.diffblue.pov.servlets.dao.PostDAO.deletePost
00:23:39.810 [INFO]  [Creating]     [30/94]   Partial tests created: 1
00:23:39.810 [INFO]  [Creating]     [30/94]   Reasons for partial tests:
00:23:39.810 [INFO]  [Creating]     [30/94]   R011: Sandboxing policy violation
00:23:39.810 [INFO]  [Creating]     [30/94]     Diffblue Cover ran code in your project that tried
00:23:39.810 [INFO]  [Creating]     [30/94]       to access the network.
00:23:39.810 [INFO]  [Creating]     [30/94]     Diffblue Cover's default sandboxing policy disallows this in order to prevent
00:23:39.810 [INFO]  [Creating]     [30/94]     your code from damaging your system environment.
00:23:39.810 [INFO]  [Creating]     [30/94]     See https://diff.blue/R011 to resolve this issue.
00:23:40.276 [INFO]  [Creating]     [31/94] com.diffblue.pov.servlets.dao.PostDAO.getAllPost
00:23:40.276 [INFO]  [Creating]     [31/94]   Partial tests created: 1
00:23:40.276 [INFO]  [Creating]     [31/94]   Reasons for partial tests:
00:23:40.276 [INFO]  [Creating]     [31/94]   R011: Sandboxing policy violation
00:23:40.276 [INFO]  [Creating]     [31/94]     Diffblue Cover ran code in your project that tried
00:23:40.276 [INFO]  [Creating]     [31/94]       to access the network.
00:23:40.276 [INFO]  [Creating]     [31/94]     Diffblue Cover's default sandboxing policy disallows this in order to prevent
00:23:40.276 [INFO]  [Creating]     [31/94]     your code from damaging your system environment.
00:23:40.276 [INFO]  [Creating]     [31/94]     See https://diff.blue/R011 to resolve this issue.
00:23:40.701 [INFO]  [Creating]     [32/94] com.diffblue.pov.servlets.dao.PostDAO.getPost
00:23:40.701 [INFO]  [Creating]     [32/94]   Partial tests created: 1
00:23:40.701 [INFO]  [Creating]     [32/94]   Reasons for partial tests:
00:23:40.701 [INFO]  [Creating]     [32/94]   R011: Sandboxing policy violation
00:23:40.702 [INFO]  [Creating]     [32/94]     Diffblue Cover ran code in your project that tried
00:23:40.702 [INFO]  [Creating]     [32/94]       to access the network.
00:23:40.702 [INFO]  [Creating]     [32/94]     Diffblue Cover's default sandboxing policy disallows this in order to prevent
00:23:40.702 [INFO]  [Creating]     [32/94]     your code from damaging your system environment.
00:23:40.702 [INFO]  [Creating]     [32/94]     See https://diff.blue/R011 to resolve this issue.
00:23:41.702 [INFO]  [Creating]     [33/94] com.diffblue.pov.servlets.dao.PostDAO.getUserPost
00:23:41.702 [INFO]  [Creating]     [33/94]   Partial tests created: 1
00:23:41.702 [INFO]  [Creating]     [33/94]   Reasons for partial tests:
00:23:41.702 [INFO]  [Creating]     [33/94]   R011: Sandboxing policy violation
00:23:41.702 [INFO]  [Creating]     [33/94]     Diffblue Cover ran code in your project that tried
00:23:41.702 [INFO]  [Creating]     [33/94]       to access the network.
00:23:41.702 [INFO]  [Creating]     [33/94]     Diffblue Cover's default sandboxing policy disallows this in order to prevent
00:23:41.702 [INFO]  [Creating]     [33/94]     your code from damaging your system environment.
00:23:41.702 [INFO]  [Creating]     [33/94]     See https://diff.blue/R011 to resolve this issue.
00:23:42.796 [INFO]  [Creating]     [34/94] com.diffblue.pov.servlets.dao.PostDAO.insertPost
00:23:42.796 [INFO]  [Creating]     [34/94]   Partial tests created: 1
00:23:42.796 [INFO]  [Creating]     [34/94]   Reasons for partial tests:
00:23:42.796 [INFO]  [Creating]     [34/94]   R011: Sandboxing policy violation
00:23:42.796 [INFO]  [Creating]     [34/94]     Diffblue Cover ran code in your project that tried
00:23:42.796 [INFO]  [Creating]     [34/94]       to access the network.
00:23:42.796 [INFO]  [Creating]     [34/94]     Diffblue Cover's default sandboxing policy disallows this in order to prevent
00:23:42.796 [INFO]  [Creating]     [34/94]     your code from damaging your system environment.
00:23:42.796 [INFO]  [Creating]     [34/94]     See https://diff.blue/R011 to resolve this issue.
00:23:43.262 [INFO]  [Creating]     [35/94] com.diffblue.pov.servlets.dao.PostDAO.updatePost
00:23:43.262 [INFO]  [Creating]     [35/94]   Tests created: 1
00:23:43.263 [INFO]  [Creating]  [9/15] com.diffblue.pov.servlets.dao.PostDAO
00:23:43.263 [INFO]  [Creating]  [9/15]   Tests created: 1
00:23:43.263 [INFO]  [Creating]  [9/15]   Partial tests created: 6
00:23:43.264 [INFO]  [Creating] 
================================================================================
= Starting analysis for class 'com.diffblue.pov.servlets.dao.UserDAO'
================================================================================
00:23:43.264 [INFO]  [Creating] Filtering out non-testable methods...
00:23:43.264 [INFO]  [Creating] Filtering of methods complete. Creating analysis request
00:23:43.264 [INFO]  [Creating] Attempting to get service client, retry 1.
00:23:43.562 [INFO]  [Creating]     [36/94] com.diffblue.pov.servlets.dao.UserDAO.<init>
00:23:43.562 [INFO]  [Creating]     [36/94]   Partial tests created: 1
00:23:43.562 [INFO]  [Creating]     [36/94]   Reasons for partial tests:
00:23:43.562 [INFO]  [Creating]     [36/94]   R002: Missing observers
00:23:43.562 [INFO]  [Creating]     [36/94]     Diffblue Cover was unable to create an assertion.
00:23:43.562 [INFO]  [Creating]     [36/94]     There are no fields that could be asserted on.
00:23:45.321 [INFO]  [Creating]     [37/94] com.diffblue.pov.servlets.dao.UserDAO.deleteUser
00:23:45.321 [INFO]  [Creating]     [37/94]   Partial tests created: 1
00:23:45.321 [INFO]  [Creating]     [37/94]   Reasons for partial tests:
00:23:45.322 [INFO]  [Creating]     [37/94]   R011: Sandboxing policy violation
00:23:45.322 [INFO]  [Creating]     [37/94]     Diffblue Cover ran code in your project that tried
00:23:45.322 [INFO]  [Creating]     [37/94]       to access the network.
00:23:45.322 [INFO]  [Creating]     [37/94]     Diffblue Cover's default sandboxing policy disallows this in order to prevent
00:23:45.322 [INFO]  [Creating]     [37/94]     your code from damaging your system environment.
00:23:45.322 [INFO]  [Creating]     [37/94]     See https://diff.blue/R011 to resolve this issue.
00:23:45.590 [INFO]  [Creating]     [38/94] com.diffblue.pov.servlets.dao.UserDAO.getUserByEmail
00:23:45.590 [INFO]  [Creating]     [38/94]   Partial tests created: 1
00:23:45.590 [INFO]  [Creating]     [38/94]   Reasons for partial tests:
00:23:45.590 [INFO]  [Creating]     [38/94]   R011: Sandboxing policy violation
00:23:45.590 [INFO]  [Creating]     [38/94]     Diffblue Cover ran code in your project that tried
00:23:45.590 [INFO]  [Creating]     [38/94]       to access the network.
00:23:45.590 [INFO]  [Creating]     [38/94]     Diffblue Cover's default sandboxing policy disallows this in order to prevent
00:23:45.590 [INFO]  [Creating]     [38/94]     your code from damaging your system environment.
00:23:45.591 [INFO]  [Creating]     [38/94]     See https://diff.blue/R011 to resolve this issue.
00:23:45.878 [INFO]  [Creating]     [39/94] com.diffblue.pov.servlets.dao.UserDAO.getUserById
00:23:45.878 [INFO]  [Creating]     [39/94]   Partial tests created: 1
00:23:45.878 [INFO]  [Creating]     [39/94]   Reasons for partial tests:
00:23:45.878 [INFO]  [Creating]     [39/94]   R011: Sandboxing policy violation
00:23:45.878 [INFO]  [Creating]     [39/94]     Diffblue Cover ran code in your project that tried
00:23:45.878 [INFO]  [Creating]     [39/94]       to access the network.
00:23:45.878 [INFO]  [Creating]     [39/94]     Diffblue Cover's default sandboxing policy disallows this in order to prevent
00:23:45.878 [INFO]  [Creating]     [39/94]     your code from damaging your system environment.
00:23:45.878 [INFO]  [Creating]     [39/94]     See https://diff.blue/R011 to resolve this issue.
00:23:46.325 [INFO]  [Creating]     [40/94] com.diffblue.pov.servlets.dao.UserDAO.getUsersForChat
00:23:46.325 [INFO]  [Creating]     [40/94]   Partial tests created: 1
00:23:46.325 [INFO]  [Creating]     [40/94]   Reasons for partial tests:
00:23:46.325 [INFO]  [Creating]     [40/94]   R011: Sandboxing policy violation
00:23:46.325 [INFO]  [Creating]     [40/94]     Diffblue Cover ran code in your project that tried
00:23:46.325 [INFO]  [Creating]     [40/94]       to access the network.
00:23:46.325 [INFO]  [Creating]     [40/94]     Diffblue Cover's default sandboxing policy disallows this in order to prevent
00:23:46.325 [INFO]  [Creating]     [40/94]     your code from damaging your system environment.
00:23:46.325 [INFO]  [Creating]     [40/94]     See https://diff.blue/R011 to resolve this issue.
00:23:47.514 [INFO]  [Creating]     [41/94] com.diffblue.pov.servlets.dao.UserDAO.login
00:23:47.514 [INFO]  [Creating]     [41/94]   Tests created: 1
00:23:48.763 [INFO]  [Creating]     [42/94] com.diffblue.pov.servlets.dao.UserDAO.register
00:23:48.763 [INFO]  [Creating]     [42/94]   Tests created: 1
00:23:50.014 [INFO]  [Creating]     [43/94] com.diffblue.pov.servlets.dao.UserDAO.updatePassword
00:23:50.014 [INFO]  [Creating]     [43/94]   Tests created: 1
00:23:50.108 [INFO]  [Creating]     [44/94] com.diffblue.pov.servlets.dao.UserDAO.updateProfile
00:23:50.108 [INFO]  [Creating]     [44/94]   Tests created: 1
00:23:50.111 [INFO]  [Creating] [10/15] com.diffblue.pov.servlets.dao.UserDAO
00:23:50.111 [INFO]  [Creating] [10/15]   Tests created: 4
00:23:50.111 [INFO]  [Creating] [10/15]   Partial tests created: 5
00:23:50.111 [INFO]  [Creating] 
================================================================================
= Starting analysis for class 'com.diffblue.pov.servlets.model.Comment'
================================================================================
00:23:50.111 [INFO]  [Creating] Filtering out non-testable methods...
00:23:50.112 [INFO]  [Creating] Filtering of methods complete. Creating analysis request
00:23:50.112 [INFO]  [Creating] Attempting to get service client, retry 1.
00:23:51.055 [INFO]  [Creating]     [45/94] com.diffblue.pov.servlets.model.Comment.<init>
00:23:51.055 [INFO]  [Creating]     [46/94] com.diffblue.pov.servlets.model.Comment.getComment
00:23:51.055 [INFO]  [Creating]     [47/94] com.diffblue.pov.servlets.model.Comment.getCommentId
00:23:51.055 [INFO]  [Creating]     [48/94] com.diffblue.pov.servlets.model.Comment.getCommentTime
00:23:51.055 [INFO]  [Creating]     [49/94] com.diffblue.pov.servlets.model.Comment.getPostId
00:23:51.055 [INFO]  [Creating]     [50/94] com.diffblue.pov.servlets.model.Comment.getUserId
00:23:51.055 [INFO]  [Creating]     [51/94] com.diffblue.pov.servlets.model.Comment.setComment
00:23:51.055 [INFO]  [Creating]     [52/94] com.diffblue.pov.servlets.model.Comment.setCommentId
00:23:51.055 [INFO]  [Creating]     [53/94] com.diffblue.pov.servlets.model.Comment.setCommentTime
00:23:51.055 [INFO]  [Creating]     [54/94] com.diffblue.pov.servlets.model.Comment.setPostId
00:23:51.055 [INFO]  [Creating]     [55/94] com.diffblue.pov.servlets.model.Comment.setUserId
00:23:51.055 [INFO]  [Creating]     [56/94] com.diffblue.pov.servlets.model.Comment.toString
00:23:51.055 [INFO]  [Creating]     [56/94]   Tests created: 1
00:23:51.056 [INFO]  [Creating] [11/15] com.diffblue.pov.servlets.model.Comment
00:23:51.056 [INFO]  [Creating] [11/15]   Tests created: 1
00:23:51.056 [INFO]  [Creating] 
================================================================================
= Starting analysis for class 'com.diffblue.pov.servlets.model.Message'
================================================================================
00:23:51.056 [INFO]  [Creating] Filtering out non-testable methods...
00:23:51.057 [INFO]  [Creating] Filtering of methods complete. Creating analysis request
00:23:51.057 [INFO]  [Creating] Attempting to get service client, retry 1.
00:23:51.730 [INFO]  [Creating]     [57/94] com.diffblue.pov.servlets.model.Message.<init>
00:23:51.730 [INFO]  [Creating]     [58/94] com.diffblue.pov.servlets.model.Message.<init>
00:23:51.730 [INFO]  [Creating]     [59/94] com.diffblue.pov.servlets.model.Message.getChat_id
00:23:51.730 [INFO]  [Creating]     [60/94] com.diffblue.pov.servlets.model.Message.getChat_time
00:23:51.730 [INFO]  [Creating]     [61/94] com.diffblue.pov.servlets.model.Message.getFrom_user
00:23:51.730 [INFO]  [Creating]     [62/94] com.diffblue.pov.servlets.model.Message.getMessage
00:23:51.730 [INFO]  [Creating]     [63/94] com.diffblue.pov.servlets.model.Message.getTo_user
00:23:51.730 [INFO]  [Creating]     [64/94] com.diffblue.pov.servlets.model.Message.setChat_id
00:23:51.730 [INFO]  [Creating]     [65/94] com.diffblue.pov.servlets.model.Message.setChat_time
00:23:51.730 [INFO]  [Creating]     [66/94] com.diffblue.pov.servlets.model.Message.setFrom_user
00:23:51.730 [INFO]  [Creating]     [67/94] com.diffblue.pov.servlets.model.Message.setMessage
00:23:51.730 [INFO]  [Creating]     [68/94] com.diffblue.pov.servlets.model.Message.setTo_user
00:23:51.730 [INFO]  [Creating]     [68/94]   Tests created: 2
00:23:51.731 [INFO]  [Creating] [12/15] com.diffblue.pov.servlets.model.Message
00:23:51.731 [INFO]  [Creating] [12/15]   Tests created: 2
00:23:51.731 [INFO]  [Creating] 
================================================================================
= Starting analysis for class 'com.diffblue.pov.servlets.model.Post'
================================================================================
00:23:51.731 [INFO]  [Creating] Filtering out non-testable methods...
00:23:51.732 [INFO]  [Creating] Filtering of methods complete. Creating analysis request
00:23:51.732 [INFO]  [Creating] Attempting to get service client, retry 1.
00:23:52.217 [INFO]  [Creating]     [69/94] com.diffblue.pov.servlets.model.Post.<init>
00:23:52.217 [INFO]  [Creating]     [70/94] com.diffblue.pov.servlets.model.Post.<init>
00:23:52.217 [INFO]  [Creating]     [71/94] com.diffblue.pov.servlets.model.Post.getBody
00:23:52.217 [INFO]  [Creating]     [72/94] com.diffblue.pov.servlets.model.Post.getPost_id
00:23:52.217 [INFO]  [Creating]     [73/94] com.diffblue.pov.servlets.model.Post.getPost_time
00:23:52.217 [INFO]  [Creating]     [74/94] com.diffblue.pov.servlets.model.Post.getUser_id
00:23:52.217 [INFO]  [Creating]     [75/94] com.diffblue.pov.servlets.model.Post.setBody
00:23:52.217 [INFO]  [Creating]     [76/94] com.diffblue.pov.servlets.model.Post.setPost_id
00:23:52.217 [INFO]  [Creating]     [77/94] com.diffblue.pov.servlets.model.Post.setPost_time
00:23:52.217 [INFO]  [Creating]     [78/94] com.diffblue.pov.servlets.model.Post.setUser_id
00:23:52.217 [INFO]  [Creating]     [78/94]   Tests created: 2
00:23:52.218 [INFO]  [Creating] [13/15] com.diffblue.pov.servlets.model.Post
00:23:52.218 [INFO]  [Creating] [13/15]   Tests created: 2
00:23:52.219 [INFO]  [Creating] 
================================================================================
= Starting analysis for class 'com.diffblue.pov.servlets.model.User'
================================================================================
00:23:52.219 [INFO]  [Creating] Filtering out non-testable methods...
00:23:52.219 [INFO]  [Creating] Filtering of methods complete. Creating analysis request
00:23:52.219 [INFO]  [Creating] Attempting to get service client, retry 1.
00:23:52.760 [INFO]  [Creating]     [79/94] com.diffblue.pov.servlets.model.User.<init>
00:23:52.761 [INFO]  [Creating]     [80/94] com.diffblue.pov.servlets.model.User.<init>
00:23:52.761 [INFO]  [Creating]     [81/94] com.diffblue.pov.servlets.model.User.getEmail
00:23:52.761 [INFO]  [Creating]     [82/94] com.diffblue.pov.servlets.model.User.getFirst_name
00:23:52.761 [INFO]  [Creating]     [83/94] com.diffblue.pov.servlets.model.User.getImage
00:23:52.761 [INFO]  [Creating]     [84/94] com.diffblue.pov.servlets.model.User.getLast_name
00:23:52.761 [INFO]  [Creating]     [85/94] com.diffblue.pov.servlets.model.User.getPassword
00:23:52.761 [INFO]  [Creating]     [86/94] com.diffblue.pov.servlets.model.User.getUser_id
00:23:52.761 [INFO]  [Creating]     [87/94] com.diffblue.pov.servlets.model.User.setEmail
00:23:52.761 [INFO]  [Creating]     [88/94] com.diffblue.pov.servlets.model.User.setFirst_name
00:23:52.761 [INFO]  [Creating]     [89/94] com.diffblue.pov.servlets.model.User.setImage
00:23:52.761 [INFO]  [Creating]     [90/94] com.diffblue.pov.servlets.model.User.setLast_name
00:23:52.761 [INFO]  [Creating]     [91/94] com.diffblue.pov.servlets.model.User.setPassword
00:23:52.761 [INFO]  [Creating]     [92/94] com.diffblue.pov.servlets.model.User.setUser_id
00:23:52.761 [INFO]  [Creating]     [92/94]   Tests created: 2
00:23:52.762 [INFO]  [Creating] [14/15] com.diffblue.pov.servlets.model.User
00:23:52.762 [INFO]  [Creating] [14/15]   Tests created: 2
00:23:52.762 [INFO]  [Creating] 
================================================================================
= Starting analysis for class 'com.diffblue.pov.servlets.util.DBConnection'
================================================================================
00:23:52.762 [INFO]  [Creating] Filtering out non-testable methods...
00:23:52.762 [INFO]  [Creating] Filtering of methods complete. Creating analysis request
00:23:52.762 [INFO]  [Creating] Attempting to get service client, retry 1.
00:23:52.821 [INFO]  [Creating]     [93/94] com.diffblue.pov.servlets.util.DBConnection.getConnection
00:23:52.821 [INFO]  [Creating]     [93/94]   R081: Exception in arrange section
00:23:52.821 [INFO]  [Creating]     [93/94]     Diffblue Cover was unable to construct an instance of the class under test using
00:23:52.821 [INFO]  [Creating]     [93/94]     com.diffblue.pov.servlets.util.DBConnection.getConnection().
00:23:52.821 [INFO]  [Creating]     [93/94]     The arrange section threw
00:23:52.821 [INFO]  [Creating]     [93/94]     java.sql.SQLNonTransientConnectionException: Could not create connection to database server.
00:23:52.822 [INFO]  [Creating]     [93/94]         at com.mysql.cj.jdbc.exceptions.SQLError.createSQLException(SQLError.java:102)
00:23:52.822 [INFO]  [Creating]     [93/94]         at com.mysql.cj.jdbc.exceptions.SQLError.createSQLException(SQLError.java:89)
00:23:52.822 [INFO]  [Creating]     [93/94]         at com.mysql.cj.jdbc.exceptions.SQLError.createSQLException(SQLError.java:81)
00:23:52.822 [INFO]  [Creating]     [93/94]         at com.mysql.cj.jdbc.exceptions.SQLError.createSQLException(SQLError.java:55)
00:23:52.822 [INFO]  [Creating]     [93/94]         at com.mysql.cj.jdbc.ConnectionImpl.connectOneTryOnly(ConnectionImpl.java:1025)
00:23:52.822 [INFO]  [Creating]     [93/94]         at com.mysql.cj.jdbc.ConnectionImpl.createNewIO(ConnectionImpl.java:833)
00:23:52.822 [INFO]  [Creating]     [93/94]         at com.mysql.cj.jdbc.ConnectionImpl.<init>(ConnectionImpl.java:420)
00:23:52.822 [INFO]  [Creating]     [93/94]         at com.mysql.cj.jdbc.ConnectionImpl.getInstance(ConnectionImpl.java:238)
00:23:52.822 [INFO]  [Creating]     [93/94]         at com.mysql.cj.jdbc.NonRegisteringDriver.connect(NonRegisteringDriver.java:180)
00:23:52.822 [INFO]  [Creating]     [93/94]         at java.sql.DriverManager.getConnection(DriverManager.java:681)
00:23:52.822 [INFO]  [Creating]     [93/94]         at java.sql.DriverManager.getConnection(DriverManager.java:229)
00:23:52.822 [INFO]  [Creating]     [93/94]     More information about the exception is provided in the support log.
00:23:52.822 [INFO]  [Creating]     [93/94]     See https://diff.blue/R081 for further troubleshooting of this issue.
00:23:52.993 [INFO]  [Creating]     [94/94] com.diffblue.pov.servlets.util.DBConnection.getInstance
00:23:52.993 [INFO]  [Creating]     [94/94]   Partial tests created: 1
00:23:52.993 [INFO]  [Creating]     [94/94]   Reasons for partial tests:
00:23:52.993 [INFO]  [Creating]     [94/94]   R011: Sandboxing policy violation
00:23:52.993 [INFO]  [Creating]     [94/94]     Diffblue Cover ran code in your project that tried
00:23:52.993 [INFO]  [Creating]     [94/94]       to access the network.
00:23:52.993 [INFO]  [Creating]     [94/94]     Diffblue Cover's default sandboxing policy disallows this in order to prevent
00:23:52.993 [INFO]  [Creating]     [94/94]     your code from damaging your system environment.
00:23:52.993 [INFO]  [Creating]     [94/94]     See https://diff.blue/R011 to resolve this issue.
00:23:52.994 [INFO]  [Creating] [15/15] com.diffblue.pov.servlets.util.DBConnection
00:23:52.995 [INFO]  [Creating] [15/15]   Tests created: 0
00:23:52.995 [INFO]  [Creating] [15/15]   Partial tests created: 1
00:23:53.002 [INFO]  [Reporting] 
00:23:53.002 [INFO]  [Reporting] Test creation summary for module: com.diffblue.pov:demo-java-ee-servlet
00:23:53.002 [INFO]  [Reporting] -----------------------------------------------------------------------
00:23:53.002 [INFO]  [Reporting] Total:                                              94 methods
00:23:53.002 [INFO]  [Reporting] 19 tests created for:                               60 methods
00:23:53.002 [INFO]  [Reporting] 33 partial tests created for:                       33 methods
00:23:53.002 [INFO]  [Reporting] 
00:23:53.002 [INFO]  [Reporting] No tests created for:                               34 methods
00:23:53.002 [INFO]  [Reporting]    16 R011: Sandboxing policy violation
00:23:53.002 [INFO]  [Reporting]    14 R013: No inputs found that don't throw a trivial exception
00:23:53.002 [INFO]  [Reporting]     3 R002: Missing observers
00:23:53.002 [INFO]  [Reporting]     1 R081: Exception in arrange section
00:23:53.049 [INFO]  [Validating] 
00:23:53.049 [INFO]  [Validating] Running validation command.
00:23:53.049 [INFO]  [Validating] Using default build rules as no custom rules found in any of [/Users/amishra/Developer/demo-java-ee-servlet]
00:23:53.050 [INFO]  [Validating] Attempting to invoke mvnw in working directory: /Users/amishra/Developer/demo-java-ee-servlet
00:23:53.068 [INFO]  [Validating] Attempting to invoke /opt/homebrew/bin/mvn in working directory: /Users/amishra/Developer/demo-java-ee-servlet
00:23:53.080 [INFO]  [Validating] Started "/opt/homebrew/bin/mvn -Dmaven.ext.class.path=/usr/local/bin/diffblue/cover-buildsystem-maven-spy-jar-with-dependencies.jar -Dcom.diffblue.cover.skipTests=true --batch-mode --projects=com.diffblue.pov:demo-java-ee-servlet install -Dmaven.compiler.failOnWarning=false --also-make -DskipTests -DskipITs --threads=1C"
00:23:54.062 [INFO]  [Validating] out: [INFO] Scanning for projects...
00:23:54.096 [INFO]  [Validating] out: [INFO] 
00:23:54.096 [INFO]  [Validating] out: [INFO] Using the MultiThreadedBuilder implementation with a thread count of 10
00:23:54.098 [INFO]  [Validating] out: [INFO] 
00:23:54.098 [INFO]  [Validating] out: [INFO] ---------------< com.diffblue.pov:demo-java-ee-servlet >----------------
00:23:54.098 [INFO]  [Validating] out: [INFO] Building Java EE Servlet Demo 1.0.0
00:23:54.098 [INFO]  [Validating] out: [INFO]   from pom.xml
00:23:54.098 [INFO]  [Validating] out: [INFO] --------------------------------[ war ]---------------------------------
00:23:54.454 [INFO]  [Validating] out: [INFO] 
00:23:54.454 [INFO]  [Validating] out: [INFO] --- resources:3.3.1:resources (default-resources) @ demo-java-ee-servlet ---
00:23:54.647 [INFO]  [Validating] out: [INFO] skip non existing resourceDirectory /Users/amishra/Developer/demo-java-ee-servlet/src/main/resources
00:23:54.649 [INFO]  [Validating] out: [INFO] 
00:23:54.649 [INFO]  [Validating] out: [INFO] --- compiler:3.13.0:compile (default-compile) @ demo-java-ee-servlet ---
00:23:54.862 [INFO]  [Validating] out: [INFO] Nothing to compile - all classes are up to date.
00:23:54.863 [INFO]  [Validating] out: [INFO] 
00:23:54.863 [INFO]  [Validating] out: [INFO] --- resources:3.3.1:testResources (default-testResources) @ demo-java-ee-servlet ---
00:23:54.865 [INFO]  [Validating] out: [INFO] skip non existing resourceDirectory /Users/amishra/Developer/demo-java-ee-servlet/src/test/resources
00:23:54.866 [INFO]  [Validating] out: [INFO] 
00:23:54.866 [INFO]  [Validating] out: [INFO] --- compiler:3.13.0:testCompile (default-testCompile) @ demo-java-ee-servlet ---
00:23:54.881 [INFO]  [Validating] out: [INFO] Recompiling the module because of changed source code.
00:23:54.890 [INFO]  [Validating] out: [INFO] Compiling 15 source files with javac [debug target 8] to target/test-classes
00:23:55.447 [INFO]  [Validating] out: [WARNING] bootstrap class path not set in conjunction with -source 8
00:23:55.449 [INFO]  [Validating] out: [INFO] 
00:23:55.449 [INFO]  [Validating] out: [INFO] --- surefire:3.3.0:test (default-test) @ demo-java-ee-servlet ---
00:23:55.587 [INFO]  [Validating] out: [INFO] Tests are skipped.
00:23:55.588 [INFO]  [Validating] out: [INFO] 
00:23:55.588 [INFO]  [Validating] out: [INFO] --- war:3.4.0:war (default-war) @ demo-java-ee-servlet ---
00:23:56.042 [INFO]  [Validating] out: [INFO] Packaging webapp
00:23:56.043 [INFO]  [Validating] out: [INFO] Assembling webapp [demo-java-ee-servlet] in [/Users/amishra/Developer/demo-java-ee-servlet/target/demo]
00:23:56.048 [INFO]  [Validating] out: [INFO] Processing war project
00:23:56.048 [INFO]  [Validating] out: [INFO] Copying webapp resources [/Users/amishra/Developer/demo-java-ee-servlet/src/main/webapp]
00:23:56.081 [INFO]  [Validating] out: [INFO] Building war: /Users/amishra/Developer/demo-java-ee-servlet/target/demo.war
00:23:56.177 [INFO]  [Validating] out: [INFO] 
00:23:56.177 [INFO]  [Validating] out: [INFO] --- install:3.1.2:install (default-install) @ demo-java-ee-servlet ---
00:23:56.225 [INFO]  [Validating] out: [INFO] Installing /Users/amishra/Developer/demo-java-ee-servlet/pom.xml to /Users/amishra/.m2/repository/com/diffblue/pov/demo-java-ee-servlet/1.0.0/demo-java-ee-servlet-1.0.0.pom
00:23:56.236 [INFO]  [Validating] out: [INFO] Installing /Users/amishra/Developer/demo-java-ee-servlet/target/demo.war to /Users/amishra/.m2/repository/com/diffblue/pov/demo-java-ee-servlet/1.0.0/demo-java-ee-servlet-1.0.0.war
00:23:56.294 [INFO]  [Validating] out: [INFO] ------------------------------------------------------------------------
00:23:56.294 [INFO]  [Validating] out: [INFO] BUILD SUCCESS
00:23:56.294 [INFO]  [Validating] out: [INFO] ------------------------------------------------------------------------
00:23:56.294 [INFO]  [Validating] out: [INFO] Total time:  2.243 s (Wall Clock)
00:23:56.294 [INFO]  [Validating] out: [INFO] Finished at: 2025-03-06T00:23:56Z
00:23:56.294 [INFO]  [Validating] out: [INFO] ------------------------------------------------------------------------
00:23:56.348 [INFO]  [Validating] This can take a couple of minutes.
00:23:56.349 [INFO]  [Validating] Using default build rules as no custom rules found in any of [/Users/amishra/Developer/demo-java-ee-servlet]
00:23:56.349 [INFO]  [Validating] Attempting to invoke mvnw in working directory: /Users/amishra/Developer/demo-java-ee-servlet
00:23:56.360 [INFO]  [Validating] Attempting to invoke /opt/homebrew/bin/mvn in working directory: /Users/amishra/Developer/demo-java-ee-servlet
00:23:56.364 [INFO]  [Validating] Started "/opt/homebrew/bin/mvn -Dmaven.ext.class.path=/usr/local/bin/diffblue/cover-buildsystem-maven-spy-jar-with-dependencies.jar -Dcom.diffblue.cover.skipTests=true --batch-mode --projects=com.diffblue.pov:demo-java-ee-servlet clean test"
00:23:57.298 [INFO]  [Validating] out: [INFO] Scanning for projects...
00:23:57.331 [INFO]  [Validating] out: [INFO] 
00:23:57.331 [INFO]  [Validating] out: [INFO] ---------------< com.diffblue.pov:demo-java-ee-servlet >----------------
00:23:57.331 [INFO]  [Validating] out: [INFO] Building Java EE Servlet Demo 1.0.0
00:23:57.331 [INFO]  [Validating] out: [INFO]   from pom.xml
00:23:57.331 [INFO]  [Validating] out: [INFO] --------------------------------[ war ]---------------------------------
00:23:57.597 [INFO]  [Validating] out: [INFO] 
00:23:57.597 [INFO]  [Validating] out: [INFO] --- clean:3.4.0:clean (default-clean) @ demo-java-ee-servlet ---
00:23:57.642 [INFO]  [Validating] out: [INFO] Deleting /Users/amishra/Developer/demo-java-ee-servlet/target
00:23:57.720 [INFO]  [Validating] out: [INFO] 
00:23:57.720 [INFO]  [Validating] out: [INFO] --- resources:3.3.1:resources (default-resources) @ demo-java-ee-servlet ---
00:23:57.797 [INFO]  [Validating] out: [INFO] skip non existing resourceDirectory /Users/amishra/Developer/demo-java-ee-servlet/src/main/resources
00:23:57.799 [INFO]  [Validating] out: [INFO] 
00:23:57.799 [INFO]  [Validating] out: [INFO] --- compiler:3.13.0:compile (default-compile) @ demo-java-ee-servlet ---
00:23:57.921 [INFO]  [Validating] out: [INFO] Recompiling the module because of changed source code.
00:23:57.928 [INFO]  [Validating] out: [INFO] Compiling 15 source files with javac [debug target 8] to target/classes
00:23:58.492 [INFO]  [Validating] out: [WARNING] bootstrap class path not set in conjunction with -source 8
00:23:58.493 [INFO]  [Validating] out: [INFO] 
00:23:58.493 [INFO]  [Validating] out: [INFO] --- resources:3.3.1:testResources (default-testResources) @ demo-java-ee-servlet ---
00:23:58.495 [INFO]  [Validating] out: [INFO] skip non existing resourceDirectory /Users/amishra/Developer/demo-java-ee-servlet/src/test/resources
00:23:58.497 [INFO]  [Validating] out: [INFO] 
00:23:58.497 [INFO]  [Validating] out: [INFO] --- compiler:3.13.0:testCompile (default-testCompile) @ demo-java-ee-servlet ---
00:23:58.506 [INFO]  [Validating] out: [INFO] Recompiling the module because of changed dependency.
00:23:58.509 [INFO]  [Validating] out: [INFO] Compiling 15 source files with javac [debug target 8] to target/test-classes
00:23:58.771 [INFO]  [Validating] out: [WARNING] bootstrap class path not set in conjunction with -source 8
00:23:58.772 [INFO]  [Validating] out: [INFO] 
00:23:58.772 [INFO]  [Validating] out: [INFO] --- surefire:3.3.0:test (default-test) @ demo-java-ee-servlet ---
00:23:58.910 [INFO]  [Validating] out: [INFO] Using auto detected provider org.apache.maven.surefire.junit4.JUnit4Provider
00:23:58.965 [INFO]  [Validating] out: [INFO] 
00:23:58.966 [INFO]  [Validating] out: [INFO] -------------------------------------------------------
00:23:58.966 [INFO]  [Validating] out: [INFO]  T E S T S
00:23:58.966 [INFO]  [Validating] out: [INFO] -------------------------------------------------------
00:23:59.259 [INFO]  [Validating] out: [INFO] Running com.diffblue.pov.servlets.util.DBConnectionDiffblueTest
00:23:59.306 [INFO]  [Validating] out: [WARNING] Tests run: 1, Failures: 0, Errors: 0, Skipped: 1, Time elapsed: 0.030 s -- in com.diffblue.pov.servlets.util.DBConnectionDiffblueTest
00:23:59.307 [INFO]  [Validating] out: [INFO] Running com.diffblue.pov.servlets.dao.PostDAODiffblueTest
00:23:59.390 [INFO]  [Validating] err: Loading class `com.mysql.jdbc.Driver'. This is deprecated. The new driver class is `com.mysql.cj.jdbc.Driver'. The driver is automatically registered via the SPI and manual loading of the driver class is generally unnecessary.
00:23:59.390 [INFO]  [Validating] err: com.mysql.cj.jdbc.exceptions.CommunicationsException: Communications link failure
00:23:59.390 [INFO]  [Validating] err: 
00:23:59.390 [INFO]  [Validating] err: The last packet sent successfully to the server was 0 milliseconds ago. The driver has not received any packets from the server.
00:23:59.391 [INFO]  [Validating] err: 	at com.mysql.cj.jdbc.exceptions.SQLError.createCommunicationsException(SQLError.java:165)
00:23:59.391 [INFO]  [Validating] err: 	at com.mysql.cj.jdbc.exceptions.SQLExceptionsMapping.translateException(SQLExceptionsMapping.java:55)
00:23:59.391 [INFO]  [Validating] err: 	at com.mysql.cj.jdbc.ConnectionImpl.createNewIO(ConnectionImpl.java:845)
00:23:59.391 [INFO]  [Validating] err: 	at com.mysql.cj.jdbc.ConnectionImpl.<init>(ConnectionImpl.java:420)
00:23:59.391 [INFO]  [Validating] err: 	at com.mysql.cj.jdbc.ConnectionImpl.getInstance(ConnectionImpl.java:238)
00:23:59.391 [INFO]  [Validating] err: 	at com.mysql.cj.jdbc.NonRegisteringDriver.connect(NonRegisteringDriver.java:180)
00:23:59.391 [INFO]  [Validating] err: 	at java.sql/java.sql.DriverManager.getConnection(DriverManager.java:681)
00:23:59.391 [INFO]  [Validating] err: 	at java.sql/java.sql.DriverManager.getConnection(DriverManager.java:229)
00:23:59.391 [INFO]  [Validating] err: 	at com.diffblue.pov.servlets.util.DBConnection.<init>(DBConnection.java:17)
00:23:59.391 [INFO]  [Validating] err: 	at com.diffblue.pov.servlets.util.DBConnection.getInstance(DBConnection.java:29)
00:23:59.391 [INFO]  [Validating] err: 	at com.diffblue.pov.servlets.dao.PostDAO.updatePost(PostDAO.java:79)
00:23:59.391 [INFO]  [Validating] err: 	at com.diffblue.pov.servlets.dao.PostDAODiffblueTest.testUpdatePost(PostDAODiffblueTest.java:136)
00:23:59.391 [INFO]  [Validating] err: 	at java.base/jdk.internal.reflect.NativeMethodAccessorImpl.invoke0(Native Method)
00:23:59.391 [INFO]  [Validating] err: 	at java.base/jdk.internal.reflect.NativeMethodAccessorImpl.invoke(NativeMethodAccessorImpl.java:77)
00:23:59.391 [INFO]  [Validating] err: 	at java.base/jdk.internal.reflect.DelegatingMethodAccessorImpl.invoke(DelegatingMethodAccessorImpl.java:43)
00:23:59.391 [INFO]  [Validating] err: 	at java.base/java.lang.reflect.Method.invoke(Method.java:569)
00:23:59.391 [INFO]  [Validating] err: 	at org.junit.runners.model.FrameworkMethod$1.runReflectiveCall(FrameworkMethod.java:59)
00:23:59.391 [INFO]  [Validating] err: 	at org.junit.internal.runners.model.ReflectiveCallable.run(ReflectiveCallable.java:12)
00:23:59.391 [INFO]  [Validating] err: 	at org.junit.runners.model.FrameworkMethod.invokeExplosively(FrameworkMethod.java:56)
00:23:59.391 [INFO]  [Validating] err: 	at org.junit.internal.runners.statements.InvokeMethod.evaluate(InvokeMethod.java:17)
00:23:59.391 [INFO]  [Validating] err: 	at org.junit.runners.ParentRunner$3.evaluate(ParentRunner.java:306)
00:23:59.391 [INFO]  [Validating] err: 	at org.junit.runners.BlockJUnit4ClassRunner$1.evaluate(BlockJUnit4ClassRunner.java:100)
00:23:59.391 [INFO]  [Validating] err: 	at org.junit.runners.ParentRunner.runLeaf(ParentRunner.java:366)
00:23:59.391 [INFO]  [Validating] err: 	at org.junit.runners.BlockJUnit4ClassRunner.runChild(BlockJUnit4ClassRunner.java:103)
00:23:59.391 [INFO]  [Validating] err: 	at org.junit.runners.BlockJUnit4ClassRunner.runChild(BlockJUnit4ClassRunner.java:63)
00:23:59.391 [INFO]  [Validating] err: 	at org.junit.runners.ParentRunner$4.run(ParentRunner.java:331)
00:23:59.391 [INFO]  [Validating] err: 	at org.junit.runners.ParentRunner$1.schedule(ParentRunner.java:79)
00:23:59.391 [INFO]  [Validating] err: 	at org.junit.runners.ParentRunner.runChildren(ParentRunner.java:329)
00:23:59.391 [INFO]  [Validating] err: 	at org.junit.runners.ParentRunner.access$100(ParentRunner.java:66)
00:23:59.391 [INFO]  [Validating] err: 	at org.junit.runners.ParentRunner$2.evaluate(ParentRunner.java:293)
00:23:59.391 [INFO]  [Validating] err: 	at org.junit.runners.ParentRunner$3.evaluate(ParentRunner.java:306)
00:23:59.391 [INFO]  [Validating] err: 	at org.junit.runners.ParentRunner.run(ParentRunner.java:413)
00:23:59.391 [INFO]  [Validating] err: 	at org.apache.maven.surefire.junit4.JUnit4Provider.execute(JUnit4Provider.java:316)
00:23:59.391 [INFO]  [Validating] err: 	at org.apache.maven.surefire.junit4.JUnit4Provider.executeWithRerun(JUnit4Provider.java:240)
00:23:59.391 [INFO]  [Validating] err: 	at org.apache.maven.surefire.junit4.JUnit4Provider.executeTestSet(JUnit4Provider.java:214)
00:23:59.391 [INFO]  [Validating] err: 	at org.apache.maven.surefire.junit4.JUnit4Provider.invoke(JUnit4Provider.java:155)
00:23:59.391 [INFO]  [Validating] err: 	at org.apache.maven.surefire.booter.ForkedBooter.runSuitesInProcess(ForkedBooter.java:385)
00:23:59.391 [INFO]  [Validating] err: 	at org.apache.maven.surefire.booter.ForkedBooter.execute(ForkedBooter.java:162)
00:23:59.391 [INFO]  [Validating] err: 	at org.apache.maven.surefire.booter.ForkedBooter.run(ForkedBooter.java:507)
00:23:59.391 [INFO]  [Validating] err: 	at org.apache.maven.surefire.booter.ForkedBooter.main(ForkedBooter.java:495)
00:23:59.391 [INFO]  [Validating] err: Caused by: com.mysql.cj.exceptions.CJCommunicationsException: Communications link failure
00:23:59.391 [INFO]  [Validating] err: 
00:23:59.391 [INFO]  [Validating] err: The last packet sent successfully to the server was 0 milliseconds ago. The driver has not received any packets from the server.
00:23:59.391 [INFO]  [Validating] err: 	at java.base/jdk.internal.reflect.NativeConstructorAccessorImpl.newInstance0(Native Method)
00:23:59.391 [INFO]  [Validating] err: 	at java.base/jdk.internal.reflect.NativeConstructorAccessorImpl.newInstance(NativeConstructorAccessorImpl.java:77)
00:23:59.391 [INFO]  [Validating] err: 	at java.base/jdk.internal.reflect.DelegatingConstructorAccessorImpl.newInstance(DelegatingConstructorAccessorImpl.java:45)
00:23:59.391 [INFO]  [Validating] err: 	at java.base/java.lang.reflect.Constructor.newInstanceWithCaller(Constructor.java:500)
00:23:59.391 [INFO]  [Validating] err: 	at java.base/java.lang.reflect.Constructor.newInstance(Constructor.java:481)
00:23:59.391 [INFO]  [Validating] err: 	at com.mysql.cj.exceptions.ExceptionFactory.createException(ExceptionFactory.java:52)
00:23:59.391 [INFO]  [Validating] err: 	at com.mysql.cj.exceptions.ExceptionFactory.createException(ExceptionFactory.java:95)
00:23:59.391 [INFO]  [Validating] err: 	at com.mysql.cj.exceptions.ExceptionFactory.createException(ExceptionFactory.java:140)
00:23:59.391 [INFO]  [Validating] err: 	at com.mysql.cj.exceptions.ExceptionFactory.createCommunicationsException(ExceptionFactory.java:156)
00:23:59.391 [INFO]  [Validating] err: 	at com.mysql.cj.protocol.a.NativeSocketConnection.connect(NativeSocketConnection.java:79)
00:23:59.391 [INFO]  [Validating] err: 	at com.mysql.cj.NativeSession.connect(NativeSession.java:140)
00:23:59.391 [INFO]  [Validating] err: 	at com.mysql.cj.jdbc.ConnectionImpl.connectOneTryOnly(ConnectionImpl.java:969)
00:23:59.391 [INFO]  [Validating] err: 	at com.mysql.cj.jdbc.ConnectionImpl.createNewIO(ConnectionImpl.java:833)
00:23:59.391 [INFO]  [Validating] err: 	... 37 more
00:23:59.391 [INFO]  [Validating] err: Caused by: java.net.UnknownHostException: database: nodename nor servname provided, or not known
00:23:59.391 [INFO]  [Validating] err: 	at java.base/java.net.Inet6AddressImpl.lookupAllHostAddr(Native Method)
00:23:59.391 [INFO]  [Validating] err: 	at java.base/java.net.InetAddress$PlatformNameService.lookupAllHostAddr(InetAddress.java:934)
00:23:59.391 [INFO]  [Validating] err: 	at java.base/java.net.InetAddress.getAddressesFromNameService(InetAddress.java:1543)
00:23:59.391 [INFO]  [Validating] err: 	at java.base/java.net.InetAddress$NameServiceAddresses.get(InetAddress.java:852)
00:23:59.391 [INFO]  [Validating] err: 	at java.base/java.net.InetAddress.getAllByName0(InetAddress.java:1533)
00:23:59.391 [INFO]  [Validating] err: 	at java.base/java.net.InetAddress.getAllByName(InetAddress.java:1385)
00:23:59.391 [INFO]  [Validating] err: 	at java.base/java.net.InetAddress.getAllByName(InetAddress.java:1306)
00:23:59.391 [INFO]  [Validating] err: 	at com.mysql.cj.protocol.StandardSocketFactory.connect(StandardSocketFactory.java:121)
00:23:59.391 [INFO]  [Validating] err: 	at com.mysql.cj.protocol.a.NativeSocketConnection.connect(NativeSocketConnection.java:53)
00:23:59.391 [INFO]  [Validating] err: 	... 40 more
00:23:59.405 [INFO]  [Validating] out: [WARNING] Tests run: 7, Failures: 0, Errors: 0, Skipped: 5, Time elapsed: 0.085 s -- in com.diffblue.pov.servlets.dao.PostDAODiffblueTest
00:23:59.405 [INFO]  [Validating] out: [INFO] Running com.diffblue.pov.servlets.dao.UserDAODiffblueTest
00:23:59.408 [INFO]  [Validating] err: com.mysql.cj.jdbc.exceptions.CommunicationsException: Communications link failure
00:23:59.408 [INFO]  [Validating] err: 
00:23:59.408 [INFO]  [Validating] err: The last packet sent successfully to the server was 0 milliseconds ago. The driver has not received any packets from the server.
00:23:59.408 [INFO]  [Validating] err: 	at com.mysql.cj.jdbc.exceptions.SQLError.createCommunicationsException(SQLError.java:165)
00:23:59.408 [INFO]  [Validating] err: 	at com.mysql.cj.jdbc.exceptions.SQLExceptionsMapping.translateException(SQLExceptionsMapping.java:55)
00:23:59.408 [INFO]  [Validating] err: 	at com.mysql.cj.jdbc.ConnectionImpl.createNewIO(ConnectionImpl.java:845)
00:23:59.408 [INFO]  [Validating] err: 	at com.mysql.cj.jdbc.ConnectionImpl.<init>(ConnectionImpl.java:420)
00:23:59.408 [INFO]  [Validating] err: 	at com.mysql.cj.jdbc.ConnectionImpl.getInstance(ConnectionImpl.java:238)
00:23:59.408 [INFO]  [Validating] err: 	at com.mysql.cj.jdbc.NonRegisteringDriver.connect(NonRegisteringDriver.java:180)
00:23:59.408 [INFO]  [Validating] err: 	at java.sql/java.sql.DriverManager.getConnection(DriverManager.java:681)
00:23:59.408 [INFO]  [Validating] err: 	at java.sql/java.sql.DriverManager.getConnection(DriverManager.java:229)
00:23:59.408 [INFO]  [Validating] err: 	at com.diffblue.pov.servlets.util.DBConnection.<init>(DBConnection.java:17)
00:23:59.408 [INFO]  [Validating] err: 	at com.diffblue.pov.servlets.util.DBConnection.getInstance(DBConnection.java:29)
00:23:59.409 [INFO]  [Validating] err: 	at com.diffblue.pov.servlets.dao.UserDAO.register(UserDAO.java:38)
00:23:59.409 [INFO]  [Validating] err: 	at com.diffblue.pov.servlets.dao.UserDAODiffblueTest.testRegister(UserDAODiffblueTest.java:41)
00:23:59.409 [INFO]  [Validating] err: 	at java.base/jdk.internal.reflect.NativeMethodAccessorImpl.invoke0(Native Method)
00:23:59.409 [INFO]  [Validating] err: 	at java.base/jdk.internal.reflect.NativeMethodAccessorImpl.invoke(NativeMethodAccessorImpl.java:77)
00:23:59.409 [INFO]  [Validating] err: 	at java.base/jdk.internal.reflect.DelegatingMethodAccessorImpl.invoke(DelegatingMethodAccessorImpl.java:43)
00:23:59.409 [INFO]  [Validating] err: 	at java.base/java.lang.reflect.Method.invoke(Method.java:569)
00:23:59.409 [INFO]  [Validating] err: 	at org.junit.runners.model.FrameworkMethod$1.runReflectiveCall(FrameworkMethod.java:59)
00:23:59.409 [INFO]  [Validating] err: 	at org.junit.internal.runners.model.ReflectiveCallable.run(ReflectiveCallable.java:12)
00:23:59.409 [INFO]  [Validating] err: 	at org.junit.runners.model.FrameworkMethod.invokeExplosively(FrameworkMethod.java:56)
00:23:59.409 [INFO]  [Validating] err: 	at org.junit.internal.runners.statements.InvokeMethod.evaluate(InvokeMethod.java:17)
00:23:59.409 [INFO]  [Validating] err: 	at org.junit.runners.ParentRunner$3.evaluate(ParentRunner.java:306)
00:23:59.409 [INFO]  [Validating] err: 	at org.junit.runners.BlockJUnit4ClassRunner$1.evaluate(BlockJUnit4ClassRunner.java:100)
00:23:59.409 [INFO]  [Validating] err: 	at org.junit.runners.ParentRunner.runLeaf(ParentRunner.java:366)
00:23:59.409 [INFO]  [Validating] err: 	at org.junit.runners.BlockJUnit4ClassRunner.runChild(BlockJUnit4ClassRunner.java:103)
00:23:59.409 [INFO]  [Validating] err: 	at org.junit.runners.BlockJUnit4ClassRunner.runChild(BlockJUnit4ClassRunner.java:63)
00:23:59.409 [INFO]  [Validating] err: 	at org.junit.runners.ParentRunner$4.run(ParentRunner.java:331)
00:23:59.409 [INFO]  [Validating] err: 	at org.junit.runners.ParentRunner$1.schedule(ParentRunner.java:79)
00:23:59.409 [INFO]  [Validating] err: 	at org.junit.runners.ParentRunner.runChildren(ParentRunner.java:329)
00:23:59.409 [INFO]  [Validating] err: 	at org.junit.runners.ParentRunner.access$100(ParentRunner.java:66)
00:23:59.409 [INFO]  [Validating] err: 	at org.junit.runners.ParentRunner$2.evaluate(ParentRunner.java:293)
00:23:59.409 [INFO]  [Validating] err: 	at org.junit.runners.ParentRunner$3.evaluate(ParentRunner.java:306)
00:23:59.409 [INFO]  [Validating] err: 	at org.junit.runners.ParentRunner.run(ParentRunner.java:413)
00:23:59.409 [INFO]  [Validating] err: 	at org.apache.maven.surefire.junit4.JUnit4Provider.execute(JUnit4Provider.java:316)
00:23:59.409 [INFO]  [Validating] err: 	at org.apache.maven.surefire.junit4.JUnit4Provider.executeWithRerun(JUnit4Provider.java:240)
00:23:59.409 [INFO]  [Validating] err: 	at org.apache.maven.surefire.junit4.JUnit4Provider.executeTestSet(JUnit4Provider.java:214)
00:23:59.409 [INFO]  [Validating] err: 	at org.apache.maven.surefire.junit4.JUnit4Provider.invoke(JUnit4Provider.java:155)
00:23:59.409 [INFO]  [Validating] err: 	at org.apache.maven.surefire.booter.ForkedBooter.runSuitesInProcess(ForkedBooter.java:385)
00:23:59.409 [INFO]  [Validating] err: 	at org.apache.maven.surefire.booter.ForkedBooter.execute(ForkedBooter.java:162)
00:23:59.409 [INFO]  [Validating] err: 	at org.apache.maven.surefire.booter.ForkedBooter.run(ForkedBooter.java:507)
00:23:59.409 [INFO]  [Validating] err: 	at org.apache.maven.surefire.booter.ForkedBooter.main(ForkedBooter.java:495)
00:23:59.409 [INFO]  [Validating] err: Caused by: com.mysql.cj.exceptions.CJCommunicationsException: Communications link failure
00:23:59.409 [INFO]  [Validating] err: 
00:23:59.409 [INFO]  [Validating] err: The last packet sent successfully to the server was 0 milliseconds ago. The driver has not received any packets from the server.
00:23:59.409 [INFO]  [Validating] err: 	at java.base/jdk.internal.reflect.NativeConstructorAccessorImpl.newInstance0(Native Method)
00:23:59.409 [INFO]  [Validating] err: 	at java.base/jdk.internal.reflect.NativeConstructorAccessorImpl.newInstance(NativeConstructorAccessorImpl.java:77)
00:23:59.409 [INFO]  [Validating] err: 	at java.base/jdk.internal.reflect.DelegatingConstructorAccessorImpl.newInstance(DelegatingConstructorAccessorImpl.java:45)
00:23:59.409 [INFO]  [Validating] err: 	at java.base/java.lang.reflect.Constructor.newInstanceWithCaller(Constructor.java:500)
00:23:59.409 [INFO]  [Validating] err: 	at java.base/java.lang.reflect.Constructor.newInstance(Constructor.java:481)
00:23:59.409 [INFO]  [Validating] err: 	at com.mysql.cj.exceptions.ExceptionFactory.createException(ExceptionFactory.java:52)
00:23:59.409 [INFO]  [Validating] err: 	at com.mysql.cj.exceptions.ExceptionFactory.createException(ExceptionFactory.java:95)
00:23:59.409 [INFO]  [Validating] err: 	at com.mysql.cj.exceptions.ExceptionFactory.createException(ExceptionFactory.java:140)
00:23:59.409 [INFO]  [Validating] err: 	at com.mysql.cj.exceptions.ExceptionFactory.createCommunicationsException(ExceptionFactory.java:156)
00:23:59.409 [INFO]  [Validating] err: 	at com.mysql.cj.protocol.a.NativeSocketConnection.connect(NativeSocketConnection.java:79)
00:23:59.409 [INFO]  [Validating] err: 	at com.mysql.cj.NativeSession.connect(NativeSession.java:140)
00:23:59.409 [INFO]  [Validating] err: 	at com.mysql.cj.jdbc.ConnectionImpl.connectOneTryOnly(ConnectionImpl.java:969)
00:23:59.409 [INFO]  [Validating] err: 	at com.mysql.cj.jdbc.ConnectionImpl.createNewIO(ConnectionImpl.java:833)
00:23:59.409 [INFO]  [Validating] err: 	... 37 more
00:23:59.409 [INFO]  [Validating] err: Caused by: java.net.UnknownHostException: database
00:23:59.409 [INFO]  [Validating] err: 	at java.base/java.net.InetAddress$CachedAddresses.get(InetAddress.java:801)
00:23:59.409 [INFO]  [Validating] err: 	at java.base/java.net.InetAddress.getAllByName0(InetAddress.java:1533)
00:23:59.411 [INFO]  [Validating] err: 	at java.base/java.net.InetAddress.getAllByName(InetAddress.java:1385)
00:23:59.411 [INFO]  [Validating] err: 	at java.base/java.net.InetAddress.getAllByName(InetAddress.java:1306)
00:23:59.411 [INFO]  [Validating] err: 	at com.mysql.cj.protocol.StandardSocketFactory.connect(StandardSocketFactory.java:121)
00:23:59.411 [INFO]  [Validating] err: 	at com.mysql.cj.protocol.a.NativeSocketConnection.connect(NativeSocketConnection.java:53)
00:23:59.411 [INFO]  [Validating] err: 	... 40 more
00:23:59.419 [INFO]  [Validating] err: com.mysql.cj.jdbc.exceptions.CommunicationsException: Communications link failure
00:23:59.419 [INFO]  [Validating] err: 
00:23:59.419 [INFO]  [Validating] err: The last packet sent successfully to the server was 0 milliseconds ago. The driver has not received any packets from the server.
00:23:59.419 [INFO]  [Validating] err: 	at com.mysql.cj.jdbc.exceptions.SQLError.createCommunicationsException(SQLError.java:165)
00:23:59.419 [INFO]  [Validating] err: 	at com.mysql.cj.jdbc.exceptions.SQLExceptionsMapping.translateException(SQLExceptionsMapping.java:55)
00:23:59.419 [INFO]  [Validating] err: 	at com.mysql.cj.jdbc.ConnectionImpl.createNewIO(ConnectionImpl.java:845)
00:23:59.419 [INFO]  [Validating] err: 	at com.mysql.cj.jdbc.ConnectionImpl.<init>(ConnectionImpl.java:420)
00:23:59.419 [INFO]  [Validating] err: 	at com.mysql.cj.jdbc.ConnectionImpl.getInstance(ConnectionImpl.java:238)
00:23:59.419 [INFO]  [Validating] err: 	at com.mysql.cj.jdbc.NonRegisteringDriver.connect(NonRegisteringDriver.java:180)
00:23:59.419 [INFO]  [Validating] err: 	at java.sql/java.sql.DriverManager.getConnection(DriverManager.java:681)
00:23:59.419 [INFO]  [Validating] err: 	at java.sql/java.sql.DriverManager.getConnection(DriverManager.java:229)
00:23:59.419 [INFO]  [Validating] err: 	at com.diffblue.pov.servlets.util.DBConnection.<init>(DBConnection.java:17)
00:23:59.419 [INFO]  [Validating] err: 	at com.diffblue.pov.servlets.util.DBConnection.getInstance(DBConnection.java:29)
00:23:59.419 [INFO]  [Validating] err: 	at com.diffblue.pov.servlets.dao.UserDAO.updateProfile(UserDAO.java:117)
00:23:59.419 [INFO]  [Validating] err: 	at com.diffblue.pov.servlets.dao.UserDAODiffblueTest.testUpdateProfile(UserDAODiffblueTest.java:146)
00:23:59.419 [INFO]  [Validating] err: 	at java.base/jdk.internal.reflect.NativeMethodAccessorImpl.invoke0(Native Method)
00:23:59.419 [INFO]  [Validating] err: 	at java.base/jdk.internal.reflect.NativeMethodAccessorImpl.invoke(NativeMethodAccessorImpl.java:77)
00:23:59.419 [INFO]  [Validating] err: 	at java.base/jdk.internal.reflect.DelegatingMethodAccessorImpl.invoke(DelegatingMethodAccessorImpl.java:43)
00:23:59.419 [INFO]  [Validating] err: 	at java.base/java.lang.reflect.Method.invoke(Method.java:569)
00:23:59.419 [INFO]  [Validating] err: 	at org.junit.runners.model.FrameworkMethod$1.runReflectiveCall(FrameworkMethod.java:59)
00:23:59.419 [INFO]  [Validating] err: 	at org.junit.internal.runners.model.ReflectiveCallable.run(ReflectiveCallable.java:12)
00:23:59.419 [INFO]  [Validating] err: 	at org.junit.runners.model.FrameworkMethod.invokeExplosively(FrameworkMethod.java:56)
00:23:59.419 [INFO]  [Validating] err: 	at org.junit.internal.runners.statements.InvokeMethod.evaluate(InvokeMethod.java:17)
00:23:59.419 [INFO]  [Validating] err: 	at org.junit.runners.ParentRunner$3.evaluate(ParentRunner.java:306)
00:23:59.419 [INFO]  [Validating] err: 	at org.junit.runners.BlockJUnit4ClassRunner$1.evaluate(BlockJUnit4ClassRunner.java:100)
00:23:59.419 [INFO]  [Validating] err: 	at org.junit.runners.ParentRunner.runLeaf(ParentRunner.java:366)
00:23:59.419 [INFO]  [Validating] err: 	at org.junit.runners.BlockJUnit4ClassRunner.runChild(BlockJUnit4ClassRunner.java:103)
00:23:59.419 [INFO]  [Validating] err: 	at org.junit.runners.BlockJUnit4ClassRunner.runChild(BlockJUnit4ClassRunner.java:63)
00:23:59.419 [INFO]  [Validating] err: 	at org.junit.runners.ParentRunner$4.run(ParentRunner.java:331)
00:23:59.419 [INFO]  [Validating] err: 	at org.junit.runners.ParentRunner$1.schedule(ParentRunner.java:79)
00:23:59.419 [INFO]  [Validating] err: 	at org.junit.runners.ParentRunner.runChildren(ParentRunner.java:329)
00:23:59.419 [INFO]  [Validating] err: 	at org.junit.runners.ParentRunner.access$100(ParentRunner.java:66)
00:23:59.419 [INFO]  [Validating] err: 	at org.junit.runners.ParentRunner$2.evaluate(ParentRunner.java:293)
00:23:59.419 [INFO]  [Validating] err: 	at org.junit.runners.ParentRunner$3.evaluate(ParentRunner.java:306)
00:23:59.419 [INFO]  [Validating] err: 	at org.junit.runners.ParentRunner.run(ParentRunner.java:413)
00:23:59.419 [INFO]  [Validating] err: 	at org.apache.maven.surefire.junit4.JUnit4Provider.execute(JUnit4Provider.java:316)
00:23:59.419 [INFO]  [Validating] err: 	at org.apache.maven.surefire.junit4.JUnit4Provider.executeWithRerun(JUnit4Provider.java:240)
00:23:59.419 [INFO]  [Validating] err: 	at org.apache.maven.surefire.junit4.JUnit4Provider.executeTestSet(JUnit4Provider.java:214)
00:23:59.419 [INFO]  [Validating] err: 	at org.apache.maven.surefire.junit4.JUnit4Provider.invoke(JUnit4Provider.java:155)
00:23:59.419 [INFO]  [Validating] err: 	at org.apache.maven.surefire.booter.ForkedBooter.runSuitesInProcess(ForkedBooter.java:385)
00:23:59.419 [INFO]  [Validating] err: 	at org.apache.maven.surefire.booter.ForkedBooter.execute(ForkedBooter.java:162)
00:23:59.419 [INFO]  [Validating] err: 	at org.apache.maven.surefire.booter.ForkedBooter.run(ForkedBooter.java:507)
00:23:59.419 [INFO]  [Validating] err: 	at org.apache.maven.surefire.booter.ForkedBooter.main(ForkedBooter.java:495)
00:23:59.419 [INFO]  [Validating] err: Caused by: com.mysql.cj.exceptions.CJCommunicationsException: Communications link failure
00:23:59.419 [INFO]  [Validating] err: 
00:23:59.419 [INFO]  [Validating] err: The last packet sent successfully to the server was 0 milliseconds ago. The driver has not received any packets from the server.
00:23:59.419 [INFO]  [Validating] err: 	at java.base/jdk.internal.reflect.NativeConstructorAccessorImpl.newInstance0(Native Method)
00:23:59.419 [INFO]  [Validating] err: 	at java.base/jdk.internal.reflect.NativeConstructorAccessorImpl.newInstance(NativeConstructorAccessorImpl.java:77)
00:23:59.419 [INFO]  [Validating] err: 	at java.base/jdk.internal.reflect.DelegatingConstructorAccessorImpl.newInstance(DelegatingConstructorAccessorImpl.java:45)
00:23:59.419 [INFO]  [Validating] err: 	at java.base/java.lang.reflect.Constructor.newInstanceWithCaller(Constructor.java:500)
00:23:59.419 [INFO]  [Validating] err: 	at java.base/java.lang.reflect.Constructor.newInstance(Constructor.java:481)
00:23:59.419 [INFO]  [Validating] err: 	at com.mysql.cj.exceptions.ExceptionFactory.createException(ExceptionFactory.java:52)
00:23:59.419 [INFO]  [Validating] err: 	at com.mysql.cj.exceptions.ExceptionFactory.createException(ExceptionFactory.java:95)
00:23:59.420 [INFO]  [Validating] err: 	at com.mysql.cj.exceptions.ExceptionFactory.createException(ExceptionFactory.java:140)
00:23:59.420 [INFO]  [Validating] err: 	at com.mysql.cj.exceptions.ExceptionFactory.createCommunicationsException(ExceptionFactory.java:156)
00:23:59.420 [INFO]  [Validating] err: 	at com.mysql.cj.protocol.a.NativeSocketConnection.connect(NativeSocketConnection.java:79)
00:23:59.420 [INFO]  [Validating] err: 	at com.mysql.cj.NativeSession.connect(NativeSession.java:140)
00:23:59.420 [INFO]  [Validating] err: 	at com.mysql.cj.jdbc.ConnectionImpl.connectOneTryOnly(ConnectionImpl.java:969)
00:23:59.420 [INFO]  [Validating] err: 	at com.mysql.cj.jdbc.ConnectionImpl.createNewIO(ConnectionImpl.java:833)
00:23:59.420 [INFO]  [Validating] err: 	... 37 more
00:23:59.420 [INFO]  [Validating] err: Caused by: java.net.UnknownHostException: database
00:23:59.420 [INFO]  [Validating] err: 	at java.base/java.net.InetAddress$CachedAddresses.get(InetAddress.java:801)
00:23:59.420 [INFO]  [Validating] err: 	at java.base/java.net.InetAddress.getAllByName0(InetAddress.java:1533)
00:23:59.420 [INFO]  [Validating] err: 	at java.base/java.net.InetAddress.getAllByName(InetAddress.java:1385)
00:23:59.420 [INFO]  [Validating] err: 	at java.base/java.net.InetAddress.getAllByName(InetAddress.java:1306)
00:23:59.420 [INFO]  [Validating] err: 	at com.mysql.cj.protocol.StandardSocketFactory.connect(StandardSocketFactory.java:121)
00:23:59.420 [INFO]  [Validating] err: 	at com.mysql.cj.protocol.a.NativeSocketConnection.connect(NativeSocketConnection.java:53)
00:23:59.420 [INFO]  [Validating] err: 	... 40 more
00:23:59.423 [INFO]  [Validating] err: com.mysql.cj.jdbc.exceptions.CommunicationsException: Communications link failure
00:23:59.423 [INFO]  [Validating] err: 
00:23:59.423 [INFO]  [Validating] err: The last packet sent successfully to the server was 0 milliseconds ago. The driver has not received any packets from the server.
00:23:59.423 [INFO]  [Validating] err: 	at com.mysql.cj.jdbc.exceptions.SQLError.createCommunicationsException(SQLError.java:165)
00:23:59.423 [INFO]  [Validating] err: 	at com.mysql.cj.jdbc.exceptions.SQLExceptionsMapping.translateException(SQLExceptionsMapping.java:55)
00:23:59.423 [INFO]  [Validating] err: 	at com.mysql.cj.jdbc.ConnectionImpl.createNewIO(ConnectionImpl.java:845)
00:23:59.423 [INFO]  [Validating] err: 	at com.mysql.cj.jdbc.ConnectionImpl.<init>(ConnectionImpl.java:420)
00:23:59.423 [INFO]  [Validating] err: 	at com.mysql.cj.jdbc.ConnectionImpl.getInstance(ConnectionImpl.java:238)
00:23:59.423 [INFO]  [Validating] err: 	at com.mysql.cj.jdbc.NonRegisteringDriver.connect(NonRegisteringDriver.java:180)
00:23:59.423 [INFO]  [Validating] err: 	at java.sql/java.sql.DriverManager.getConnection(DriverManager.java:681)
00:23:59.423 [INFO]  [Validating] err: 	at java.sql/java.sql.DriverManager.getConnection(DriverManager.java:229)
00:23:59.423 [INFO]  [Validating] err: 	at com.diffblue.pov.servlets.util.DBConnection.<init>(DBConnection.java:17)
00:23:59.423 [INFO]  [Validating] err: 	at com.diffblue.pov.servlets.util.DBConnection.getInstance(DBConnection.java:29)
00:23:59.423 [INFO]  [Validating] err: 	at com.diffblue.pov.servlets.dao.UserDAO.updatePassword(UserDAO.java:136)
00:23:59.423 [INFO]  [Validating] err: 	at com.diffblue.pov.servlets.dao.UserDAODiffblueTest.testUpdatePassword(UserDAODiffblueTest.java:163)
00:23:59.423 [INFO]  [Validating] err: 	at java.base/jdk.internal.reflect.NativeMethodAccessorImpl.invoke0(Native Method)
00:23:59.423 [INFO]  [Validating] err: 	at java.base/jdk.internal.reflect.NativeMethodAccessorImpl.invoke(NativeMethodAccessorImpl.java:77)
00:23:59.423 [INFO]  [Validating] err: 	at java.base/jdk.internal.reflect.DelegatingMethodAccessorImpl.invoke(DelegatingMethodAccessorImpl.java:43)
00:23:59.423 [INFO]  [Validating] err: 	at java.base/java.lang.reflect.Method.invoke(Method.java:569)
00:23:59.423 [INFO]  [Validating] err: 	at org.junit.runners.model.FrameworkMethod$1.runReflectiveCall(FrameworkMethod.java:59)
00:23:59.423 [INFO]  [Validating] err: 	at org.junit.internal.runners.model.ReflectiveCallable.run(ReflectiveCallable.java:12)
00:23:59.423 [INFO]  [Validating] err: 	at org.junit.runners.model.FrameworkMethod.invokeExplosively(FrameworkMethod.java:56)
00:23:59.423 [INFO]  [Validating] err: 	at org.junit.internal.runners.statements.InvokeMethod.evaluate(InvokeMethod.java:17)
00:23:59.423 [INFO]  [Validating] err: 	at org.junit.runners.ParentRunner$3.evaluate(ParentRunner.java:306)
00:23:59.423 [INFO]  [Validating] err: 	at org.junit.runners.BlockJUnit4ClassRunner$1.evaluate(BlockJUnit4ClassRunner.java:100)
00:23:59.423 [INFO]  [Validating] err: 	at org.junit.runners.ParentRunner.runLeaf(ParentRunner.java:366)
00:23:59.423 [INFO]  [Validating] err: 	at org.junit.runners.BlockJUnit4ClassRunner.runChild(BlockJUnit4ClassRunner.java:103)
00:23:59.423 [INFO]  [Validating] err: 	at org.junit.runners.BlockJUnit4ClassRunner.runChild(BlockJUnit4ClassRunner.java:63)
00:23:59.423 [INFO]  [Validating] err: 	at org.junit.runners.ParentRunner$4.run(ParentRunner.java:331)
00:23:59.423 [INFO]  [Validating] err: 	at org.junit.runners.ParentRunner$1.schedule(ParentRunner.java:79)
00:23:59.423 [INFO]  [Validating] err: 	at org.junit.runners.ParentRunner.runChildren(ParentRunner.java:329)
00:23:59.423 [INFO]  [Validating] err: 	at org.junit.runners.ParentRunner.access$100(ParentRunner.java:66)
00:23:59.423 [INFO]  [Validating] err: 	at org.junit.runners.ParentRunner$2.evaluate(ParentRunner.java:293)
00:23:59.423 [INFO]  [Validating] err: 	at org.junit.runners.ParentRunner$3.evaluate(ParentRunner.java:306)
00:23:59.423 [INFO]  [Validating] err: 	at org.junit.runners.ParentRunner.run(ParentRunner.java:413)
00:23:59.423 [INFO]  [Validating] err: 	at org.apache.maven.surefire.junit4.JUnit4Provider.execute(JUnit4Provider.java:316)
00:23:59.423 [INFO]  [Validating] err: 	at org.apache.maven.surefire.junit4.JUnit4Provider.executeWithRerun(JUnit4Provider.java:240)
00:23:59.423 [INFO]  [Validating] err: 	at org.apache.maven.surefire.junit4.JUnit4Provider.executeTestSet(JUnit4Provider.java:214)
00:23:59.423 [INFO]  [Validating] err: 	at org.apache.maven.surefire.junit4.JUnit4Provider.invoke(JUnit4Provider.java:155)
00:23:59.423 [INFO]  [Validating] err: 	at org.apache.maven.surefire.booter.ForkedBooter.runSuitesInProcess(ForkedBooter.java:385)
00:23:59.424 [INFO]  [Validating] err: 	at org.apache.maven.surefire.booter.ForkedBooter.execute(ForkedBooter.java:162)
00:23:59.424 [INFO]  [Validating] err: 	at org.apache.maven.surefire.booter.ForkedBooter.run(ForkedBooter.java:507)
00:23:59.424 [INFO]  [Validating] err: 	at org.apache.maven.surefire.booter.ForkedBooter.main(ForkedBooter.java:495)
00:23:59.424 [INFO]  [Validating] err: Caused by: com.mysql.cj.exceptions.CJCommunicationsException: Communications link failure
00:23:59.424 [INFO]  [Validating] err: 
00:23:59.424 [INFO]  [Validating] err: The last packet sent successfully to the server was 0 milliseconds ago. The driver has not received any packets from the server.
00:23:59.424 [INFO]  [Validating] err: 	at java.base/jdk.internal.reflect.NativeConstructorAccessorImpl.newInstance0(Native Method)
00:23:59.424 [INFO]  [Validating] err: 	at java.base/jdk.internal.reflect.NativeConstructorAccessorImpl.newInstance(NativeConstructorAccessorImpl.java:77)
00:23:59.424 [INFO]  [Validating] err: 	at java.base/jdk.internal.reflect.DelegatingConstructorAccessorImpl.newInstance(DelegatingConstructorAccessorImpl.java:45)
00:23:59.424 [INFO]  [Validating] err: 	at java.base/java.lang.reflect.Constructor.newInstanceWithCaller(Constructor.java:500)
00:23:59.424 [INFO]  [Validating] err: 	at java.base/java.lang.reflect.Constructor.newInstance(Constructor.java:481)
00:23:59.424 [INFO]  [Validating] err: 	at com.mysql.cj.exceptions.ExceptionFactory.createException(ExceptionFactory.java:52)
00:23:59.424 [INFO]  [Validating] err: 	at com.mysql.cj.exceptions.ExceptionFactory.createException(ExceptionFactory.java:95)
00:23:59.424 [INFO]  [Validating] err: 	at com.mysql.cj.exceptions.ExceptionFactory.createException(ExceptionFactory.java:140)
00:23:59.424 [INFO]  [Validating] err: 	at com.mysql.cj.exceptions.ExceptionFactory.createCommunicationsException(ExceptionFactory.java:156)
00:23:59.424 [INFO]  [Validating] err: 	at com.mysql.cj.protocol.a.NativeSocketConnection.connect(NativeSocketConnection.java:79)
00:23:59.424 [INFO]  [Validating] err: 	at com.mysql.cj.NativeSession.connect(NativeSession.java:140)
00:23:59.424 [INFO]  [Validating] err: 	at com.mysql.cj.jdbc.ConnectionImpl.connectOneTryOnly(ConnectionImpl.java:969)
00:23:59.424 [INFO]  [Validating] err: 	at com.mysql.cj.jdbc.ConnectionImpl.createNewIO(ConnectionImpl.java:833)
00:23:59.424 [INFO]  [Validating] err: 	... 37 more
00:23:59.424 [INFO]  [Validating] err: Caused by: java.net.UnknownHostException: database
00:23:59.424 [INFO]  [Validating] err: 	at java.base/java.net.InetAddress$CachedAddresses.get(InetAddress.java:801)
00:23:59.424 [INFO]  [Validating] err: 	at java.base/java.net.InetAddress.getAllByName0(InetAddress.java:1533)
00:23:59.424 [INFO]  [Validating] err: 	at java.base/java.net.InetAddress.getAllByName(InetAddress.java:1385)
00:23:59.424 [INFO]  [Validating] err: 	at java.base/java.net.InetAddress.getAllByName(InetAddress.java:1306)
00:23:59.424 [INFO]  [Validating] err: 	at com.mysql.cj.protocol.StandardSocketFactory.connect(StandardSocketFactory.java:121)
00:23:59.424 [INFO]  [Validating] err: 	at com.mysql.cj.protocol.a.NativeSocketConnection.connect(NativeSocketConnection.java:53)
00:23:59.424 [INFO]  [Validating] err: 	... 40 more
00:23:59.442 [INFO]  [Validating] out: [WARNING] Tests run: 9, Failures: 0, Errors: 0, Skipped: 4, Time elapsed: 0.019 s -- in com.diffblue.pov.servlets.dao.UserDAODiffblueTest
00:23:59.442 [INFO]  [Validating] out: [INFO] Running com.diffblue.pov.servlets.dao.MessageDAODiffblueTest
00:23:59.446 [INFO]  [Validating] out: [WARNING] Tests run: 7, Failures: 0, Errors: 0, Skipped: 6, Time elapsed: 0 s -- in com.diffblue.pov.servlets.dao.MessageDAODiffblueTest
00:23:59.446 [INFO]  [Validating] out: [INFO] Running com.diffblue.pov.servlets.controller.ProfileServletDiffblueTest
00:23:59.451 [INFO]  [Validating] out: [WARNING] Tests run: 3, Failures: 0, Errors: 0, Skipped: 2, Time elapsed: 0 s -- in com.diffblue.pov.servlets.controller.ProfileServletDiffblueTest
00:23:59.451 [INFO]  [Validating] out: [INFO] Running com.diffblue.pov.servlets.controller.MessageServletDiffblueTest
00:23:59.457 [INFO]  [Validating] out: [WARNING] Tests run: 3, Failures: 0, Errors: 0, Skipped: 2, Time elapsed: 0 s -- in com.diffblue.pov.servlets.controller.MessageServletDiffblueTest
00:23:59.457 [INFO]  [Validating] out: [INFO] Running com.diffblue.pov.servlets.controller.LogoutServletDiffblueTest
00:23:59.463 [INFO]  [Validating] out: [WARNING] Tests run: 3, Failures: 0, Errors: 0, Skipped: 2, Time elapsed: 0 s -- in com.diffblue.pov.servlets.controller.LogoutServletDiffblueTest
00:23:59.463 [INFO]  [Validating] out: [INFO] Running com.diffblue.pov.servlets.controller.ViewMessageServletDiffblueTest
00:23:59.465 [INFO]  [Validating] out: [WARNING] Tests run: 3, Failures: 0, Errors: 0, Skipped: 2, Time elapsed: 0 s -- in com.diffblue.pov.servlets.controller.ViewMessageServletDiffblueTest
00:23:59.466 [INFO]  [Validating] out: [INFO] Running com.diffblue.pov.servlets.controller.LoginServletDiffblueTest
00:23:59.468 [INFO]  [Validating] out: [WARNING] Tests run: 3, Failures: 0, Errors: 0, Skipped: 2, Time elapsed: 0.001 s -- in com.diffblue.pov.servlets.controller.LoginServletDiffblueTest
00:23:59.468 [INFO]  [Validating] out: [INFO] Running com.diffblue.pov.servlets.controller.RegisterServletDiffblueTest
00:23:59.473 [INFO]  [Validating] out: [WARNING] Tests run: 3, Failures: 0, Errors: 0, Skipped: 2, Time elapsed: 0 s -- in com.diffblue.pov.servlets.controller.RegisterServletDiffblueTest
00:23:59.473 [INFO]  [Validating] out: [INFO] Running com.diffblue.pov.servlets.controller.HomeServletDiffblueTest
00:23:59.480 [INFO]  [Validating] out: [WARNING] Tests run: 3, Failures: 0, Errors: 0, Skipped: 2, Time elapsed: 0 s -- in com.diffblue.pov.servlets.controller.HomeServletDiffblueTest
00:23:59.480 [INFO]  [Validating] out: [INFO] Running com.diffblue.pov.servlets.model.MessageDiffblueTest
00:23:59.485 [INFO]  [Validating] out: [INFO] Tests run: 2, Failures: 0, Errors: 0, Skipped: 0, Time elapsed: 0 s -- in com.diffblue.pov.servlets.model.MessageDiffblueTest
00:23:59.485 [INFO]  [Validating] out: [INFO] Running com.diffblue.pov.servlets.model.UserDiffblueTest
00:23:59.487 [INFO]  [Validating] out: [INFO] Tests run: 2, Failures: 0, Errors: 0, Skipped: 0, Time elapsed: 0 s -- in com.diffblue.pov.servlets.model.UserDiffblueTest
00:23:59.487 [INFO]  [Validating] out: [INFO] Running com.diffblue.pov.servlets.model.CommentDiffblueTest
00:23:59.753 [INFO]  [Validating] err: OpenJDK 64-Bit Server VM warning: Sharing is only supported for boot loader classes because bootstrap classpath has been appended
00:24:00.072 [INFO]  [Validating] out: [INFO] Tests run: 1, Failures: 0, Errors: 0, Skipped: 0, Time elapsed: 0.580 s -- in com.diffblue.pov.servlets.model.CommentDiffblueTest
00:24:00.072 [INFO]  [Validating] out: [INFO] Running com.diffblue.pov.servlets.model.PostDiffblueTest
00:24:00.078 [INFO]  [Validating] out: [INFO] Tests run: 2, Failures: 0, Errors: 0, Skipped: 0, Time elapsed: 0 s -- in com.diffblue.pov.servlets.model.PostDiffblueTest
00:24:00.088 [INFO]  [Validating] out: [INFO] 
00:24:00.089 [INFO]  [Validating] out: [INFO] Results:
00:24:00.089 [INFO]  [Validating] out: [INFO] 
00:24:00.089 [INFO]  [Validating] out: [WARNING] Tests run: 52, Failures: 0, Errors: 0, Skipped: 30
00:24:00.089 [INFO]  [Validating] out: [INFO] 
00:24:00.124 [INFO]  [Validating] out: [INFO] ------------------------------------------------------------------------
00:24:00.124 [INFO]  [Validating] out: [INFO] BUILD SUCCESS
00:24:00.124 [INFO]  [Validating] out: [INFO] ------------------------------------------------------------------------
00:24:00.125 [INFO]  [Validating] out: [INFO] Total time:  2.837 s
00:24:00.125 [INFO]  [Validating] out: [INFO] Finished at: 2025-03-06T00:24:00Z
00:24:00.125 [INFO]  [Validating] out: [INFO] ------------------------------------------------------------------------
00:24:00.348 [INFO]  [Validating] All 19 created tests were successfully validated.
00:24:00.368 [INFO]  [Measuring] Calculating coverage from Diffblue tests.
00:24:00.371 [INFO]  [Measuring] Using default build rules as no custom rules found in any of [/Users/amishra/Developer/demo-java-ee-servlet]
00:24:00.372 [INFO]  [Measuring] Attempting to invoke mvnw in working directory: /Users/amishra/Developer/demo-java-ee-servlet
00:24:00.380 [INFO]  [Measuring] Attempting to invoke /opt/homebrew/bin/mvn in working directory: /Users/amishra/Developer/demo-java-ee-servlet
00:24:00.399 [INFO]  [Measuring] Started "/opt/homebrew/bin/mvn -Dmaven.ext.class.path=/usr/local/bin/diffblue/cover-buildsystem-maven-spy-jar-with-dependencies.jar -Dcom.diffblue.cover.skipTests=true --batch-mode --projects=com.diffblue.pov:demo-java-ee-servlet org.jacoco:jacoco-maven-plugin:0.8.11:prepare-agent -Djacoco.skip=false test -DfailIfNoTests=false -Dsurefire.failIfNoSpecifiedTests=false -Dmaven.test.failure.ignore=True -Dtest=*DiffblueTest org.jacoco:jacoco-maven-plugin:0.8.11:report -Djacoco.skip=false"
00:24:01.336 [INFO]  [Measuring] out: [INFO] Scanning for projects...
00:24:01.425 [INFO]  [Measuring] out: [INFO] 
00:24:01.425 [INFO]  [Measuring] out: [INFO] ---------------< com.diffblue.pov:demo-java-ee-servlet >----------------
00:24:01.425 [INFO]  [Measuring] out: [INFO] Building Java EE Servlet Demo 1.0.0
00:24:01.425 [INFO]  [Measuring] out: [INFO]   from pom.xml
00:24:01.425 [INFO]  [Measuring] out: [INFO] --------------------------------[ war ]---------------------------------
00:24:01.687 [INFO]  [Measuring] out: [INFO] 
00:24:01.687 [INFO]  [Measuring] out: [INFO] --- jacoco:0.8.11:prepare-agent (default-cli) @ demo-java-ee-servlet ---
00:24:01.905 [INFO]  [Measuring] out: [INFO] argLine set to -javaagent:/Users/amishra/.m2/repository/org/jacoco/org.jacoco.agent/0.8.11/org.jacoco.agent-0.8.11-runtime.jar=destfile=/Users/amishra/Developer/demo-java-ee-servlet/target/jacoco.exec
00:24:01.906 [INFO]  [Measuring] out: [INFO] 
00:24:01.906 [INFO]  [Measuring] out: [INFO] --- resources:3.3.1:resources (default-resources) @ demo-java-ee-servlet ---
00:24:01.996 [INFO]  [Measuring] out: [INFO] skip non existing resourceDirectory /Users/amishra/Developer/demo-java-ee-servlet/src/main/resources
00:24:01.998 [INFO]  [Measuring] out: [INFO] 
00:24:01.998 [INFO]  [Measuring] out: [INFO] --- compiler:3.13.0:compile (default-compile) @ demo-java-ee-servlet ---
00:24:02.129 [INFO]  [Measuring] out: [INFO] Nothing to compile - all classes are up to date.
00:24:02.131 [INFO]  [Measuring] out: [INFO] 
00:24:02.131 [INFO]  [Measuring] out: [INFO] --- resources:3.3.1:testResources (default-testResources) @ demo-java-ee-servlet ---
00:24:02.132 [INFO]  [Measuring] out: [INFO] skip non existing resourceDirectory /Users/amishra/Developer/demo-java-ee-servlet/src/test/resources
00:24:02.133 [INFO]  [Measuring] out: [INFO] 
00:24:02.133 [INFO]  [Measuring] out: [INFO] --- compiler:3.13.0:testCompile (default-testCompile) @ demo-java-ee-servlet ---
00:24:02.149 [INFO]  [Measuring] out: [INFO] Nothing to compile - all classes are up to date.
00:24:02.151 [INFO]  [Measuring] out: [INFO] 
00:24:02.151 [INFO]  [Measuring] out: [INFO] --- surefire:3.3.0:test (default-test) @ demo-java-ee-servlet ---
00:24:02.294 [INFO]  [Measuring] out: [INFO] Using auto detected provider org.apache.maven.surefire.junit4.JUnit4Provider
00:24:02.382 [INFO]  [Measuring] out: [INFO] 
00:24:02.382 [INFO]  [Measuring] out: [INFO] -------------------------------------------------------
00:24:02.382 [INFO]  [Measuring] out: [INFO]  T E S T S
00:24:02.382 [INFO]  [Measuring] out: [INFO] -------------------------------------------------------
00:24:02.942 [INFO]  [Measuring] out: [INFO] Running com.diffblue.pov.servlets.util.DBConnectionDiffblueTest
00:24:02.983 [INFO]  [Measuring] out: [WARNING] Tests run: 1, Failures: 0, Errors: 0, Skipped: 1, Time elapsed: 0.028 s -- in com.diffblue.pov.servlets.util.DBConnectionDiffblueTest
00:24:02.984 [INFO]  [Measuring] out: [INFO] Running com.diffblue.pov.servlets.dao.PostDAODiffblueTest
00:24:03.008 [INFO]  [Measuring] err: Loading class `com.mysql.jdbc.Driver'. This is deprecated. The new driver class is `com.mysql.cj.jdbc.Driver'. The driver is automatically registered via the SPI and manual loading of the driver class is generally unnecessary.
00:24:03.203 [INFO]  [Measuring] err: com.mysql.cj.jdbc.exceptions.CommunicationsException: Communications link failure
00:24:03.203 [INFO]  [Measuring] err: 
00:24:03.203 [INFO]  [Measuring] err: The last packet sent successfully to the server was 0 milliseconds ago. The driver has not received any packets from the server.
00:24:03.203 [INFO]  [Measuring] err: 	at com.mysql.cj.jdbc.exceptions.SQLError.createCommunicationsException(SQLError.java:165)
00:24:03.203 [INFO]  [Measuring] err: 	at com.mysql.cj.jdbc.exceptions.SQLExceptionsMapping.translateException(SQLExceptionsMapping.java:55)
00:24:03.203 [INFO]  [Measuring] err: 	at com.mysql.cj.jdbc.ConnectionImpl.createNewIO(ConnectionImpl.java:845)
00:24:03.203 [INFO]  [Measuring] err: 	at com.mysql.cj.jdbc.ConnectionImpl.<init>(ConnectionImpl.java:420)
00:24:03.203 [INFO]  [Measuring] err: 	at com.mysql.cj.jdbc.ConnectionImpl.getInstance(ConnectionImpl.java:238)
00:24:03.203 [INFO]  [Measuring] err: 	at com.mysql.cj.jdbc.NonRegisteringDriver.connect(NonRegisteringDriver.java:180)
00:24:03.203 [INFO]  [Measuring] err: 	at java.sql/java.sql.DriverManager.getConnection(DriverManager.java:681)
00:24:03.203 [INFO]  [Measuring] err: 	at java.sql/java.sql.DriverManager.getConnection(DriverManager.java:229)
00:24:03.203 [INFO]  [Measuring] err: 	at com.diffblue.pov.servlets.util.DBConnection.<init>(DBConnection.java:17)
00:24:03.203 [INFO]  [Measuring] err: 	at com.diffblue.pov.servlets.util.DBConnection.getInstance(DBConnection.java:29)
00:24:03.203 [INFO]  [Measuring] err: 	at com.diffblue.pov.servlets.dao.PostDAO.updatePost(PostDAO.java:79)
00:24:03.203 [INFO]  [Measuring] err: 	at com.diffblue.pov.servlets.dao.PostDAODiffblueTest.testUpdatePost(PostDAODiffblueTest.java:136)
00:24:03.203 [INFO]  [Measuring] err: 	at java.base/jdk.internal.reflect.NativeMethodAccessorImpl.invoke0(Native Method)
00:24:03.203 [INFO]  [Measuring] err: 	at java.base/jdk.internal.reflect.NativeMethodAccessorImpl.invoke(NativeMethodAccessorImpl.java:77)
00:24:03.203 [INFO]  [Measuring] err: 	at java.base/jdk.internal.reflect.DelegatingMethodAccessorImpl.invoke(DelegatingMethodAccessorImpl.java:43)
00:24:03.203 [INFO]  [Measuring] err: 	at java.base/java.lang.reflect.Method.invoke(Method.java:569)
00:24:03.203 [INFO]  [Measuring] err: 	at org.junit.runners.model.FrameworkMethod$1.runReflectiveCall(FrameworkMethod.java:59)
00:24:03.203 [INFO]  [Measuring] err: 	at org.junit.internal.runners.model.ReflectiveCallable.run(ReflectiveCallable.java:12)
00:24:03.203 [INFO]  [Measuring] err: 	at org.junit.runners.model.FrameworkMethod.invokeExplosively(FrameworkMethod.java:56)
00:24:03.203 [INFO]  [Measuring] err: 	at org.junit.internal.runners.statements.InvokeMethod.evaluate(InvokeMethod.java:17)
00:24:03.203 [INFO]  [Measuring] err: 	at org.junit.runners.ParentRunner$3.evaluate(ParentRunner.java:306)
00:24:03.203 [INFO]  [Measuring] err: 	at org.junit.runners.BlockJUnit4ClassRunner$1.evaluate(BlockJUnit4ClassRunner.java:100)
00:24:03.203 [INFO]  [Measuring] err: 	at org.junit.runners.ParentRunner.runLeaf(ParentRunner.java:366)
00:24:03.203 [INFO]  [Measuring] err: 	at org.junit.runners.BlockJUnit4ClassRunner.runChild(BlockJUnit4ClassRunner.java:103)
00:24:03.203 [INFO]  [Measuring] err: 	at org.junit.runners.BlockJUnit4ClassRunner.runChild(BlockJUnit4ClassRunner.java:63)
00:24:03.203 [INFO]  [Measuring] err: 	at org.junit.runners.ParentRunner$4.run(ParentRunner.java:331)
00:24:03.203 [INFO]  [Measuring] err: 	at org.junit.runners.ParentRunner$1.schedule(ParentRunner.java:79)
00:24:03.203 [INFO]  [Measuring] err: 	at org.junit.runners.ParentRunner.runChildren(ParentRunner.java:329)
00:24:03.203 [INFO]  [Measuring] err: 	at org.junit.runners.ParentRunner.access$100(ParentRunner.java:66)
00:24:03.203 [INFO]  [Measuring] err: 	at org.junit.runners.ParentRunner$2.evaluate(ParentRunner.java:293)
00:24:03.203 [INFO]  [Measuring] err: 	at org.junit.runners.ParentRunner$3.evaluate(ParentRunner.java:306)
00:24:03.203 [INFO]  [Measuring] err: 	at org.junit.runners.ParentRunner.run(ParentRunner.java:413)
00:24:03.203 [INFO]  [Measuring] err: 	at org.apache.maven.surefire.junit4.JUnit4Provider.execute(JUnit4Provider.java:316)
00:24:03.203 [INFO]  [Measuring] err: 	at org.apache.maven.surefire.junit4.JUnit4Provider.executeWithRerun(JUnit4Provider.java:240)
00:24:03.203 [INFO]  [Measuring] err: 	at org.apache.maven.surefire.junit4.JUnit4Provider.executeTestSet(JUnit4Provider.java:214)
00:24:03.203 [INFO]  [Measuring] err: 	at org.apache.maven.surefire.junit4.JUnit4Provider.invoke(JUnit4Provider.java:155)
00:24:03.203 [INFO]  [Measuring] err: 	at org.apache.maven.surefire.booter.ForkedBooter.runSuitesInProcess(ForkedBooter.java:385)
00:24:03.203 [INFO]  [Measuring] err: 	at org.apache.maven.surefire.booter.ForkedBooter.execute(ForkedBooter.java:162)
00:24:03.203 [INFO]  [Measuring] err: 	at org.apache.maven.surefire.booter.ForkedBooter.run(ForkedBooter.java:507)
00:24:03.203 [INFO]  [Measuring] err: 	at org.apache.maven.surefire.booter.ForkedBooter.main(ForkedBooter.java:495)
00:24:03.203 [INFO]  [Measuring] err: Caused by: com.mysql.cj.exceptions.CJCommunicationsException: Communications link failure
00:24:03.203 [INFO]  [Measuring] err: 
00:24:03.203 [INFO]  [Measuring] err: The last packet sent successfully to the server was 0 milliseconds ago. The driver has not received any packets from the server.
00:24:03.203 [INFO]  [Measuring] err: 	at java.base/jdk.internal.reflect.NativeConstructorAccessorImpl.newInstance0(Native Method)
00:24:03.203 [INFO]  [Measuring] err: 	at java.base/jdk.internal.reflect.NativeConstructorAccessorImpl.newInstance(NativeConstructorAccessorImpl.java:77)
00:24:03.203 [INFO]  [Measuring] err: 	at java.base/jdk.internal.reflect.DelegatingConstructorAccessorImpl.newInstance(DelegatingConstructorAccessorImpl.java:45)
00:24:03.203 [INFO]  [Measuring] err: 	at java.base/java.lang.reflect.Constructor.newInstanceWithCaller(Constructor.java:500)
00:24:03.205 [INFO]  [Measuring] err: 	at java.base/java.lang.reflect.Constructor.newInstance(Constructor.java:481)
00:24:03.205 [INFO]  [Measuring] err: 	at com.mysql.cj.exceptions.ExceptionFactory.createException(ExceptionFactory.java:52)
00:24:03.205 [INFO]  [Measuring] err: 	at com.mysql.cj.exceptions.ExceptionFactory.createException(ExceptionFactory.java:95)
00:24:03.205 [INFO]  [Measuring] err: 	at com.mysql.cj.exceptions.ExceptionFactory.createException(ExceptionFactory.java:140)
00:24:03.208 [INFO]  [Measuring] err: 	at com.mysql.cj.exceptions.ExceptionFactory.createCommunicationsException(ExceptionFactory.java:156)
00:24:03.208 [INFO]  [Measuring] err: 	at com.mysql.cj.protocol.a.NativeSocketConnection.connect(NativeSocketConnection.java:79)
00:24:03.208 [INFO]  [Measuring] err: 	at com.mysql.cj.NativeSession.connect(NativeSession.java:140)
00:24:03.208 [INFO]  [Measuring] err: 	at com.mysql.cj.jdbc.ConnectionImpl.connectOneTryOnly(ConnectionImpl.java:969)
00:24:03.208 [INFO]  [Measuring] err: 	at com.mysql.cj.jdbc.ConnectionImpl.createNewIO(ConnectionImpl.java:833)
00:24:03.208 [INFO]  [Measuring] err: 	... 37 more
00:24:03.208 [INFO]  [Measuring] err: Caused by: java.net.UnknownHostException: database: nodename nor servname provided, or not known
00:24:03.208 [INFO]  [Measuring] err: 	at java.base/java.net.Inet6AddressImpl.lookupAllHostAddr(Native Method)
00:24:03.208 [INFO]  [Measuring] err: 	at java.base/java.net.InetAddress$PlatformNameService.lookupAllHostAddr(InetAddress.java:934)
00:24:03.208 [INFO]  [Measuring] err: 	at java.base/java.net.InetAddress.getAddressesFromNameService(InetAddress.java:1543)
00:24:03.208 [INFO]  [Measuring] err: 	at java.base/java.net.InetAddress$NameServiceAddresses.get(InetAddress.java:852)
00:24:03.208 [INFO]  [Measuring] err: 	at java.base/java.net.InetAddress.getAllByName0(InetAddress.java:1533)
00:24:03.208 [INFO]  [Measuring] err: 	at java.base/java.net.InetAddress.getAllByName(InetAddress.java:1385)
00:24:03.208 [INFO]  [Measuring] err: 	at java.base/java.net.InetAddress.getAllByName(InetAddress.java:1306)
00:24:03.208 [INFO]  [Measuring] err: 	at com.mysql.cj.protocol.StandardSocketFactory.connect(StandardSocketFactory.java:121)
00:24:03.208 [INFO]  [Measuring] err: 	at com.mysql.cj.protocol.a.NativeSocketConnection.connect(NativeSocketConnection.java:53)
00:24:03.208 [INFO]  [Measuring] err: 	... 40 more
00:24:03.231 [INFO]  [Measuring] out: [WARNING] Tests run: 7, Failures: 0, Errors: 0, Skipped: 5, Time elapsed: 0.226 s -- in com.diffblue.pov.servlets.dao.PostDAODiffblueTest
00:24:03.231 [INFO]  [Measuring] out: [INFO] Running com.diffblue.pov.servlets.dao.UserDAODiffblueTest
00:24:03.241 [INFO]  [Measuring] err: com.mysql.cj.jdbc.exceptions.CommunicationsException: Communications link failure
00:24:03.241 [INFO]  [Measuring] err: 
00:24:03.241 [INFO]  [Measuring] err: The last packet sent successfully to the server was 0 milliseconds ago. The driver has not received any packets from the server.
00:24:03.241 [INFO]  [Measuring] err: 	at com.mysql.cj.jdbc.exceptions.SQLError.createCommunicationsException(SQLError.java:165)
00:24:03.241 [INFO]  [Measuring] err: 	at com.mysql.cj.jdbc.exceptions.SQLExceptionsMapping.translateException(SQLExceptionsMapping.java:55)
00:24:03.241 [INFO]  [Measuring] err: 	at com.mysql.cj.jdbc.ConnectionImpl.createNewIO(ConnectionImpl.java:845)
00:24:03.241 [INFO]  [Measuring] err: 	at com.mysql.cj.jdbc.ConnectionImpl.<init>(ConnectionImpl.java:420)
00:24:03.241 [INFO]  [Measuring] err: 	at com.mysql.cj.jdbc.ConnectionImpl.getInstance(ConnectionImpl.java:238)
00:24:03.241 [INFO]  [Measuring] err: 	at com.mysql.cj.jdbc.NonRegisteringDriver.connect(NonRegisteringDriver.java:180)
00:24:03.241 [INFO]  [Measuring] err: 	at java.sql/java.sql.DriverManager.getConnection(DriverManager.java:681)
00:24:03.241 [INFO]  [Measuring] err: 	at java.sql/java.sql.DriverManager.getConnection(DriverManager.java:229)
00:24:03.241 [INFO]  [Measuring] err: 	at com.diffblue.pov.servlets.util.DBConnection.<init>(DBConnection.java:17)
00:24:03.241 [INFO]  [Measuring] err: 	at com.diffblue.pov.servlets.util.DBConnection.getInstance(DBConnection.java:29)
00:24:03.241 [INFO]  [Measuring] err: 	at com.diffblue.pov.servlets.dao.UserDAO.register(UserDAO.java:38)
00:24:03.241 [INFO]  [Measuring] err: 	at com.diffblue.pov.servlets.dao.UserDAODiffblueTest.testRegister(UserDAODiffblueTest.java:41)
00:24:03.241 [INFO]  [Measuring] err: 	at java.base/jdk.internal.reflect.NativeMethodAccessorImpl.invoke0(Native Method)
00:24:03.241 [INFO]  [Measuring] err: 	at java.base/jdk.internal.reflect.NativeMethodAccessorImpl.invoke(NativeMethodAccessorImpl.java:77)
00:24:03.241 [INFO]  [Measuring] err: 	at java.base/jdk.internal.reflect.DelegatingMethodAccessorImpl.invoke(DelegatingMethodAccessorImpl.java:43)
00:24:03.241 [INFO]  [Measuring] err: 	at java.base/java.lang.reflect.Method.invoke(Method.java:569)
00:24:03.241 [INFO]  [Measuring] err: 	at org.junit.runners.model.FrameworkMethod$1.runReflectiveCall(FrameworkMethod.java:59)
00:24:03.241 [INFO]  [Measuring] err: 	at org.junit.internal.runners.model.ReflectiveCallable.run(ReflectiveCallable.java:12)
00:24:03.241 [INFO]  [Measuring] err: 	at org.junit.runners.model.FrameworkMethod.invokeExplosively(FrameworkMethod.java:56)
00:24:03.241 [INFO]  [Measuring] err: 	at org.junit.internal.runners.statements.InvokeMethod.evaluate(InvokeMethod.java:17)
00:24:03.241 [INFO]  [Measuring] err: 	at org.junit.runners.ParentRunner$3.evaluate(ParentRunner.java:306)
00:24:03.241 [INFO]  [Measuring] err: 	at org.junit.runners.BlockJUnit4ClassRunner$1.evaluate(BlockJUnit4ClassRunner.java:100)
00:24:03.241 [INFO]  [Measuring] err: 	at org.junit.runners.ParentRunner.runLeaf(ParentRunner.java:366)
00:24:03.241 [INFO]  [Measuring] err: 	at org.junit.runners.BlockJUnit4ClassRunner.runChild(BlockJUnit4ClassRunner.java:103)
00:24:03.241 [INFO]  [Measuring] err: 	at org.junit.runners.BlockJUnit4ClassRunner.runChild(BlockJUnit4ClassRunner.java:63)
00:24:03.241 [INFO]  [Measuring] err: 	at org.junit.runners.ParentRunner$4.run(ParentRunner.java:331)
00:24:03.241 [INFO]  [Measuring] err: 	at org.junit.runners.ParentRunner$1.schedule(ParentRunner.java:79)
00:24:03.241 [INFO]  [Measuring] err: 	at org.junit.runners.ParentRunner.runChildren(ParentRunner.java:329)
00:24:03.241 [INFO]  [Measuring] err: 	at org.junit.runners.ParentRunner.access$100(ParentRunner.java:66)
00:24:03.241 [INFO]  [Measuring] err: 	at org.junit.runners.ParentRunner$2.evaluate(ParentRunner.java:293)
00:24:03.242 [INFO]  [Measuring] err: 	at org.junit.runners.ParentRunner$3.evaluate(ParentRunner.java:306)
00:24:03.242 [INFO]  [Measuring] err: 	at org.junit.runners.ParentRunner.run(ParentRunner.java:413)
00:24:03.242 [INFO]  [Measuring] err: 	at org.apache.maven.surefire.junit4.JUnit4Provider.execute(JUnit4Provider.java:316)
00:24:03.242 [INFO]  [Measuring] err: 	at org.apache.maven.surefire.junit4.JUnit4Provider.executeWithRerun(JUnit4Provider.java:240)
00:24:03.242 [INFO]  [Measuring] err: 	at org.apache.maven.surefire.junit4.JUnit4Provider.executeTestSet(JUnit4Provider.java:214)
00:24:03.242 [INFO]  [Measuring] err: 	at org.apache.maven.surefire.junit4.JUnit4Provider.invoke(JUnit4Provider.java:155)
00:24:03.242 [INFO]  [Measuring] err: 	at org.apache.maven.surefire.booter.ForkedBooter.runSuitesInProcess(ForkedBooter.java:385)
00:24:03.242 [INFO]  [Measuring] err: 	at org.apache.maven.surefire.booter.ForkedBooter.execute(ForkedBooter.java:162)
00:24:03.242 [INFO]  [Measuring] err: 	at org.apache.maven.surefire.booter.ForkedBooter.run(ForkedBooter.java:507)
00:24:03.242 [INFO]  [Measuring] err: 	at org.apache.maven.surefire.booter.ForkedBooter.main(ForkedBooter.java:495)
00:24:03.242 [INFO]  [Measuring] err: Caused by: com.mysql.cj.exceptions.CJCommunicationsException: Communications link failure
00:24:03.242 [INFO]  [Measuring] err: 
00:24:03.242 [INFO]  [Measuring] err: The last packet sent successfully to the server was 0 milliseconds ago. The driver has not received any packets from the server.
00:24:03.242 [INFO]  [Measuring] err: 	at java.base/jdk.internal.reflect.NativeConstructorAccessorImpl.newInstance0(Native Method)
00:24:03.242 [INFO]  [Measuring] err: 	at java.base/jdk.internal.reflect.NativeConstructorAccessorImpl.newInstance(NativeConstructorAccessorImpl.java:77)
00:24:03.242 [INFO]  [Measuring] err: 	at java.base/jdk.internal.reflect.DelegatingConstructorAccessorImpl.newInstance(DelegatingConstructorAccessorImpl.java:45)
00:24:03.242 [INFO]  [Measuring] err: 	at java.base/java.lang.reflect.Constructor.newInstanceWithCaller(Constructor.java:500)
00:24:03.242 [INFO]  [Measuring] err: 	at java.base/java.lang.reflect.Constructor.newInstance(Constructor.java:481)
00:24:03.242 [INFO]  [Measuring] err: 	at com.mysql.cj.exceptions.ExceptionFactory.createException(ExceptionFactory.java:52)
00:24:03.242 [INFO]  [Measuring] err: 	at com.mysql.cj.exceptions.ExceptionFactory.createException(ExceptionFactory.java:95)
00:24:03.242 [INFO]  [Measuring] err: 	at com.mysql.cj.exceptions.ExceptionFactory.createException(ExceptionFactory.java:140)
00:24:03.242 [INFO]  [Measuring] err: 	at com.mysql.cj.exceptions.ExceptionFactory.createCommunicationsException(ExceptionFactory.java:156)
00:24:03.242 [INFO]  [Measuring] err: 	at com.mysql.cj.protocol.a.NativeSocketConnection.connect(NativeSocketConnection.java:79)
00:24:03.242 [INFO]  [Measuring] err: 	at com.mysql.cj.NativeSession.connect(NativeSession.java:140)
00:24:03.242 [INFO]  [Measuring] err: 	at com.mysql.cj.jdbc.ConnectionImpl.connectOneTryOnly(ConnectionImpl.java:969)
00:24:03.242 [INFO]  [Measuring] err: 	at com.mysql.cj.jdbc.ConnectionImpl.createNewIO(ConnectionImpl.java:833)
00:24:03.242 [INFO]  [Measuring] err: 	... 37 more
00:24:03.242 [INFO]  [Measuring] err: Caused by: java.net.UnknownHostException: database
00:24:03.242 [INFO]  [Measuring] err: 	at java.base/java.net.InetAddress$CachedAddresses.get(InetAddress.java:801)
00:24:03.242 [INFO]  [Measuring] err: 	at java.base/java.net.InetAddress.getAllByName0(InetAddress.java:1533)
00:24:03.242 [INFO]  [Measuring] err: 	at java.base/java.net.InetAddress.getAllByName(InetAddress.java:1385)
00:24:03.242 [INFO]  [Measuring] err: 	at java.base/java.net.InetAddress.getAllByName(InetAddress.java:1306)
00:24:03.242 [INFO]  [Measuring] err: 	at com.mysql.cj.protocol.StandardSocketFactory.connect(StandardSocketFactory.java:121)
00:24:03.242 [INFO]  [Measuring] err: 	at com.mysql.cj.protocol.a.NativeSocketConnection.connect(NativeSocketConnection.java:53)
00:24:03.242 [INFO]  [Measuring] err: 	... 40 more
00:24:03.251 [INFO]  [Measuring] err: com.mysql.cj.jdbc.exceptions.CommunicationsException: Communications link failure
00:24:03.252 [INFO]  [Measuring] err: 
00:24:03.252 [INFO]  [Measuring] err: The last packet sent successfully to the server was 0 milliseconds ago. The driver has not received any packets from the server.
00:24:03.252 [INFO]  [Measuring] err: 	at com.mysql.cj.jdbc.exceptions.SQLError.createCommunicationsException(SQLError.java:165)
00:24:03.252 [INFO]  [Measuring] err: 	at com.mysql.cj.jdbc.exceptions.SQLExceptionsMapping.translateException(SQLExceptionsMapping.java:55)
00:24:03.252 [INFO]  [Measuring] err: 	at com.mysql.cj.jdbc.ConnectionImpl.createNewIO(ConnectionImpl.java:845)
00:24:03.252 [INFO]  [Measuring] err: 	at com.mysql.cj.jdbc.ConnectionImpl.<init>(ConnectionImpl.java:420)
00:24:03.252 [INFO]  [Measuring] err: 	at com.mysql.cj.jdbc.ConnectionImpl.getInstance(ConnectionImpl.java:238)
00:24:03.252 [INFO]  [Measuring] err: 	at com.mysql.cj.jdbc.NonRegisteringDriver.connect(NonRegisteringDriver.java:180)
00:24:03.252 [INFO]  [Measuring] err: 	at java.sql/java.sql.DriverManager.getConnection(DriverManager.java:681)
00:24:03.252 [INFO]  [Measuring] err: 	at java.sql/java.sql.DriverManager.getConnection(DriverManager.java:229)
00:24:03.252 [INFO]  [Measuring] err: 	at com.diffblue.pov.servlets.util.DBConnection.<init>(DBConnection.java:17)
00:24:03.252 [INFO]  [Measuring] err: 	at com.diffblue.pov.servlets.util.DBConnection.getInstance(DBConnection.java:29)
00:24:03.252 [INFO]  [Measuring] err: 	at com.diffblue.pov.servlets.dao.UserDAO.updateProfile(UserDAO.java:117)
00:24:03.252 [INFO]  [Measuring] err: 	at com.diffblue.pov.servlets.dao.UserDAODiffblueTest.testUpdateProfile(UserDAODiffblueTest.java:146)
00:24:03.252 [INFO]  [Measuring] err: 	at java.base/jdk.internal.reflect.NativeMethodAccessorImpl.invoke0(Native Method)
00:24:03.252 [INFO]  [Measuring] err: 	at java.base/jdk.internal.reflect.NativeMethodAccessorImpl.invoke(NativeMethodAccessorImpl.java:77)
00:24:03.252 [INFO]  [Measuring] err: 	at java.base/jdk.internal.reflect.DelegatingMethodAccessorImpl.invoke(DelegatingMethodAccessorImpl.java:43)
00:24:03.252 [INFO]  [Measuring] err: 	at java.base/java.lang.reflect.Method.invoke(Method.java:569)
00:24:03.252 [INFO]  [Measuring] err: 	at org.junit.runners.model.FrameworkMethod$1.runReflectiveCall(FrameworkMethod.java:59)
00:24:03.252 [INFO]  [Measuring] err: 	at org.junit.internal.runners.model.ReflectiveCallable.run(ReflectiveCallable.java:12)
00:24:03.252 [INFO]  [Measuring] err: 	at org.junit.runners.model.FrameworkMethod.invokeExplosively(FrameworkMethod.java:56)
00:24:03.252 [INFO]  [Measuring] err: 	at org.junit.internal.runners.statements.InvokeMethod.evaluate(InvokeMethod.java:17)
00:24:03.252 [INFO]  [Measuring] err: 	at org.junit.runners.ParentRunner$3.evaluate(ParentRunner.java:306)
00:24:03.252 [INFO]  [Measuring] err: 	at org.junit.runners.BlockJUnit4ClassRunner$1.evaluate(BlockJUnit4ClassRunner.java:100)
00:24:03.252 [INFO]  [Measuring] err: 	at org.junit.runners.ParentRunner.runLeaf(ParentRunner.java:366)
00:24:03.252 [INFO]  [Measuring] err: 	at org.junit.runners.BlockJUnit4ClassRunner.runChild(BlockJUnit4ClassRunner.java:103)
00:24:03.252 [INFO]  [Measuring] err: 	at org.junit.runners.BlockJUnit4ClassRunner.runChild(BlockJUnit4ClassRunner.java:63)
00:24:03.252 [INFO]  [Measuring] err: 	at org.junit.runners.ParentRunner$4.run(ParentRunner.java:331)
00:24:03.252 [INFO]  [Measuring] err: 	at org.junit.runners.ParentRunner$1.schedule(ParentRunner.java:79)
00:24:03.252 [INFO]  [Measuring] err: 	at org.junit.runners.ParentRunner.runChildren(ParentRunner.java:329)
00:24:03.252 [INFO]  [Measuring] err: 	at org.junit.runners.ParentRunner.access$100(ParentRunner.java:66)
00:24:03.252 [INFO]  [Measuring] err: 	at org.junit.runners.ParentRunner$2.evaluate(ParentRunner.java:293)
00:24:03.252 [INFO]  [Measuring] err: 	at org.junit.runners.ParentRunner$3.evaluate(ParentRunner.java:306)
00:24:03.252 [INFO]  [Measuring] err: 	at org.junit.runners.ParentRunner.run(ParentRunner.java:413)
00:24:03.252 [INFO]  [Measuring] err: 	at org.apache.maven.surefire.junit4.JUnit4Provider.execute(JUnit4Provider.java:316)
00:24:03.252 [INFO]  [Measuring] err: 	at org.apache.maven.surefire.junit4.JUnit4Provider.executeWithRerun(JUnit4Provider.java:240)
00:24:03.252 [INFO]  [Measuring] err: 	at org.apache.maven.surefire.junit4.JUnit4Provider.executeTestSet(JUnit4Provider.java:214)
00:24:03.252 [INFO]  [Measuring] err: 	at org.apache.maven.surefire.junit4.JUnit4Provider.invoke(JUnit4Provider.java:155)
00:24:03.253 [INFO]  [Measuring] err: 	at org.apache.maven.surefire.booter.ForkedBooter.runSuitesInProcess(ForkedBooter.java:385)
00:24:03.253 [INFO]  [Measuring] err: 	at org.apache.maven.surefire.booter.ForkedBooter.execute(ForkedBooter.java:162)
00:24:03.253 [INFO]  [Measuring] err: 	at org.apache.maven.surefire.booter.ForkedBooter.run(ForkedBooter.java:507)
00:24:03.253 [INFO]  [Measuring] err: 	at org.apache.maven.surefire.booter.ForkedBooter.main(ForkedBooter.java:495)
00:24:03.253 [INFO]  [Measuring] err: Caused by: com.mysql.cj.exceptions.CJCommunicationsException: Communications link failure
00:24:03.253 [INFO]  [Measuring] err: 
00:24:03.253 [INFO]  [Measuring] err: The last packet sent successfully to the server was 0 milliseconds ago. The driver has not received any packets from the server.
00:24:03.253 [INFO]  [Measuring] err: 	at java.base/jdk.internal.reflect.NativeConstructorAccessorImpl.newInstance0(Native Method)
00:24:03.253 [INFO]  [Measuring] err: 	at java.base/jdk.internal.reflect.NativeConstructorAccessorImpl.newInstance(NativeConstructorAccessorImpl.java:77)
00:24:03.253 [INFO]  [Measuring] err: 	at java.base/jdk.internal.reflect.DelegatingConstructorAccessorImpl.newInstance(DelegatingConstructorAccessorImpl.java:45)
00:24:03.253 [INFO]  [Measuring] err: 	at java.base/java.lang.reflect.Constructor.newInstanceWithCaller(Constructor.java:500)
00:24:03.253 [INFO]  [Measuring] err: 	at java.base/java.lang.reflect.Constructor.newInstance(Constructor.java:481)
00:24:03.253 [INFO]  [Measuring] err: 	at com.mysql.cj.exceptions.ExceptionFactory.createException(ExceptionFactory.java:52)
00:24:03.253 [INFO]  [Measuring] err: 	at com.mysql.cj.exceptions.ExceptionFactory.createException(ExceptionFactory.java:95)
00:24:03.253 [INFO]  [Measuring] err: 	at com.mysql.cj.exceptions.ExceptionFactory.createException(ExceptionFactory.java:140)
00:24:03.253 [INFO]  [Measuring] err: 	at com.mysql.cj.exceptions.ExceptionFactory.createCommunicationsException(ExceptionFactory.java:156)
00:24:03.253 [INFO]  [Measuring] err: 	at com.mysql.cj.protocol.a.NativeSocketConnection.connect(NativeSocketConnection.java:79)
00:24:03.253 [INFO]  [Measuring] err: 	at com.mysql.cj.NativeSession.connect(NativeSession.java:140)
00:24:03.253 [INFO]  [Measuring] err: 	at com.mysql.cj.jdbc.ConnectionImpl.connectOneTryOnly(ConnectionImpl.java:969)
00:24:03.253 [INFO]  [Measuring] err: 	at com.mysql.cj.jdbc.ConnectionImpl.createNewIO(ConnectionImpl.java:833)
00:24:03.253 [INFO]  [Measuring] err: 	... 37 more
00:24:03.253 [INFO]  [Measuring] err: Caused by: java.net.UnknownHostException: database
00:24:03.253 [INFO]  [Measuring] err: 	at java.base/java.net.InetAddress$CachedAddresses.get(InetAddress.java:801)
00:24:03.253 [INFO]  [Measuring] err: 	at java.base/java.net.InetAddress.getAllByName0(InetAddress.java:1533)
00:24:03.253 [INFO]  [Measuring] err: 	at java.base/java.net.InetAddress.getAllByName(InetAddress.java:1385)
00:24:03.253 [INFO]  [Measuring] err: 	at java.base/java.net.InetAddress.getAllByName(InetAddress.java:1306)
00:24:03.253 [INFO]  [Measuring] err: 	at com.mysql.cj.protocol.StandardSocketFactory.connect(StandardSocketFactory.java:121)
00:24:03.253 [INFO]  [Measuring] err: 	at com.mysql.cj.protocol.a.NativeSocketConnection.connect(NativeSocketConnection.java:53)
00:24:03.253 [INFO]  [Measuring] err: 	... 40 more
00:24:03.258 [INFO]  [Measuring] err: com.mysql.cj.jdbc.exceptions.CommunicationsException: Communications link failure
00:24:03.258 [INFO]  [Measuring] err: 
00:24:03.258 [INFO]  [Measuring] err: The last packet sent successfully to the server was 0 milliseconds ago. The driver has not received any packets from the server.
00:24:03.258 [INFO]  [Measuring] err: 	at com.mysql.cj.jdbc.exceptions.SQLError.createCommunicationsException(SQLError.java:165)
00:24:03.258 [INFO]  [Measuring] err: 	at com.mysql.cj.jdbc.exceptions.SQLExceptionsMapping.translateException(SQLExceptionsMapping.java:55)
00:24:03.258 [INFO]  [Measuring] err: 	at com.mysql.cj.jdbc.ConnectionImpl.createNewIO(ConnectionImpl.java:845)
00:24:03.258 [INFO]  [Measuring] err: 	at com.mysql.cj.jdbc.ConnectionImpl.<init>(ConnectionImpl.java:420)
00:24:03.258 [INFO]  [Measuring] err: 	at com.mysql.cj.jdbc.ConnectionImpl.getInstance(ConnectionImpl.java:238)
00:24:03.258 [INFO]  [Measuring] err: 	at com.mysql.cj.jdbc.NonRegisteringDriver.connect(NonRegisteringDriver.java:180)
00:24:03.258 [INFO]  [Measuring] err: 	at java.sql/java.sql.DriverManager.getConnection(DriverManager.java:681)
00:24:03.258 [INFO]  [Measuring] err: 	at java.sql/java.sql.DriverManager.getConnection(DriverManager.java:229)
00:24:03.258 [INFO]  [Measuring] err: 	at com.diffblue.pov.servlets.util.DBConnection.<init>(DBConnection.java:17)
00:24:03.258 [INFO]  [Measuring] err: 	at com.diffblue.pov.servlets.util.DBConnection.getInstance(DBConnection.java:29)
00:24:03.258 [INFO]  [Measuring] err: 	at com.diffblue.pov.servlets.dao.UserDAO.updatePassword(UserDAO.java:136)
00:24:03.258 [INFO]  [Measuring] err: 	at com.diffblue.pov.servlets.dao.UserDAODiffblueTest.testUpdatePassword(UserDAODiffblueTest.java:163)
00:24:03.258 [INFO]  [Measuring] err: 	at java.base/jdk.internal.reflect.NativeMethodAccessorImpl.invoke0(Native Method)
00:24:03.258 [INFO]  [Measuring] err: 	at java.base/jdk.internal.reflect.NativeMethodAccessorImpl.invoke(NativeMethodAccessorImpl.java:77)
00:24:03.258 [INFO]  [Measuring] err: 	at java.base/jdk.internal.reflect.DelegatingMethodAccessorImpl.invoke(DelegatingMethodAccessorImpl.java:43)
00:24:03.258 [INFO]  [Measuring] err: 	at java.base/java.lang.reflect.Method.invoke(Method.java:569)
00:24:03.258 [INFO]  [Measuring] err: 	at org.junit.runners.model.FrameworkMethod$1.runReflectiveCall(FrameworkMethod.java:59)
00:24:03.258 [INFO]  [Measuring] err: 	at org.junit.internal.runners.model.ReflectiveCallable.run(ReflectiveCallable.java:12)
00:24:03.258 [INFO]  [Measuring] err: 	at org.junit.runners.model.FrameworkMethod.invokeExplosively(FrameworkMethod.java:56)
00:24:03.258 [INFO]  [Measuring] err: 	at org.junit.internal.runners.statements.InvokeMethod.evaluate(InvokeMethod.java:17)
00:24:03.258 [INFO]  [Measuring] err: 	at org.junit.runners.ParentRunner$3.evaluate(ParentRunner.java:306)
00:24:03.258 [INFO]  [Measuring] err: 	at org.junit.runners.BlockJUnit4ClassRunner$1.evaluate(BlockJUnit4ClassRunner.java:100)
00:24:03.259 [INFO]  [Measuring] err: 	at org.junit.runners.ParentRunner.runLeaf(ParentRunner.java:366)
00:24:03.259 [INFO]  [Measuring] err: 	at org.junit.runners.BlockJUnit4ClassRunner.runChild(BlockJUnit4ClassRunner.java:103)
00:24:03.259 [INFO]  [Measuring] err: 	at org.junit.runners.BlockJUnit4ClassRunner.runChild(BlockJUnit4ClassRunner.java:63)
00:24:03.259 [INFO]  [Measuring] err: 	at org.junit.runners.ParentRunner$4.run(ParentRunner.java:331)
00:24:03.259 [INFO]  [Measuring] err: 	at org.junit.runners.ParentRunner$1.schedule(ParentRunner.java:79)
00:24:03.259 [INFO]  [Measuring] err: 	at org.junit.runners.ParentRunner.runChildren(ParentRunner.java:329)
00:24:03.259 [INFO]  [Measuring] err: 	at org.junit.runners.ParentRunner.access$100(ParentRunner.java:66)
00:24:03.259 [INFO]  [Measuring] err: 	at org.junit.runners.ParentRunner$2.evaluate(ParentRunner.java:293)
00:24:03.259 [INFO]  [Measuring] err: 	at org.junit.runners.ParentRunner$3.evaluate(ParentRunner.java:306)
00:24:03.259 [INFO]  [Measuring] err: 	at org.junit.runners.ParentRunner.run(ParentRunner.java:413)
00:24:03.259 [INFO]  [Measuring] err: 	at org.apache.maven.surefire.junit4.JUnit4Provider.execute(JUnit4Provider.java:316)
00:24:03.259 [INFO]  [Measuring] err: 	at org.apache.maven.surefire.junit4.JUnit4Provider.executeWithRerun(JUnit4Provider.java:240)
00:24:03.259 [INFO]  [Measuring] err: 	at org.apache.maven.surefire.junit4.JUnit4Provider.executeTestSet(JUnit4Provider.java:214)
00:24:03.259 [INFO]  [Measuring] err: 	at org.apache.maven.surefire.junit4.JUnit4Provider.invoke(JUnit4Provider.java:155)
00:24:03.259 [INFO]  [Measuring] err: 	at org.apache.maven.surefire.booter.ForkedBooter.runSuitesInProcess(ForkedBooter.java:385)
00:24:03.259 [INFO]  [Measuring] err: 	at org.apache.maven.surefire.booter.ForkedBooter.execute(ForkedBooter.java:162)
00:24:03.259 [INFO]  [Measuring] err: 	at org.apache.maven.surefire.booter.ForkedBooter.run(ForkedBooter.java:507)
00:24:03.259 [INFO]  [Measuring] err: 	at org.apache.maven.surefire.booter.ForkedBooter.main(ForkedBooter.java:495)
00:24:03.259 [INFO]  [Measuring] err: Caused by: com.mysql.cj.exceptions.CJCommunicationsException: Communications link failure
00:24:03.259 [INFO]  [Measuring] err: 
00:24:03.259 [INFO]  [Measuring] err: The last packet sent successfully to the server was 0 milliseconds ago. The driver has not received any packets from the server.
00:24:03.259 [INFO]  [Measuring] err: 	at java.base/jdk.internal.reflect.NativeConstructorAccessorImpl.newInstance0(Native Method)
00:24:03.259 [INFO]  [Measuring] err: 	at java.base/jdk.internal.reflect.NativeConstructorAccessorImpl.newInstance(NativeConstructorAccessorImpl.java:77)
00:24:03.259 [INFO]  [Measuring] err: 	at java.base/jdk.internal.reflect.DelegatingConstructorAccessorImpl.newInstance(DelegatingConstructorAccessorImpl.java:45)
00:24:03.259 [INFO]  [Measuring] err: 	at java.base/java.lang.reflect.Constructor.newInstanceWithCaller(Constructor.java:500)
00:24:03.259 [INFO]  [Measuring] err: 	at java.base/java.lang.reflect.Constructor.newInstance(Constructor.java:481)
00:24:03.259 [INFO]  [Measuring] err: 	at com.mysql.cj.exceptions.ExceptionFactory.createException(ExceptionFactory.java:52)
00:24:03.259 [INFO]  [Measuring] err: 	at com.mysql.cj.exceptions.ExceptionFactory.createException(ExceptionFactory.java:95)
00:24:03.259 [INFO]  [Measuring] err: 	at com.mysql.cj.exceptions.ExceptionFactory.createException(ExceptionFactory.java:140)
00:24:03.259 [INFO]  [Measuring] err: 	at com.mysql.cj.exceptions.ExceptionFactory.createCommunicationsException(ExceptionFactory.java:156)
00:24:03.259 [INFO]  [Measuring] err: 	at com.mysql.cj.protocol.a.NativeSocketConnection.connect(NativeSocketConnection.java:79)
00:24:03.259 [INFO]  [Measuring] err: 	at com.mysql.cj.NativeSession.connect(NativeSession.java:140)
00:24:03.259 [INFO]  [Measuring] err: 	at com.mysql.cj.jdbc.ConnectionImpl.connectOneTryOnly(ConnectionImpl.java:969)
00:24:03.259 [INFO]  [Measuring] err: 	at com.mysql.cj.jdbc.ConnectionImpl.createNewIO(ConnectionImpl.java:833)
00:24:03.259 [INFO]  [Measuring] err: 	... 37 more
00:24:03.259 [INFO]  [Measuring] err: Caused by: java.net.UnknownHostException: database
00:24:03.259 [INFO]  [Measuring] err: 	at java.base/java.net.InetAddress$CachedAddresses.get(InetAddress.java:801)
00:24:03.259 [INFO]  [Measuring] err: 	at java.base/java.net.InetAddress.getAllByName0(InetAddress.java:1533)
00:24:03.259 [INFO]  [Measuring] err: 	at java.base/java.net.InetAddress.getAllByName(InetAddress.java:1385)
00:24:03.259 [INFO]  [Measuring] err: 	at java.base/java.net.InetAddress.getAllByName(InetAddress.java:1306)
00:24:03.259 [INFO]  [Measuring] err: 	at com.mysql.cj.protocol.StandardSocketFactory.connect(StandardSocketFactory.java:121)
00:24:03.259 [INFO]  [Measuring] err: 	at com.mysql.cj.protocol.a.NativeSocketConnection.connect(NativeSocketConnection.java:53)
00:24:03.259 [INFO]  [Measuring] err: 	... 40 more
00:24:03.273 [INFO]  [Measuring] out: [WARNING] Tests run: 9, Failures: 0, Errors: 0, Skipped: 4, Time elapsed: 0.028 s -- in com.diffblue.pov.servlets.dao.UserDAODiffblueTest
00:24:03.273 [INFO]  [Measuring] out: [INFO] Running com.diffblue.pov.servlets.dao.MessageDAODiffblueTest
00:24:03.277 [INFO]  [Measuring] out: [WARNING] Tests run: 7, Failures: 0, Errors: 0, Skipped: 6, Time elapsed: 0 s -- in com.diffblue.pov.servlets.dao.MessageDAODiffblueTest
00:24:03.277 [INFO]  [Measuring] out: [INFO] Running com.diffblue.pov.servlets.controller.ProfileServletDiffblueTest
00:24:03.281 [INFO]  [Measuring] out: [WARNING] Tests run: 3, Failures: 0, Errors: 0, Skipped: 2, Time elapsed: 0 s -- in com.diffblue.pov.servlets.controller.ProfileServletDiffblueTest
00:24:03.281 [INFO]  [Measuring] out: [INFO] Running com.diffblue.pov.servlets.controller.MessageServletDiffblueTest
00:24:03.286 [INFO]  [Measuring] out: [WARNING] Tests run: 3, Failures: 0, Errors: 0, Skipped: 2, Time elapsed: 0.001 s -- in com.diffblue.pov.servlets.controller.MessageServletDiffblueTest
00:24:03.286 [INFO]  [Measuring] out: [INFO] Running com.diffblue.pov.servlets.controller.LogoutServletDiffblueTest
00:24:03.290 [INFO]  [Measuring] out: [WARNING] Tests run: 3, Failures: 0, Errors: 0, Skipped: 2, Time elapsed: 0 s -- in com.diffblue.pov.servlets.controller.LogoutServletDiffblueTest
00:24:03.290 [INFO]  [Measuring] out: [INFO] Running com.diffblue.pov.servlets.controller.ViewMessageServletDiffblueTest
00:24:03.295 [INFO]  [Measuring] out: [WARNING] Tests run: 3, Failures: 0, Errors: 0, Skipped: 2, Time elapsed: 0 s -- in com.diffblue.pov.servlets.controller.ViewMessageServletDiffblueTest
00:24:03.296 [INFO]  [Measuring] out: [INFO] Running com.diffblue.pov.servlets.controller.LoginServletDiffblueTest
00:24:03.300 [INFO]  [Measuring] out: [WARNING] Tests run: 3, Failures: 0, Errors: 0, Skipped: 2, Time elapsed: 0.001 s -- in com.diffblue.pov.servlets.controller.LoginServletDiffblueTest
00:24:03.300 [INFO]  [Measuring] out: [INFO] Running com.diffblue.pov.servlets.controller.RegisterServletDiffblueTest
00:24:03.307 [INFO]  [Measuring] out: [WARNING] Tests run: 3, Failures: 0, Errors: 0, Skipped: 2, Time elapsed: 0.001 s -- in com.diffblue.pov.servlets.controller.RegisterServletDiffblueTest
00:24:03.307 [INFO]  [Measuring] out: [INFO] Running com.diffblue.pov.servlets.controller.HomeServletDiffblueTest
00:24:03.314 [INFO]  [Measuring] out: [WARNING] Tests run: 3, Failures: 0, Errors: 0, Skipped: 2, Time elapsed: 0 s -- in com.diffblue.pov.servlets.controller.HomeServletDiffblueTest
00:24:03.314 [INFO]  [Measuring] out: [INFO] Running com.diffblue.pov.servlets.model.MessageDiffblueTest
00:24:03.317 [INFO]  [Measuring] out: [INFO] Tests run: 2, Failures: 0, Errors: 0, Skipped: 0, Time elapsed: 0 s -- in com.diffblue.pov.servlets.model.MessageDiffblueTest
00:24:03.317 [INFO]  [Measuring] out: [INFO] Running com.diffblue.pov.servlets.model.UserDiffblueTest
00:24:03.321 [INFO]  [Measuring] out: [INFO] Tests run: 2, Failures: 0, Errors: 0, Skipped: 0, Time elapsed: 0 s -- in com.diffblue.pov.servlets.model.UserDiffblueTest
00:24:03.321 [INFO]  [Measuring] out: [INFO] Running com.diffblue.pov.servlets.model.CommentDiffblueTest
00:24:03.586 [INFO]  [Measuring] err: OpenJDK 64-Bit Server VM warning: Sharing is only supported for boot loader classes because bootstrap classpath has been appended
00:24:04.197 [INFO]  [Measuring] out: [INFO] Tests run: 1, Failures: 0, Errors: 0, Skipped: 0, Time elapsed: 0.864 s -- in com.diffblue.pov.servlets.model.CommentDiffblueTest
00:24:04.197 [INFO]  [Measuring] out: [INFO] Running com.diffblue.pov.servlets.model.PostDiffblueTest
00:24:04.210 [INFO]  [Measuring] out: [INFO] Tests run: 2, Failures: 0, Errors: 0, Skipped: 0, Time elapsed: 0 s -- in com.diffblue.pov.servlets.model.PostDiffblueTest
00:24:04.260 [INFO]  [Measuring] out: [INFO] 
00:24:04.260 [INFO]  [Measuring] out: [INFO] Results:
00:24:04.260 [INFO]  [Measuring] out: [INFO] 
00:24:04.260 [INFO]  [Measuring] out: [WARNING] Tests run: 52, Failures: 0, Errors: 0, Skipped: 30
00:24:04.260 [INFO]  [Measuring] out: [INFO] 
00:24:04.274 [INFO]  [Measuring] out: [INFO] 
00:24:04.274 [INFO]  [Measuring] out: [INFO] --- jacoco:0.8.11:report (default-cli) @ demo-java-ee-servlet ---
00:24:04.277 [INFO]  [Measuring] out: [INFO] Loading execution data file /Users/amishra/Developer/demo-java-ee-servlet/target/jacoco.exec
00:24:04.377 [INFO]  [Measuring] out: [INFO] Analyzed bundle 'Java EE Servlet Demo' with 15 classes
00:24:04.521 [INFO]  [Measuring] out: [INFO] ------------------------------------------------------------------------
00:24:04.521 [INFO]  [Measuring] out: [INFO] BUILD SUCCESS
00:24:04.521 [INFO]  [Measuring] out: [INFO] ------------------------------------------------------------------------
00:24:04.521 [INFO]  [Measuring] out: [INFO] Total time:  3.194 s
00:24:04.521 [INFO]  [Measuring] out: [INFO] Finished at: 2025-03-06T00:24:04Z
00:24:04.521 [INFO]  [Measuring] out: [INFO] ------------------------------------------------------------------------
00:24:04.606 [INFO]  [Measuring] JaCoCo report file created in /Users/amishra/Developer/demo-java-ee-servlet/.diffblue/reports/diffblue-tests-jacoco-report.xml
00:24:04.644 [INFO]  [Measuring] Calculating coverage from manual tests.
00:24:04.650 [INFO]  [Measuring] Using default build rules as no custom rules found in any of [/Users/amishra/Developer/demo-java-ee-servlet]
00:24:04.650 [INFO]  [Measuring] Attempting to invoke mvnw in working directory: /Users/amishra/Developer/demo-java-ee-servlet
00:24:04.657 [INFO]  [Measuring] Attempting to invoke /opt/homebrew/bin/mvn in working directory: /Users/amishra/Developer/demo-java-ee-servlet
00:24:04.668 [INFO]  [Measuring] Started "/opt/homebrew/bin/mvn -Dmaven.ext.class.path=/usr/local/bin/diffblue/cover-buildsystem-maven-spy-jar-with-dependencies.jar -Dcom.diffblue.cover.skipTests=true --batch-mode --projects=com.diffblue.pov:demo-java-ee-servlet org.jacoco:jacoco-maven-plugin:0.8.11:prepare-agent -Djacoco.skip=false test -DfailIfNoTests=false -Dsurefire.failIfNoSpecifiedTests=false -Dmaven.test.failure.ignore=True -Dtest=!*DiffblueTest,**/Test*.java,**/*Test.java,**/*Tests.java,**/*TestCase.java org.jacoco:jacoco-maven-plugin:0.8.11:report -Djacoco.skip=false"
00:24:05.563 [INFO]  [Measuring] out: [INFO] Scanning for projects...
00:24:05.645 [INFO]  [Measuring] out: [INFO] 
00:24:05.645 [INFO]  [Measuring] out: [INFO] ---------------< com.diffblue.pov:demo-java-ee-servlet >----------------
00:24:05.645 [INFO]  [Measuring] out: [INFO] Building Java EE Servlet Demo 1.0.0
00:24:05.645 [INFO]  [Measuring] out: [INFO]   from pom.xml
00:24:05.645 [INFO]  [Measuring] out: [INFO] --------------------------------[ war ]---------------------------------
00:24:05.929 [INFO]  [Measuring] out: [INFO] 
00:24:05.930 [INFO]  [Measuring] out: [INFO] --- jacoco:0.8.11:prepare-agent (default-cli) @ demo-java-ee-servlet ---
00:24:06.199 [INFO]  [Measuring] out: [INFO] argLine set to -javaagent:/Users/amishra/.m2/repository/org/jacoco/org.jacoco.agent/0.8.11/org.jacoco.agent-0.8.11-runtime.jar=destfile=/Users/amishra/Developer/demo-java-ee-servlet/target/jacoco.exec
00:24:06.200 [INFO]  [Measuring] out: [INFO] 
00:24:06.200 [INFO]  [Measuring] out: [INFO] --- resources:3.3.1:resources (default-resources) @ demo-java-ee-servlet ---
00:24:06.288 [INFO]  [Measuring] out: [INFO] skip non existing resourceDirectory /Users/amishra/Developer/demo-java-ee-servlet/src/main/resources
00:24:06.289 [INFO]  [Measuring] out: [INFO] 
00:24:06.289 [INFO]  [Measuring] out: [INFO] --- compiler:3.13.0:compile (default-compile) @ demo-java-ee-servlet ---
00:24:06.438 [INFO]  [Measuring] out: [INFO] Nothing to compile - all classes are up to date.
00:24:06.439 [INFO]  [Measuring] out: [INFO] 
00:24:06.439 [INFO]  [Measuring] out: [INFO] --- resources:3.3.1:testResources (default-testResources) @ demo-java-ee-servlet ---
00:24:06.441 [INFO]  [Measuring] out: [INFO] skip non existing resourceDirectory /Users/amishra/Developer/demo-java-ee-servlet/src/test/resources
00:24:06.442 [INFO]  [Measuring] out: [INFO] 
00:24:06.442 [INFO]  [Measuring] out: [INFO] --- compiler:3.13.0:testCompile (default-testCompile) @ demo-java-ee-servlet ---
00:24:06.454 [INFO]  [Measuring] out: [INFO] Nothing to compile - all classes are up to date.
00:24:06.455 [INFO]  [Measuring] out: [INFO] 
00:24:06.455 [INFO]  [Measuring] out: [INFO] --- surefire:3.3.0:test (default-test) @ demo-java-ee-servlet ---
00:24:06.630 [INFO]  [Measuring] out: [INFO] 
00:24:06.630 [INFO]  [Measuring] out: [INFO] --- jacoco:0.8.11:report (default-cli) @ demo-java-ee-servlet ---
00:24:06.634 [INFO]  [Measuring] out: [INFO] Loading execution data file /Users/amishra/Developer/demo-java-ee-servlet/target/jacoco.exec
00:24:06.727 [INFO]  [Measuring] out: [INFO] Analyzed bundle 'Java EE Servlet Demo' with 15 classes
00:24:06.837 [INFO]  [Measuring] out: [INFO] ------------------------------------------------------------------------
00:24:06.837 [INFO]  [Measuring] out: [INFO] BUILD SUCCESS
00:24:06.837 [INFO]  [Measuring] out: [INFO] ------------------------------------------------------------------------
00:24:06.839 [INFO]  [Measuring] out: [INFO] Total time:  1.285 s
00:24:06.839 [INFO]  [Measuring] out: [INFO] Finished at: 2025-03-06T00:24:06Z
00:24:06.839 [INFO]  [Measuring] out: [INFO] ------------------------------------------------------------------------
00:24:06.917 [INFO]  [Measuring] JaCoCo report file created in /Users/amishra/Developer/demo-java-ee-servlet/.diffblue/reports/manual-tests-jacoco-report.xml
00:24:06.958 [INFO]  [Measuring] 
00:24:06.981 [INFO]  [Measuring] Diffblue tests cover 128 of 611 lines to cover (20.9%)
00:24:06.989 [INFO]  [Measuring] Manual tests cover 0 of 611 lines to cover (0.0%)
00:24:07.199 [INFO]  [Reporting] Writing JSON report to /Users/amishra/Developer/demo-java-ee-servlet/.diffblue/reports/report.json
00:24:07.408 [INFO]  [Reporting] 
00:24:07.408 [INFO]  [Reporting] Log file: /Users/amishra/Developer/demo-java-ee-servlet/.diffblue/log/user-20250306T002208.log
00:24:07.409 [INFO]  [Reporting] Finished in 1m 51s
