12:27:54.205 [INFO]  [Preparing] Diffblue Cover 2025.02.02-08b2a5a-licensed
12:27:54.205 [INFO]  [Preparing] Running: dcover create --keep-partial-tests --coverage-reports
12:27:54.205 [INFO]  [Preparing] 
12:27:54.205 [INFO]  [Preparing] Command: create
12:27:54.206 [INFO]  [Preparing] Create tests for the specified package/class/method.
12:27:54.206 [INFO]  [Preparing] 
12:27:57.387 [INFO]  [Checking] Maven Using ${maven.home} of: /opt/homebrew/Cellar/maven/3.9.9.
12:27:57.389 [INFO]  [Checking] Maven Executing: /bin/sh -c cd /Users/amishra/Developer/demo-java-ee-servlet && /opt/homebrew/Cellar/maven/3.9.9/bin/mvn -B -version
12:27:57.885 [INFO]  [Checking] Standard output of build tool (Maven)
12:27:57.886 [INFO]  [Checking] > Apache Maven 3.9.9 (8e8579a9e76f7d015ee5ec7bfcdc97d260186937)
12:27:57.886 [INFO]  [Checking] > Maven home: /opt/homebrew/Cellar/maven/3.9.9/libexec
12:27:57.886 [INFO]  [Checking] > Java version: 1.8.0_442, vendor: Azul Systems, Inc., runtime: /Library/Java/JavaVirtualMachines/zulu-8.jdk/Contents/Home/jre
12:27:57.886 [INFO]  [Checking] > Default locale: en_GB, platform encoding: UTF-8
12:27:57.886 [INFO]  [Checking] > OS name: "mac os x", version: "15.3.1", arch: "aarch64", family: "mac"
12:27:57.889 [INFO]  [Checking] Using CUSTOMISABLE Build System Implementation
12:27:58.012 [INFO]  [Checking] Using default build rules as no custom rules found in any of [/Users/amishra/Developer/demo-java-ee-servlet]
12:27:58.018 [INFO]  [Checking] Attempting to invoke mvnw in working directory: /Users/amishra/Developer/demo-java-ee-servlet
12:27:58.031 [INFO]  [Checking] Attempting to invoke /opt/homebrew/bin/mvn in working directory: /Users/amishra/Developer/demo-java-ee-servlet
12:27:58.042 [INFO]  [Checking] Started "/opt/homebrew/bin/mvn -Dmaven.ext.class.path=/usr/local/bin/diffblue/cover-buildsystem-maven-spy-jar-with-dependencies.jar -Dcom.diffblue.cover.skipTests=true --batch-mode install -Dmaven.compiler.failOnWarning=false --also-make -DskipTests -DskipITs --threads=1C"
12:27:59.059 [INFO]  [Checking] out: [INFO] Scanning for projects...
12:27:59.101 [INFO]  [Checking] out: [INFO] 
12:27:59.101 [INFO]  [Checking] out: [INFO] Using the MultiThreadedBuilder implementation with a thread count of 10
12:27:59.103 [INFO]  [Checking] out: [INFO] 
12:27:59.103 [INFO]  [Checking] out: [INFO] ------------------< com.diffblue.pov:java-ee-servlet >------------------
12:27:59.103 [INFO]  [Checking] out: [INFO] Building Java EE Servlet Webapp 1.0.0
12:27:59.104 [INFO]  [Checking] out: [INFO]   from pom.xml
12:27:59.104 [INFO]  [Checking] out: [INFO] --------------------------------[ war ]---------------------------------
12:27:59.530 [INFO]  [Checking] out: [INFO] 
12:27:59.530 [INFO]  [Checking] out: [INFO] --- resources:3.3.1:resources (default-resources) @ java-ee-servlet ---
12:27:59.699 [INFO]  [Checking] out: [INFO] skip non existing resourceDirectory /Users/amishra/Developer/demo-java-ee-servlet/src/main/resources
12:27:59.702 [INFO]  [Checking] out: [INFO] 
12:27:59.702 [INFO]  [Checking] out: [INFO] --- compiler:3.13.0:compile (default-compile) @ java-ee-servlet ---
12:27:59.885 [INFO]  [Checking] out: [INFO] Nothing to compile - all classes are up to date.
12:27:59.887 [INFO]  [Checking] out: [INFO] 
12:27:59.887 [INFO]  [Checking] out: [INFO] --- resources:3.3.1:testResources (default-testResources) @ java-ee-servlet ---
12:27:59.889 [INFO]  [Checking] out: [INFO] skip non existing resourceDirectory /Users/amishra/Developer/demo-java-ee-servlet/src/test/resources
12:27:59.890 [INFO]  [Checking] out: [INFO] 
12:27:59.890 [INFO]  [Checking] out: [INFO] --- compiler:3.13.0:testCompile (default-testCompile) @ java-ee-servlet ---
12:27:59.909 [INFO]  [Checking] out: [INFO] Nothing to compile - all classes are up to date.
12:27:59.910 [INFO]  [Checking] out: [INFO] 
12:27:59.910 [INFO]  [Checking] out: [INFO] --- surefire:3.3.0:test (default-test) @ java-ee-servlet ---
12:28:00.056 [INFO]  [Checking] out: [INFO] Tests are skipped.
12:28:00.058 [INFO]  [Checking] out: [INFO] 
12:28:00.058 [INFO]  [Checking] out: [INFO] --- war:3.4.0:war (default-war) @ java-ee-servlet ---
12:28:00.445 [INFO]  [Checking] out: [INFO] Packaging webapp
12:28:00.446 [INFO]  [Checking] out: [INFO] Assembling webapp [java-ee-servlet] in [/Users/amishra/Developer/demo-java-ee-servlet/target/DemoServlet]
12:28:00.453 [INFO]  [Checking] out: [INFO] Processing war project
12:28:00.453 [INFO]  [Checking] out: [INFO] Copying webapp resources [/Users/amishra/Developer/demo-java-ee-servlet/src/main/webapp]
12:28:00.484 [INFO]  [Checking] out: [INFO] Building war: /Users/amishra/Developer/demo-java-ee-servlet/target/DemoServlet.war
12:28:00.588 [INFO]  [Checking] out: [INFO] 
12:28:00.588 [INFO]  [Checking] out: [INFO] --- install:3.1.2:install (default-install) @ java-ee-servlet ---
12:28:00.644 [INFO]  [Checking] out: [INFO] Installing /Users/amishra/Developer/demo-java-ee-servlet/pom.xml to /Users/amishra/.m2/repository/com/diffblue/pov/java-ee-servlet/1.0.0/java-ee-servlet-1.0.0.pom
12:28:00.662 [INFO]  [Checking] out: [INFO] Installing /Users/amishra/Developer/demo-java-ee-servlet/target/DemoServlet.war to /Users/amishra/.m2/repository/com/diffblue/pov/java-ee-servlet/1.0.0/java-ee-servlet-1.0.0.war
12:28:00.741 [INFO]  [Checking] out: [INFO] ------------------------------------------------------------------------
12:28:00.741 [INFO]  [Checking] out: [INFO] BUILD SUCCESS
12:28:00.741 [INFO]  [Checking] out: [INFO] ------------------------------------------------------------------------
12:28:00.741 [INFO]  [Checking] out: [INFO] Total time:  1.679 s (Wall Clock)
12:28:00.741 [INFO]  [Checking] out: [INFO] Finished at: 2025-03-06T12:28:00Z
12:28:00.741 [INFO]  [Checking] out: [INFO] ------------------------------------------------------------------------
12:28:01.144 [INFO]  [Checking] Operating System: Mac OS X aarch64 15.3.1
12:28:01.145 [INFO]  [Checking] Default charset: UTF-8
12:28:01.145 [INFO]  [Checking] Default locale: en_GB
12:28:01.145 [INFO]  [Checking] Default time zone: Europe/London
12:28:01.158 [INFO]  [Checking] Discovered modules:
12:28:01.158 [INFO]  [Checking] - com.diffblue.pov:java-ee-servlet
12:28:01.159 [INFO]  [Checking] 
12:28:01.163 [INFO]  [Checking] 
12:28:01.164 [INFO]  [Checking] [1/1] Creating tests for module: com.diffblue.pov:java-ee-servlet
12:28:01.164 [INFO]  [Checking] =================================================================
12:28:01.164 [INFO]  [Checking] 
12:28:01.164 [INFO]  [Checking] Detecting environment:
12:28:01.164 [INFO]  [Checking] ----------------------
12:28:01.219 [INFO]  [Checking] Detected Java version 1.8.0_442
12:28:01.220 [INFO]  [Checking] Maven Using ${maven.home} of: /opt/homebrew/Cellar/maven/3.9.9.
12:28:01.220 [INFO]  [Checking] Maven Executing: /bin/sh -c cd /Users/amishra/Developer/demo-java-ee-servlet && /opt/homebrew/Cellar/maven/3.9.9/bin/mvn -B -version
12:28:01.682 [INFO]  [Checking] Standard output of build tool (Maven)
12:28:01.682 [INFO]  [Checking] > Apache Maven 3.9.9 (8e8579a9e76f7d015ee5ec7bfcdc97d260186937)
12:28:01.682 [INFO]  [Checking] > Maven home: /opt/homebrew/Cellar/maven/3.9.9/libexec
12:28:01.682 [INFO]  [Checking] > Java version: 1.8.0_442, vendor: Azul Systems, Inc., runtime: /Library/Java/JavaVirtualMachines/zulu-8.jdk/Contents/Home/jre
12:28:01.682 [INFO]  [Checking] > Default locale: en_GB, platform encoding: UTF-8
12:28:01.682 [INFO]  [Checking] > OS name: "mac os x", version: "15.3.1", arch: "aarch64", family: "mac"
12:28:01.682 [INFO]  [Checking] Using CUSTOMISABLE Build System Implementation
12:28:01.683 [INFO]  [Checking] Using default build rules as no custom rules found in any of [/Users/amishra/Developer/demo-java-ee-servlet]
12:28:01.684 [INFO]  [Checking] Attempting to invoke mvnw in working directory: /Users/amishra/Developer/demo-java-ee-servlet
12:28:01.718 [INFO]  [Checking] Attempting to invoke /opt/homebrew/bin/mvn in working directory: /Users/amishra/Developer/demo-java-ee-servlet
12:28:01.722 [INFO]  [Checking] Started "/opt/homebrew/bin/mvn -Dmaven.ext.class.path=/usr/local/bin/diffblue/cover-buildsystem-maven-spy-jar-with-dependencies.jar -Dcom.diffblue.cover.skipTests=true --batch-mode install -Dmaven.compiler.failOnWarning=false --also-make -DskipTests -DskipITs --threads=1C"
12:28:02.704 [INFO]  [Checking] out: [INFO] Scanning for projects...
12:28:02.744 [INFO]  [Checking] out: [INFO] 
12:28:02.744 [INFO]  [Checking] out: [INFO] Using the MultiThreadedBuilder implementation with a thread count of 10
12:28:02.746 [INFO]  [Checking] out: [INFO] 
12:28:02.746 [INFO]  [Checking] out: [INFO] ------------------< com.diffblue.pov:java-ee-servlet >------------------
12:28:02.746 [INFO]  [Checking] out: [INFO] Building Java EE Servlet Webapp 1.0.0
12:28:02.746 [INFO]  [Checking] out: [INFO]   from pom.xml
12:28:02.746 [INFO]  [Checking] out: [INFO] --------------------------------[ war ]---------------------------------
12:28:03.153 [INFO]  [Checking] out: [INFO] 
12:28:03.153 [INFO]  [Checking] out: [INFO] --- resources:3.3.1:resources (default-resources) @ java-ee-servlet ---
12:28:03.316 [INFO]  [Checking] out: [INFO] skip non existing resourceDirectory /Users/amishra/Developer/demo-java-ee-servlet/src/main/resources
12:28:03.318 [INFO]  [Checking] out: [INFO] 
12:28:03.318 [INFO]  [Checking] out: [INFO] --- compiler:3.13.0:compile (default-compile) @ java-ee-servlet ---
12:28:03.495 [INFO]  [Checking] out: [INFO] Nothing to compile - all classes are up to date.
12:28:03.497 [INFO]  [Checking] out: [INFO] 
12:28:03.497 [INFO]  [Checking] out: [INFO] --- resources:3.3.1:testResources (default-testResources) @ java-ee-servlet ---
12:28:03.499 [INFO]  [Checking] out: [INFO] skip non existing resourceDirectory /Users/amishra/Developer/demo-java-ee-servlet/src/test/resources
12:28:03.500 [INFO]  [Checking] out: [INFO] 
12:28:03.500 [INFO]  [Checking] out: [INFO] --- compiler:3.13.0:testCompile (default-testCompile) @ java-ee-servlet ---
12:28:03.517 [INFO]  [Checking] out: [INFO] Nothing to compile - all classes are up to date.
12:28:03.518 [INFO]  [Checking] out: [INFO] 
12:28:03.518 [INFO]  [Checking] out: [INFO] --- surefire:3.3.0:test (default-test) @ java-ee-servlet ---
12:28:03.653 [INFO]  [Checking] out: [INFO] Tests are skipped.
12:28:03.655 [INFO]  [Checking] out: [INFO] 
12:28:03.655 [INFO]  [Checking] out: [INFO] --- war:3.4.0:war (default-war) @ java-ee-servlet ---
12:28:04.070 [INFO]  [Checking] out: [INFO] Packaging webapp
12:28:04.071 [INFO]  [Checking] out: [INFO] Assembling webapp [java-ee-servlet] in [/Users/amishra/Developer/demo-java-ee-servlet/target/DemoServlet]
12:28:04.077 [INFO]  [Checking] out: [INFO] Processing war project
12:28:04.077 [INFO]  [Checking] out: [INFO] Copying webapp resources [/Users/amishra/Developer/demo-java-ee-servlet/src/main/webapp]
12:28:04.110 [INFO]  [Checking] out: [INFO] Building war: /Users/amishra/Developer/demo-java-ee-servlet/target/DemoServlet.war
12:28:04.215 [INFO]  [Checking] out: [INFO] 
12:28:04.215 [INFO]  [Checking] out: [INFO] --- install:3.1.2:install (default-install) @ java-ee-servlet ---
12:28:04.276 [INFO]  [Checking] out: [INFO] Installing /Users/amishra/Developer/demo-java-ee-servlet/pom.xml to /Users/amishra/.m2/repository/com/diffblue/pov/java-ee-servlet/1.0.0/java-ee-servlet-1.0.0.pom
12:28:04.294 [INFO]  [Checking] out: [INFO] Installing /Users/amishra/Developer/demo-java-ee-servlet/target/DemoServlet.war to /Users/amishra/.m2/repository/com/diffblue/pov/java-ee-servlet/1.0.0/java-ee-servlet-1.0.0.war
12:28:04.359 [INFO]  [Checking] out: [INFO] ------------------------------------------------------------------------
12:28:04.359 [INFO]  [Checking] out: [INFO] BUILD SUCCESS
12:28:04.359 [INFO]  [Checking] out: [INFO] ------------------------------------------------------------------------
12:28:04.360 [INFO]  [Checking] out: [INFO] Total time:  1.675 s (Wall Clock)
12:28:04.360 [INFO]  [Checking] out: [INFO] Finished at: 2025-03-06T12:28:04Z
12:28:04.360 [INFO]  [Checking] out: [INFO] ------------------------------------------------------------------------
12:28:04.377 [INFO]  [Checking] Detected build system: Maven 3.9.9
12:28:04.377 [INFO]  [Checking] Operating System: Mac OS X aarch64 15.3.1
12:28:04.378 [INFO]  [Checking] Default charset: UTF-8
12:28:04.378 [INFO]  [Checking] Default locale: en_GB
12:28:04.378 [INFO]  [Checking] Default time zone: Europe/London
12:28:04.378 [INFO]  [Checking] Selected build system: Maven
12:28:04.380 [INFO]  [Checking] Selected classpath from build system maven
12:28:04.380 [INFO]  [Checking] Expanded classpath: 
/Users/amishra/Developer/demo-java-ee-servlet/target/test-classes (test build path)
/Users/amishra/Developer/demo-java-ee-servlet/target/classes (code under test)
/Users/amishra/.m2/repository/javax/servlet/javax.servlet-api/4.0.1/javax.servlet-api-4.0.1.jar
/Users/amishra/.m2/repository/junit/junit/4.13.1/junit-4.13.1.jar
/Users/amishra/.m2/repository/org/hamcrest/hamcrest-core/1.3/hamcrest-core-1.3.jar
/Users/amishra/.m2/repository/com/mysql/mysql-connector-j/9.0.0/mysql-connector-j-9.0.0.jar
/Users/amishra/.m2/repository/com/google/protobuf/protobuf-java/4.26.1/protobuf-java-4.26.1.jar
/Users/amishra/.m2/repository/org/springframework/spring-test/5.3.8/spring-test-5.3.8.jar
/Users/amishra/.m2/repository/org/springframework/spring-core/5.3.8/spring-core-5.3.8.jar
/Users/amishra/.m2/repository/org/springframework/spring-jcl/5.3.8/spring-jcl-5.3.8.jar
/Users/amishra/.m2/repository/org/mockito/mockito-core/4.11.0/mockito-core-4.11.0.jar
/Users/amishra/.m2/repository/net/bytebuddy/byte-buddy/1.12.19/byte-buddy-1.12.19.jar
/Users/amishra/.m2/repository/net/bytebuddy/byte-buddy-agent/1.12.19/byte-buddy-agent-1.12.19.jar
/Users/amishra/.m2/repository/org/objenesis/objenesis/3.3/objenesis-3.3.jar
/Users/amishra/.m2/repository/com/diffblue/cover/cover-annotations/1.3.0/cover-annotations-1.3.0.jar
12:28:04.416 [INFO]  [Checking] Detected Spring Core version 5.3.8
12:28:04.417 [INFO]  [Checking] Detected Spring Test version 5.3.8
12:28:04.420 [INFO]  [Checking] Detected test framework: JUnit 4.13.1
12:28:04.568 [INFO]  [Checking] Detected Mockito version 4.11.0
12:28:04.852 [INFO]  [Checking] Indexing...
12:28:05.031 [INFO]  [Checking] Selected test output directory: /Users/amishra/Developer/demo-java-ee-servlet/src/test/java
12:28:05.043 [INFO]  [Checking] Using default build rules as no custom rules found in any of [/Users/amishra/Developer/demo-java-ee-servlet]
12:28:05.045 [INFO]  [Checking] Attempting to invoke mvnw in working directory: /Users/amishra/Developer/demo-java-ee-servlet
12:28:05.061 [INFO]  [Checking] Attempting to invoke /opt/homebrew/bin/mvn in working directory: /Users/amishra/Developer/demo-java-ee-servlet
12:28:05.071 [INFO]  [Checking] Started "/opt/homebrew/bin/mvn -Dmaven.ext.class.path=/usr/local/bin/diffblue/cover-buildsystem-maven-spy-jar-with-dependencies.jar -Dcom.diffblue.cover.skipTests=true --batch-mode --projects=com.diffblue.pov:java-ee-servlet test -DfailIfNoTests=false -Dsurefire.failIfNoSpecifiedTests=false -Dmaven.test.failure.ignore=True -Dtest=DummyJunitDiffblueTest"
12:28:06.086 [INFO]  [Checking] out: [INFO] Scanning for projects...
12:28:06.135 [INFO]  [Checking] out: [INFO] 
12:28:06.135 [INFO]  [Checking] out: [INFO] ------------------< com.diffblue.pov:java-ee-servlet >------------------
12:28:06.135 [INFO]  [Checking] out: [INFO] Building Java EE Servlet Webapp 1.0.0
12:28:06.135 [INFO]  [Checking] out: [INFO]   from pom.xml
12:28:06.135 [INFO]  [Checking] out: [INFO] --------------------------------[ war ]---------------------------------
12:28:06.481 [INFO]  [Checking] out: [INFO] 
12:28:06.481 [INFO]  [Checking] out: [INFO] --- resources:3.3.1:resources (default-resources) @ java-ee-servlet ---
12:28:06.654 [INFO]  [Checking] out: [INFO] skip non existing resourceDirectory /Users/amishra/Developer/demo-java-ee-servlet/src/main/resources
12:28:06.657 [INFO]  [Checking] out: [INFO] 
12:28:06.657 [INFO]  [Checking] out: [INFO] --- compiler:3.13.0:compile (default-compile) @ java-ee-servlet ---
12:28:06.821 [INFO]  [Checking] out: [INFO] Nothing to compile - all classes are up to date.
12:28:06.824 [INFO]  [Checking] out: [INFO] 
12:28:06.824 [INFO]  [Checking] out: [INFO] --- resources:3.3.1:testResources (default-testResources) @ java-ee-servlet ---
12:28:06.826 [INFO]  [Checking] out: [INFO] skip non existing resourceDirectory /Users/amishra/Developer/demo-java-ee-servlet/src/test/resources
12:28:06.827 [INFO]  [Checking] out: [INFO] 
12:28:06.828 [INFO]  [Checking] out: [INFO] --- compiler:3.13.0:testCompile (default-testCompile) @ java-ee-servlet ---
12:28:06.841 [INFO]  [Checking] out: [INFO] Recompiling the module because of changed source code.
12:28:06.866 [INFO]  [Checking] out: [INFO] Compiling 15 source files with javac [debug target 8] to target/test-classes
12:28:07.388 [INFO]  [Checking] out: [INFO] 
12:28:07.388 [INFO]  [Checking] out: [INFO] --- surefire:3.3.0:test (default-test) @ java-ee-servlet ---
12:28:07.522 [INFO]  [Checking] out: [INFO] Using auto detected provider org.apache.maven.surefire.junit4.JUnit4Provider
12:28:07.591 [INFO]  [Checking] out: [INFO] 
12:28:07.591 [INFO]  [Checking] out: [INFO] -------------------------------------------------------
12:28:07.591 [INFO]  [Checking] out: [INFO]  T E S T S
12:28:07.591 [INFO]  [Checking] out: [INFO] -------------------------------------------------------
12:28:07.942 [INFO]  [Checking] out: [INFO] Running DummyJunitDiffblueTest
12:28:07.956 [INFO]  [Checking] out: [INFO] Tests run: 1, Failures: 0, Errors: 0, Skipped: 0, Time elapsed: 0.059 s -- in DummyJunitDiffblueTest
12:28:07.967 [INFO]  [Checking] out: [INFO] 
12:28:07.967 [INFO]  [Checking] out: [INFO] Results:
12:28:07.967 [INFO]  [Checking] out: [INFO] 
12:28:07.967 [INFO]  [Checking] out: [INFO] Tests run: 1, Failures: 0, Errors: 0, Skipped: 0
12:28:07.967 [INFO]  [Checking] out: [INFO] 
12:28:08.013 [INFO]  [Checking] out: [INFO] ------------------------------------------------------------------------
12:28:08.013 [INFO]  [Checking] out: [INFO] BUILD SUCCESS
12:28:08.013 [INFO]  [Checking] out: [INFO] ------------------------------------------------------------------------
12:28:08.014 [INFO]  [Checking] out: [INFO] Total time:  1.941 s
12:28:08.014 [INFO]  [Checking] out: [INFO] Finished at: 2025-03-06T12:28:08Z
12:28:08.014 [INFO]  [Checking] out: [INFO] ------------------------------------------------------------------------
12:28:08.082 [INFO]  [Checking] Selected test framework: JUnit
12:28:08.099 [INFO]  [Checking] Detected Hamcrest 1 version 1.3
12:28:09.407 [INFO]  [Checking] Detected JVM architecture: 64-Bit
12:28:09.540 [INFO]  [Checking] Selected Java language compliance level: 1.8
12:28:09.540 [INFO]  [Checking] Selected test validation: enabled
12:28:09.557 [INFO]  [Checking] Prefixes for filtering classes/methods:
12:28:09.558 [INFO]  [Checking] - controller
12:28:09.558 [INFO]  [Checking] - dao
12:28:09.558 [INFO]  [Checking] - model
12:28:09.558 [INFO]  [Checking] - util
12:28:09.558 [INFO]  [Checking] Gathering methods to test...
12:28:10.133 [INFO]  [Reporting] 
12:28:10.133 [INFO]  [Reporting] Environment summary for module: com.diffblue.pov:java-ee-servlet
12:28:10.133 [INFO]  [Reporting] ----------------------------------------------------------------
12:28:10.133 [INFO]  [Reporting] Java version                   1.8.0_442                     SUCCESS        
12:28:10.133 [INFO]  [Reporting] Build system                   Maven                         SUCCESS        
12:28:10.133 [INFO]  [Reporting] Mocking Framework              Mockito 4.11.0                SUCCESS        
12:28:10.133 [INFO]  [Reporting] Surefire version               3.3.0                         SUCCESS        
12:28:10.133 [INFO]  [Reporting] Testing framework              JUnit 4.13                    SUCCESS        
12:28:10.133 [INFO]  [Reporting] JavaEE version                 Skipped                       -----          
12:28:10.133 [INFO]  [Reporting] Spring Core                    5.3.8                         SUCCESS        
12:28:10.133 [INFO]  [Reporting] JaCoCo plugin version          0.8.11                        SUCCESS        
12:28:10.133 [INFO]  [Reporting] Launcher                       JUnit 4, TestNG, or unknown   SUCCESS        
12:28:10.133 [INFO]  [Reporting] Quarkus                        Not Detected                  -----          
12:28:10.133 [INFO]  [Reporting] Test validation                Enabled                       SUCCESS        
12:28:10.133 [INFO]  [Reporting] Hamcrest                       Hamcrest 1 1.3                SUCCESS        
12:28:10.133 [INFO]  [Reporting] Active Spring profile(s)       default                       SUCCESS        
12:28:10.133 [INFO]  [Reporting] Spring Boot                    Not Detected                  -----          
12:28:10.133 [INFO]  [Reporting] Spring Boot Starter Webflux    Skipped                       -----          
12:28:10.133 [INFO]  [Reporting] Spring Boot Test Autoconfigure Skipped                       -----          
12:28:10.133 [INFO]  [Reporting] Spring Boot Test               Skipped                       -----          
12:28:10.133 [INFO]  [Reporting] Spring Web                     Not Detected                  -----          
12:28:10.133 [INFO]  [Reporting] Spring Security Web            Skipped                       -----          
12:28:10.133 [INFO]  [Reporting] Spring Test                    5.3.8                         SUCCESS        
12:28:10.134 [INFO]  [Reporting] Cover Annotations              Not Detected                  -----          
12:28:10.134 [INFO]  [Reporting] 
12:28:10.134 [INFO]  [Reporting] Environment check status: SUCCESS
12:28:10.356 [INFO]  [Creating] Found 82 callable methods in 14 classes
12:28:10.356 [INFO]  [Creating] 
12:28:10.356 [INFO]  [Creating] Creating tests:
12:28:10.356 [INFO]  [Creating] ---------------
12:28:10.359 [INFO]  [Creating] 
================================================================================
= Starting analysis for class 'controller.HomeServlet'
================================================================================
12:28:10.359 [INFO]  [Creating] Filtering out non-testable methods...
12:28:12.397 [INFO]  [Creating] Filtering of methods complete. Creating analysis request
12:28:12.397 [INFO]  [Creating] Attempting to get service client, retry 1.
12:28:12.413 [INFO]  [Creating] Starting monitoring server.
12:28:12.544 [INFO]  [Creating] Monitoring server listening on localhost/127.0.0.1:50398
12:28:12.644 [INFO]  [Creating] Starting analyzer server process...
12:28:12.644 [INFO]  [Creating] Server command-line: /Library/Java/JavaVirtualMachines/zulu-8.jdk/Contents/Home/jre/bin/java -XX:+IgnoreUnrecognizedVMOptions -Djdk.attach.allowAttachSelf=true -Djdk.jar.maxSignatureFileSize=100000000 -ea -javaagent:/usr/local/bin/diffblue/launcher-shared-jar.jar -Dlogback.configurationFile=/var/folders/p2/qfsg813s0h9b5mhb_8typkwm0000gp/T/diffblue/config/logback-remote-service.xml -Dcom.diffblue.springIsolationJar=/usr/local/bin/diffblue/cover-isolation-layer.jar -Dcover.jar.path=/usr/local/bin/diffblue/cover-service-analyzer.jar -Dcom.diffblue.assertionSuggestionJar=/usr/local/bin/diffblue/cover-service-analyzer.jar -Dcover.main.class=com.diffblue.cover.service.analyzer.Main -jar /usr/local/bin/diffblue/launcher-shared-jar.jar --service-lifespan 120 --monitoring-service-port 50398 --index-service-port 50398 --debug-log
12:28:12.665 [INFO]  [Creating] Server started. Waiting up to 300 seconds for a connection to be established...
12:28:13.519 [INFO]  [Creating] Starting new remote monitor client
12:28:13.825 [INFO]  [Creating] Attempting to start remote server.
12:28:14.295 [INFO]  [Creating] Server started, listening on localhost/127.0.0.1:50400
12:28:14.298 [INFO]  [Creating] Expect analyzer service to be listening on port 50400.
12:28:14.787 [INFO]  [Creating] Started analyzer service and client retrieved.
12:28:28.264 [INFO]  [Creating]      [1/82] controller.HomeServlet.<init>
12:28:28.265 [INFO]  [Creating]      [1/82]   Tests created: 1
12:28:31.062 [INFO]  [Creating]      [2/82] controller.HomeServlet.doGet
12:28:31.062 [INFO]  [Creating]      [2/82]   Tests created: 2
12:28:31.373 [INFO]  [Creating]      [3/82] controller.HomeServlet.doPost
12:28:31.373 [INFO]  [Creating]      [3/82]   Tests created: 2
12:28:31.375 [INFO]  [Creating]  [1/14] controller.HomeServlet
12:28:31.375 [INFO]  [Creating]  [1/14]   Tests created: 5
12:28:31.376 [INFO]  [Creating] 
================================================================================
= Starting analysis for class 'controller.LoginServlet'
================================================================================
12:28:31.376 [INFO]  [Creating] Filtering out non-testable methods...
12:28:31.376 [INFO]  [Creating] Filtering of methods complete. Creating analysis request
12:28:31.376 [INFO]  [Creating] Attempting to get service client, retry 1.
12:28:33.474 [INFO]  [Creating]      [4/82] controller.LoginServlet.<init>
12:28:33.474 [INFO]  [Creating]      [4/82]   Tests created: 1
12:28:38.329 [INFO]  [Creating]      [5/82] controller.LoginServlet.doGet
12:28:38.330 [INFO]  [Creating]      [5/82]   Tests created: 2
12:28:39.383 [INFO]  [Creating]      [6/82] controller.LoginServlet.doPost
12:28:39.383 [INFO]  [Creating]      [6/82]   Tests created: 2
12:28:39.384 [INFO]  [Creating]  [2/14] controller.LoginServlet
12:28:39.384 [INFO]  [Creating]  [2/14]   Tests created: 5
12:28:39.384 [INFO]  [Creating] 
================================================================================
= Starting analysis for class 'controller.LogoutServlet'
================================================================================
12:28:39.385 [INFO]  [Creating] Filtering out non-testable methods...
12:28:39.385 [INFO]  [Creating] Filtering of methods complete. Creating analysis request
12:28:39.385 [INFO]  [Creating] Attempting to get service client, retry 1.
12:28:41.372 [INFO]  [Creating]      [7/82] controller.LogoutServlet.<init>
12:28:41.372 [INFO]  [Creating]      [7/82]   Tests created: 1
12:28:43.487 [INFO]  [Creating]      [8/82] controller.LogoutServlet.doGet
12:28:43.487 [INFO]  [Creating]      [8/82]   Tests created: 2
12:28:43.774 [INFO]  [Creating]      [9/82] controller.LogoutServlet.doPost
12:28:43.774 [INFO]  [Creating]      [9/82]   Tests created: 2
12:28:43.776 [INFO]  [Creating]  [3/14] controller.LogoutServlet
12:28:43.776 [INFO]  [Creating]  [3/14]   Tests created: 5
12:28:43.776 [INFO]  [Creating] 
================================================================================
= Starting analysis for class 'controller.MessageServlet'
================================================================================
12:28:43.776 [INFO]  [Creating] Filtering out non-testable methods...
12:28:43.776 [INFO]  [Creating] Filtering of methods complete. Creating analysis request
12:28:43.776 [INFO]  [Creating] Attempting to get service client, retry 1.
12:28:45.789 [INFO]  [Creating]     [10/82] controller.MessageServlet.<init>
12:28:45.789 [INFO]  [Creating]     [10/82]   Tests created: 1
12:28:47.770 [INFO]  [Creating]     [11/82] controller.MessageServlet.doGet
12:28:47.770 [INFO]  [Creating]     [11/82]   Tests created: 2
12:28:48.027 [INFO]  [Creating]     [12/82] controller.MessageServlet.doPost
12:28:48.027 [INFO]  [Creating]     [12/82]   Tests created: 2
12:28:48.028 [INFO]  [Creating]  [4/14] controller.MessageServlet
12:28:48.029 [INFO]  [Creating]  [4/14]   Tests created: 5
12:28:48.029 [INFO]  [Creating] 
================================================================================
= Starting analysis for class 'controller.ProfileServlet'
================================================================================
12:28:48.029 [INFO]  [Creating] Filtering out non-testable methods...
12:28:48.029 [INFO]  [Creating] Filtering of methods complete. Creating analysis request
12:28:48.029 [INFO]  [Creating] Attempting to get service client, retry 1.
12:28:50.016 [INFO]  [Creating]     [13/82] controller.ProfileServlet.<init>
12:28:50.016 [INFO]  [Creating]     [13/82]   Tests created: 1
12:28:52.063 [INFO]  [Creating]     [14/82] controller.ProfileServlet.doGet
12:28:52.063 [INFO]  [Creating]     [14/82]   Tests created: 2
12:28:52.301 [INFO]  [Creating]     [15/82] controller.ProfileServlet.doPost
12:28:52.302 [INFO]  [Creating]     [15/82]   Tests created: 2
12:28:52.303 [INFO]  [Creating]  [5/14] controller.ProfileServlet
12:28:52.303 [INFO]  [Creating]  [5/14]   Tests created: 5
12:28:52.303 [INFO]  [Creating] 
================================================================================
= Starting analysis for class 'controller.RegisterServlet'
================================================================================
12:28:52.303 [INFO]  [Creating] Filtering out non-testable methods...
12:28:52.304 [INFO]  [Creating] Filtering of methods complete. Creating analysis request
12:28:52.304 [INFO]  [Creating] Attempting to get service client, retry 1.
12:28:53.944 [INFO]  [Creating]     [16/82] controller.RegisterServlet.<init>
12:28:53.944 [INFO]  [Creating]     [16/82]   Tests created: 1
12:28:57.738 [INFO]  [Creating]     [17/82] controller.RegisterServlet.doGet
12:28:57.738 [INFO]  [Creating]     [17/82]   Tests created: 2
12:28:57.990 [INFO]  [Creating]     [18/82] controller.RegisterServlet.doPost
12:28:57.990 [INFO]  [Creating]     [18/82]   Tests created: 2
12:28:57.992 [INFO]  [Creating]  [6/14] controller.RegisterServlet
12:28:57.992 [INFO]  [Creating]  [6/14]   Tests created: 5
12:28:57.992 [INFO]  [Creating] 
================================================================================
= Starting analysis for class 'controller.ViewMessageServlet'
================================================================================
12:28:57.992 [INFO]  [Creating] Filtering out non-testable methods...
12:28:57.992 [INFO]  [Creating] Filtering of methods complete. Creating analysis request
12:28:57.992 [INFO]  [Creating] Attempting to get service client, retry 1.
12:28:59.891 [INFO]  [Creating]     [19/82] controller.ViewMessageServlet.<init>
12:28:59.891 [INFO]  [Creating]     [19/82]   Tests created: 1
12:29:01.800 [INFO]  [Creating]     [20/82] controller.ViewMessageServlet.doGet
12:29:01.800 [INFO]  [Creating]     [20/82]   Tests created: 2
12:29:01.978 [INFO]  [Creating]     [21/82] controller.ViewMessageServlet.doPost
12:29:01.978 [INFO]  [Creating]     [21/82]   Tests created: 2
12:29:01.979 [INFO]  [Creating]  [7/14] controller.ViewMessageServlet
12:29:01.979 [INFO]  [Creating]  [7/14]   Tests created: 5
12:29:01.979 [INFO]  [Creating] 
================================================================================
= Starting analysis for class 'dao.MessageDAO'
================================================================================
12:29:01.979 [INFO]  [Creating] Filtering out non-testable methods...
12:29:01.979 [INFO]  [Creating] Filtering of methods complete. Creating analysis request
12:29:01.979 [INFO]  [Creating] Attempting to get service client, retry 1.
12:29:03.824 [INFO]  [Creating]     [22/82] dao.MessageDAO.<init>
12:29:03.824 [INFO]  [Creating]     [22/82]   Partial tests created: 1
12:29:03.824 [INFO]  [Creating]     [22/82]   Reasons for partial tests:
12:29:03.824 [INFO]  [Creating]     [22/82]   R002: Missing observers
12:29:03.824 [INFO]  [Creating]     [22/82]     Diffblue Cover was unable to create an assertion.
12:29:03.824 [INFO]  [Creating]     [22/82]     There are no fields that could be asserted on.
12:29:04.282 [INFO]  [Creating]     [23/82] dao.MessageDAO.deleteAllMessage
12:29:04.282 [INFO]  [Creating]     [23/82]   Partial tests created: 1
12:29:04.282 [INFO]  [Creating]     [23/82]   Reasons for partial tests:
12:29:04.282 [INFO]  [Creating]     [23/82]   R011: Sandboxing policy violation
12:29:04.282 [INFO]  [Creating]     [23/82]     Diffblue Cover ran code in your project that tried
12:29:04.282 [INFO]  [Creating]     [23/82]       to access the network.
12:29:04.282 [INFO]  [Creating]     [23/82]     Diffblue Cover's default sandboxing policy disallows this in order to prevent
12:29:04.282 [INFO]  [Creating]     [23/82]     your code from damaging your system environment.
12:29:04.282 [INFO]  [Creating]     [23/82]     See https://diff.blue/R011 to resolve this issue.
12:29:04.824 [INFO]  [Creating]     [24/82] dao.MessageDAO.deleteMessage
12:29:04.824 [INFO]  [Creating]     [24/82]   Partial tests created: 1
12:29:04.824 [INFO]  [Creating]     [24/82]   Reasons for partial tests:
12:29:04.824 [INFO]  [Creating]     [24/82]   R011: Sandboxing policy violation
12:29:04.824 [INFO]  [Creating]     [24/82]     Diffblue Cover ran code in your project that tried
12:29:04.824 [INFO]  [Creating]     [24/82]       to access the network.
12:29:04.824 [INFO]  [Creating]     [24/82]     Diffblue Cover's default sandboxing policy disallows this in order to prevent
12:29:04.824 [INFO]  [Creating]     [24/82]     your code from damaging your system environment.
12:29:04.824 [INFO]  [Creating]     [24/82]     See https://diff.blue/R011 to resolve this issue.
12:29:05.926 [INFO]  [Creating]     [25/82] dao.MessageDAO.getAllMessage
12:29:05.926 [INFO]  [Creating]     [25/82]   Partial tests created: 1
12:29:05.926 [INFO]  [Creating]     [25/82]   Reasons for partial tests:
12:29:05.926 [INFO]  [Creating]     [25/82]   R011: Sandboxing policy violation
12:29:05.926 [INFO]  [Creating]     [25/82]     Diffblue Cover ran code in your project that tried
12:29:05.926 [INFO]  [Creating]     [25/82]       to access the network.
12:29:05.926 [INFO]  [Creating]     [25/82]     Diffblue Cover's default sandboxing policy disallows this in order to prevent
12:29:05.926 [INFO]  [Creating]     [25/82]     your code from damaging your system environment.
12:29:05.926 [INFO]  [Creating]     [25/82]     See https://diff.blue/R011 to resolve this issue.
12:29:07.071 [INFO]  [Creating]     [26/82] dao.MessageDAO.getMessage
12:29:07.071 [INFO]  [Creating]     [26/82]   Partial tests created: 1
12:29:07.071 [INFO]  [Creating]     [26/82]   Reasons for partial tests:
12:29:07.071 [INFO]  [Creating]     [26/82]   R011: Sandboxing policy violation
12:29:07.071 [INFO]  [Creating]     [26/82]     Diffblue Cover ran code in your project that tried
12:29:07.071 [INFO]  [Creating]     [26/82]       to access the network.
12:29:07.071 [INFO]  [Creating]     [26/82]     Diffblue Cover's default sandboxing policy disallows this in order to prevent
12:29:07.071 [INFO]  [Creating]     [26/82]     your code from damaging your system environment.
12:29:07.071 [INFO]  [Creating]     [26/82]     See https://diff.blue/R011 to resolve this issue.
12:29:08.125 [INFO]  [Creating]     [27/82] dao.MessageDAO.insertMessage
12:29:08.126 [INFO]  [Creating]     [27/82]   Partial tests created: 1
12:29:08.126 [INFO]  [Creating]     [27/82]   Reasons for partial tests:
12:29:08.126 [INFO]  [Creating]     [27/82]   R011: Sandboxing policy violation
12:29:08.126 [INFO]  [Creating]     [27/82]     Diffblue Cover ran code in your project that tried
12:29:08.126 [INFO]  [Creating]     [27/82]       to access the network.
12:29:08.126 [INFO]  [Creating]     [27/82]     Diffblue Cover's default sandboxing policy disallows this in order to prevent
12:29:08.126 [INFO]  [Creating]     [27/82]     your code from damaging your system environment.
12:29:08.126 [INFO]  [Creating]     [27/82]     See https://diff.blue/R011 to resolve this issue.
12:29:08.199 [INFO]  [Creating]     [28/82] dao.MessageDAO.messageCount
12:29:08.199 [INFO]  [Creating]     [28/82]   Partial tests created: 1
12:29:08.199 [INFO]  [Creating]     [28/82]   Reasons for partial tests:
12:29:08.199 [INFO]  [Creating]     [28/82]   R011: Sandboxing policy violation
12:29:08.199 [INFO]  [Creating]     [28/82]     Diffblue Cover ran code in your project that tried
12:29:08.199 [INFO]  [Creating]     [28/82]       to access the network.
12:29:08.199 [INFO]  [Creating]     [28/82]     Diffblue Cover's default sandboxing policy disallows this in order to prevent
12:29:08.199 [INFO]  [Creating]     [28/82]     your code from damaging your system environment.
12:29:08.199 [INFO]  [Creating]     [28/82]     See https://diff.blue/R011 to resolve this issue.
12:29:08.202 [INFO]  [Creating]  [8/14] dao.MessageDAO
12:29:08.202 [INFO]  [Creating]  [8/14]   Tests created: 0
12:29:08.202 [INFO]  [Creating]  [8/14]   Partial tests created: 7
12:29:08.202 [INFO]  [Creating] 
================================================================================
= Starting analysis for class 'dao.PostDAO'
================================================================================
12:29:08.202 [INFO]  [Creating] Filtering out non-testable methods...
12:29:08.202 [INFO]  [Creating] Filtering of methods complete. Creating analysis request
12:29:08.202 [INFO]  [Creating] Attempting to get service client, retry 1.
12:29:08.709 [INFO]  [Creating]     [29/82] dao.PostDAO.<init>
12:29:08.709 [INFO]  [Creating]     [29/82]   Partial tests created: 1
12:29:08.709 [INFO]  [Creating]     [29/82]   Reasons for partial tests:
12:29:08.709 [INFO]  [Creating]     [29/82]   R002: Missing observers
12:29:08.709 [INFO]  [Creating]     [29/82]     Diffblue Cover was unable to create an assertion.
12:29:08.709 [INFO]  [Creating]     [29/82]     There are no fields that could be asserted on.
12:29:08.922 [INFO]  [Creating]     [30/82] dao.PostDAO.deletePost
12:29:08.922 [INFO]  [Creating]     [30/82]   Partial tests created: 1
12:29:08.922 [INFO]  [Creating]     [30/82]   Reasons for partial tests:
12:29:08.922 [INFO]  [Creating]     [30/82]   R011: Sandboxing policy violation
12:29:08.922 [INFO]  [Creating]     [30/82]     Diffblue Cover ran code in your project that tried
12:29:08.922 [INFO]  [Creating]     [30/82]       to access the network.
12:29:08.922 [INFO]  [Creating]     [30/82]     Diffblue Cover's default sandboxing policy disallows this in order to prevent
12:29:08.922 [INFO]  [Creating]     [30/82]     your code from damaging your system environment.
12:29:08.922 [INFO]  [Creating]     [30/82]     See https://diff.blue/R011 to resolve this issue.
12:29:09.377 [INFO]  [Creating]     [31/82] dao.PostDAO.getAllPost
12:29:09.377 [INFO]  [Creating]     [31/82]   Partial tests created: 1
12:29:09.377 [INFO]  [Creating]     [31/82]   Reasons for partial tests:
12:29:09.377 [INFO]  [Creating]     [31/82]   R011: Sandboxing policy violation
12:29:09.377 [INFO]  [Creating]     [31/82]     Diffblue Cover ran code in your project that tried
12:29:09.377 [INFO]  [Creating]     [31/82]       to access the network.
12:29:09.377 [INFO]  [Creating]     [31/82]     Diffblue Cover's default sandboxing policy disallows this in order to prevent
12:29:09.377 [INFO]  [Creating]     [31/82]     your code from damaging your system environment.
12:29:09.377 [INFO]  [Creating]     [31/82]     See https://diff.blue/R011 to resolve this issue.
12:29:09.838 [INFO]  [Creating]     [32/82] dao.PostDAO.getPost
12:29:09.838 [INFO]  [Creating]     [32/82]   Partial tests created: 1
12:29:09.838 [INFO]  [Creating]     [32/82]   Reasons for partial tests:
12:29:09.838 [INFO]  [Creating]     [32/82]   R011: Sandboxing policy violation
12:29:09.838 [INFO]  [Creating]     [32/82]     Diffblue Cover ran code in your project that tried
12:29:09.838 [INFO]  [Creating]     [32/82]       to access the network.
12:29:09.838 [INFO]  [Creating]     [32/82]     Diffblue Cover's default sandboxing policy disallows this in order to prevent
12:29:09.838 [INFO]  [Creating]     [32/82]     your code from damaging your system environment.
12:29:09.838 [INFO]  [Creating]     [32/82]     See https://diff.blue/R011 to resolve this issue.
12:29:10.533 [INFO]  [Creating]     [33/82] dao.PostDAO.getUserPost
12:29:10.533 [INFO]  [Creating]     [33/82]   Partial tests created: 1
12:29:10.533 [INFO]  [Creating]     [33/82]   Reasons for partial tests:
12:29:10.533 [INFO]  [Creating]     [33/82]   R011: Sandboxing policy violation
12:29:10.533 [INFO]  [Creating]     [33/82]     Diffblue Cover ran code in your project that tried
12:29:10.533 [INFO]  [Creating]     [33/82]       to access the network.
12:29:10.533 [INFO]  [Creating]     [33/82]     Diffblue Cover's default sandboxing policy disallows this in order to prevent
12:29:10.533 [INFO]  [Creating]     [33/82]     your code from damaging your system environment.
12:29:10.533 [INFO]  [Creating]     [33/82]     See https://diff.blue/R011 to resolve this issue.
12:29:11.587 [INFO]  [Creating]     [34/82] dao.PostDAO.insertPost
12:29:11.587 [INFO]  [Creating]     [34/82]   Partial tests created: 1
12:29:11.587 [INFO]  [Creating]     [34/82]   Reasons for partial tests:
12:29:11.587 [INFO]  [Creating]     [34/82]   R011: Sandboxing policy violation
12:29:11.587 [INFO]  [Creating]     [34/82]     Diffblue Cover ran code in your project that tried
12:29:11.587 [INFO]  [Creating]     [34/82]       to access the network.
12:29:11.587 [INFO]  [Creating]     [34/82]     Diffblue Cover's default sandboxing policy disallows this in order to prevent
12:29:11.587 [INFO]  [Creating]     [34/82]     your code from damaging your system environment.
12:29:11.587 [INFO]  [Creating]     [34/82]     See https://diff.blue/R011 to resolve this issue.
12:29:11.670 [INFO]  [Creating]     [35/82] dao.PostDAO.updatePost
12:29:11.670 [INFO]  [Creating]     [35/82]   Tests created: 1
12:29:11.671 [INFO]  [Creating]  [9/14] dao.PostDAO
12:29:11.671 [INFO]  [Creating]  [9/14]   Tests created: 1
12:29:11.671 [INFO]  [Creating]  [9/14]   Partial tests created: 6
12:29:11.671 [INFO]  [Creating] 
================================================================================
= Starting analysis for class 'dao.UserDAO'
================================================================================
12:29:11.671 [INFO]  [Creating] Filtering out non-testable methods...
12:29:11.671 [INFO]  [Creating] Filtering of methods complete. Creating analysis request
12:29:11.671 [INFO]  [Creating] Attempting to get service client, retry 1.
12:29:11.941 [INFO]  [Creating]     [36/82] dao.UserDAO.<init>
12:29:11.941 [INFO]  [Creating]     [36/82]   Partial tests created: 1
12:29:11.941 [INFO]  [Creating]     [36/82]   Reasons for partial tests:
12:29:11.941 [INFO]  [Creating]     [36/82]   R002: Missing observers
12:29:11.941 [INFO]  [Creating]     [36/82]     Diffblue Cover was unable to create an assertion.
12:29:11.941 [INFO]  [Creating]     [36/82]     There are no fields that could be asserted on.
12:29:14.116 [INFO]  [Creating]     [37/82] dao.UserDAO.deleteUser
12:29:14.117 [INFO]  [Creating]     [37/82]   Partial tests created: 1
12:29:14.117 [INFO]  [Creating]     [37/82]   Reasons for partial tests:
12:29:14.117 [INFO]  [Creating]     [37/82]   R011: Sandboxing policy violation
12:29:14.117 [INFO]  [Creating]     [37/82]     Diffblue Cover ran code in your project that tried
12:29:14.117 [INFO]  [Creating]     [37/82]       to access the network.
12:29:14.117 [INFO]  [Creating]     [37/82]     Diffblue Cover's default sandboxing policy disallows this in order to prevent
12:29:14.117 [INFO]  [Creating]     [37/82]     your code from damaging your system environment.
12:29:14.117 [INFO]  [Creating]     [37/82]     See https://diff.blue/R011 to resolve this issue.
12:29:14.360 [INFO]  [Creating]     [38/82] dao.UserDAO.getUserByEmail
12:29:14.360 [INFO]  [Creating]     [38/82]   Partial tests created: 1
12:29:14.360 [INFO]  [Creating]     [38/82]   Reasons for partial tests:
12:29:14.360 [INFO]  [Creating]     [38/82]   R011: Sandboxing policy violation
12:29:14.360 [INFO]  [Creating]     [38/82]     Diffblue Cover ran code in your project that tried
12:29:14.360 [INFO]  [Creating]     [38/82]       to access the network.
12:29:14.360 [INFO]  [Creating]     [38/82]     Diffblue Cover's default sandboxing policy disallows this in order to prevent
12:29:14.360 [INFO]  [Creating]     [38/82]     your code from damaging your system environment.
12:29:14.360 [INFO]  [Creating]     [38/82]     See https://diff.blue/R011 to resolve this issue.
12:29:14.581 [INFO]  [Creating]     [39/82] dao.UserDAO.getUserById
12:29:14.581 [INFO]  [Creating]     [39/82]   Partial tests created: 1
12:29:14.581 [INFO]  [Creating]     [39/82]   Reasons for partial tests:
12:29:14.581 [INFO]  [Creating]     [39/82]   R011: Sandboxing policy violation
12:29:14.581 [INFO]  [Creating]     [39/82]     Diffblue Cover ran code in your project that tried
12:29:14.581 [INFO]  [Creating]     [39/82]       to access the network.
12:29:14.581 [INFO]  [Creating]     [39/82]     Diffblue Cover's default sandboxing policy disallows this in order to prevent
12:29:14.581 [INFO]  [Creating]     [39/82]     your code from damaging your system environment.
12:29:14.581 [INFO]  [Creating]     [39/82]     See https://diff.blue/R011 to resolve this issue.
12:29:14.897 [INFO]  [Creating]     [40/82] dao.UserDAO.getUsersForChat
12:29:14.897 [INFO]  [Creating]     [40/82]   Partial tests created: 1
12:29:14.897 [INFO]  [Creating]     [40/82]   Reasons for partial tests:
12:29:14.897 [INFO]  [Creating]     [40/82]   R011: Sandboxing policy violation
12:29:14.897 [INFO]  [Creating]     [40/82]     Diffblue Cover ran code in your project that tried
12:29:14.897 [INFO]  [Creating]     [40/82]       to access the network.
12:29:14.897 [INFO]  [Creating]     [40/82]     Diffblue Cover's default sandboxing policy disallows this in order to prevent
12:29:14.897 [INFO]  [Creating]     [40/82]     your code from damaging your system environment.
12:29:14.897 [INFO]  [Creating]     [40/82]     See https://diff.blue/R011 to resolve this issue.
12:29:16.129 [INFO]  [Creating]     [41/82] dao.UserDAO.login
12:29:16.129 [INFO]  [Creating]     [41/82]   Tests created: 1
12:29:17.252 [INFO]  [Creating]     [42/82] dao.UserDAO.register
12:29:17.252 [INFO]  [Creating]     [42/82]   Tests created: 1
12:29:18.493 [INFO]  [Creating]     [43/82] dao.UserDAO.updatePassword
12:29:18.493 [INFO]  [Creating]     [43/82]   Tests created: 1
12:29:18.536 [INFO]  [Creating]     [44/82] dao.UserDAO.updateProfile
12:29:18.536 [INFO]  [Creating]     [44/82]   Tests created: 1
12:29:18.537 [INFO]  [Creating] [10/14] dao.UserDAO
12:29:18.537 [INFO]  [Creating] [10/14]   Tests created: 4
12:29:18.537 [INFO]  [Creating] [10/14]   Partial tests created: 5
12:29:18.538 [INFO]  [Creating] 
================================================================================
= Starting analysis for class 'model.Message'
================================================================================
12:29:18.538 [INFO]  [Creating] Filtering out non-testable methods...
12:29:18.538 [INFO]  [Creating] Filtering of methods complete. Creating analysis request
12:29:18.539 [INFO]  [Creating] Attempting to get service client, retry 1.
12:29:19.016 [INFO]  [Creating]     [45/82] model.Message.<init>
12:29:19.016 [INFO]  [Creating]     [46/82] model.Message.<init>
12:29:19.016 [INFO]  [Creating]     [47/82] model.Message.getChat_id
12:29:19.016 [INFO]  [Creating]     [48/82] model.Message.getChat_time
12:29:19.016 [INFO]  [Creating]     [49/82] model.Message.getFrom_user
12:29:19.016 [INFO]  [Creating]     [50/82] model.Message.getMessage
12:29:19.016 [INFO]  [Creating]     [51/82] model.Message.getTo_user
12:29:19.016 [INFO]  [Creating]     [52/82] model.Message.setChat_id
12:29:19.016 [INFO]  [Creating]     [53/82] model.Message.setChat_time
12:29:19.016 [INFO]  [Creating]     [54/82] model.Message.setFrom_user
12:29:19.016 [INFO]  [Creating]     [55/82] model.Message.setMessage
12:29:19.016 [INFO]  [Creating]     [56/82] model.Message.setTo_user
12:29:19.016 [INFO]  [Creating]     [56/82]   Tests created: 2
12:29:19.017 [INFO]  [Creating] [11/14] model.Message
12:29:19.017 [INFO]  [Creating] [11/14]   Tests created: 2
12:29:19.017 [INFO]  [Creating] 
================================================================================
= Starting analysis for class 'model.Post'
================================================================================
12:29:19.017 [INFO]  [Creating] Filtering out non-testable methods...
12:29:19.017 [INFO]  [Creating] Filtering of methods complete. Creating analysis request
12:29:19.017 [INFO]  [Creating] Attempting to get service client, retry 1.
12:29:19.414 [INFO]  [Creating]     [57/82] model.Post.<init>
12:29:19.414 [INFO]  [Creating]     [58/82] model.Post.<init>
12:29:19.414 [INFO]  [Creating]     [59/82] model.Post.getBody
12:29:19.414 [INFO]  [Creating]     [60/82] model.Post.getPost_id
12:29:19.414 [INFO]  [Creating]     [61/82] model.Post.getPost_time
12:29:19.414 [INFO]  [Creating]     [62/82] model.Post.getUser_id
12:29:19.414 [INFO]  [Creating]     [63/82] model.Post.setBody
12:29:19.414 [INFO]  [Creating]     [64/82] model.Post.setPost_id
12:29:19.414 [INFO]  [Creating]     [65/82] model.Post.setPost_time
12:29:19.414 [INFO]  [Creating]     [66/82] model.Post.setUser_id
12:29:19.414 [INFO]  [Creating]     [66/82]   Tests created: 2
12:29:19.415 [INFO]  [Creating] [12/14] model.Post
12:29:19.415 [INFO]  [Creating] [12/14]   Tests created: 2
12:29:19.415 [INFO]  [Creating] 
================================================================================
= Starting analysis for class 'model.User'
================================================================================
12:29:19.415 [INFO]  [Creating] Filtering out non-testable methods...
12:29:19.415 [INFO]  [Creating] Filtering of methods complete. Creating analysis request
12:29:19.415 [INFO]  [Creating] Attempting to get service client, retry 1.
12:29:19.904 [INFO]  [Creating]     [67/82] model.User.<init>
12:29:19.904 [INFO]  [Creating]     [68/82] model.User.<init>
12:29:19.904 [INFO]  [Creating]     [69/82] model.User.getEmail
12:29:19.904 [INFO]  [Creating]     [70/82] model.User.getFirst_name
12:29:19.904 [INFO]  [Creating]     [71/82] model.User.getImage
12:29:19.904 [INFO]  [Creating]     [72/82] model.User.getLast_name
12:29:19.904 [INFO]  [Creating]     [73/82] model.User.getPassword
12:29:19.904 [INFO]  [Creating]     [74/82] model.User.getUser_id
12:29:19.905 [INFO]  [Creating]     [75/82] model.User.setEmail
12:29:19.905 [INFO]  [Creating]     [76/82] model.User.setFirst_name
12:29:19.905 [INFO]  [Creating]     [77/82] model.User.setImage
12:29:19.905 [INFO]  [Creating]     [78/82] model.User.setLast_name
12:29:19.905 [INFO]  [Creating]     [79/82] model.User.setPassword
12:29:19.905 [INFO]  [Creating]     [80/82] model.User.setUser_id
12:29:19.905 [INFO]  [Creating]     [80/82]   Tests created: 2
12:29:19.905 [INFO]  [Creating] [13/14] model.User
12:29:19.905 [INFO]  [Creating] [13/14]   Tests created: 2
12:29:19.905 [INFO]  [Creating] 
================================================================================
= Starting analysis for class 'util.DBConnection'
================================================================================
12:29:19.905 [INFO]  [Creating] Filtering out non-testable methods...
12:29:19.906 [INFO]  [Creating] Filtering of methods complete. Creating analysis request
12:29:19.906 [INFO]  [Creating] Attempting to get service client, retry 1.
12:29:19.962 [INFO]  [Creating]     [81/82] util.DBConnection.getConnection
12:29:19.962 [INFO]  [Creating]     [81/82]   R081: Exception in arrange section
12:29:19.962 [INFO]  [Creating]     [81/82]     Diffblue Cover was unable to construct an instance of the class under test using
12:29:19.962 [INFO]  [Creating]     [81/82]     util.DBConnection.getConnection().
12:29:19.962 [INFO]  [Creating]     [81/82]     The arrange section threw
12:29:19.962 [INFO]  [Creating]     [81/82]     java.sql.SQLNonTransientConnectionException: Could not create connection to database server.
12:29:19.962 [INFO]  [Creating]     [81/82]         at com.mysql.cj.jdbc.exceptions.SQLError.createSQLException(SQLError.java:102)
12:29:19.962 [INFO]  [Creating]     [81/82]         at com.mysql.cj.jdbc.exceptions.SQLError.createSQLException(SQLError.java:89)
12:29:19.962 [INFO]  [Creating]     [81/82]         at com.mysql.cj.jdbc.exceptions.SQLError.createSQLException(SQLError.java:81)
12:29:19.962 [INFO]  [Creating]     [81/82]         at com.mysql.cj.jdbc.exceptions.SQLError.createSQLException(SQLError.java:55)
12:29:19.962 [INFO]  [Creating]     [81/82]         at com.mysql.cj.jdbc.ConnectionImpl.connectOneTryOnly(ConnectionImpl.java:1025)
12:29:19.962 [INFO]  [Creating]     [81/82]         at com.mysql.cj.jdbc.ConnectionImpl.createNewIO(ConnectionImpl.java:833)
12:29:19.962 [INFO]  [Creating]     [81/82]         at com.mysql.cj.jdbc.ConnectionImpl.<init>(ConnectionImpl.java:420)
12:29:19.962 [INFO]  [Creating]     [81/82]         at com.mysql.cj.jdbc.ConnectionImpl.getInstance(ConnectionImpl.java:238)
12:29:19.962 [INFO]  [Creating]     [81/82]         at com.mysql.cj.jdbc.NonRegisteringDriver.connect(NonRegisteringDriver.java:180)
12:29:19.962 [INFO]  [Creating]     [81/82]         at java.sql.DriverManager.getConnection(DriverManager.java:664)
12:29:19.962 [INFO]  [Creating]     [81/82]         at java.sql.DriverManager.getConnection(DriverManager.java:247)
12:29:19.962 [INFO]  [Creating]     [81/82]         at util.DBConnection.<init>(DBConnection.java:18)
12:29:19.962 [INFO]  [Creating]     [81/82]         at util.DBConnection.getInstance(DBConnection.java:30)
12:29:19.962 [INFO]  [Creating]     [81/82]     More information about the exception is provided in the support log.
12:29:19.962 [INFO]  [Creating]     [81/82]     See https://diff.blue/R081 for further troubleshooting of this issue.
12:29:20.106 [INFO]  [Creating]     [82/82] util.DBConnection.getInstance
12:29:20.106 [INFO]  [Creating]     [82/82]   Partial tests created: 1
12:29:20.106 [INFO]  [Creating]     [82/82]   Reasons for partial tests:
12:29:20.106 [INFO]  [Creating]     [82/82]   R011: Sandboxing policy violation
12:29:20.106 [INFO]  [Creating]     [82/82]     Diffblue Cover ran code in your project that tried
12:29:20.106 [INFO]  [Creating]     [82/82]       to access the network.
12:29:20.106 [INFO]  [Creating]     [82/82]     Diffblue Cover's default sandboxing policy disallows this in order to prevent
12:29:20.106 [INFO]  [Creating]     [82/82]     your code from damaging your system environment.
12:29:20.106 [INFO]  [Creating]     [82/82]     See https://diff.blue/R011 to resolve this issue.
12:29:20.107 [INFO]  [Creating] [14/14] util.DBConnection
12:29:20.107 [INFO]  [Creating] [14/14]   Tests created: 0
12:29:20.107 [INFO]  [Creating] [14/14]   Partial tests created: 1
12:29:20.112 [INFO]  [Reporting] 
12:29:20.113 [INFO]  [Reporting] Test creation summary for module: com.diffblue.pov:java-ee-servlet
12:29:20.113 [INFO]  [Reporting] ------------------------------------------------------------------
12:29:20.113 [INFO]  [Reporting] Total:                                              82 methods
12:29:20.113 [INFO]  [Reporting] 46 tests created for:                               62 methods
12:29:20.113 [INFO]  [Reporting] 19 partial tests created for:                       19 methods
12:29:20.113 [INFO]  [Reporting] 
12:29:20.113 [INFO]  [Reporting] No tests created for:                               20 methods
12:29:20.113 [INFO]  [Reporting]    16 R011: Sandboxing policy violation
12:29:20.113 [INFO]  [Reporting]     3 R002: Missing observers
12:29:20.113 [INFO]  [Reporting]     1 R081: Exception in arrange section
12:29:20.179 [INFO]  [Validating] 
12:29:20.179 [INFO]  [Validating] Running validation command.
12:29:20.179 [INFO]  [Validating] Using default build rules as no custom rules found in any of [/Users/amishra/Developer/demo-java-ee-servlet]
12:29:20.180 [INFO]  [Validating] Attempting to invoke mvnw in working directory: /Users/amishra/Developer/demo-java-ee-servlet
12:29:20.204 [INFO]  [Validating] Attempting to invoke /opt/homebrew/bin/mvn in working directory: /Users/amishra/Developer/demo-java-ee-servlet
12:29:20.216 [INFO]  [Validating] Started "/opt/homebrew/bin/mvn -Dmaven.ext.class.path=/usr/local/bin/diffblue/cover-buildsystem-maven-spy-jar-with-dependencies.jar -Dcom.diffblue.cover.skipTests=true --batch-mode --projects=com.diffblue.pov:java-ee-servlet install -Dmaven.compiler.failOnWarning=false --also-make -DskipTests -DskipITs --threads=1C"
12:29:21.302 [INFO]  [Validating] out: [INFO] Scanning for projects...
12:29:21.340 [INFO]  [Validating] out: [INFO] 
12:29:21.340 [INFO]  [Validating] out: [INFO] Using the MultiThreadedBuilder implementation with a thread count of 10
12:29:21.342 [INFO]  [Validating] out: [INFO] 
12:29:21.342 [INFO]  [Validating] out: [INFO] ------------------< com.diffblue.pov:java-ee-servlet >------------------
12:29:21.342 [INFO]  [Validating] out: [INFO] Building Java EE Servlet Webapp 1.0.0
12:29:21.343 [INFO]  [Validating] out: [INFO]   from pom.xml
12:29:21.343 [INFO]  [Validating] out: [INFO] --------------------------------[ war ]---------------------------------
12:29:21.689 [INFO]  [Validating] out: [INFO] 
12:29:21.689 [INFO]  [Validating] out: [INFO] --- resources:3.3.1:resources (default-resources) @ java-ee-servlet ---
12:29:21.883 [INFO]  [Validating] out: [INFO] skip non existing resourceDirectory /Users/amishra/Developer/demo-java-ee-servlet/src/main/resources
12:29:21.886 [INFO]  [Validating] out: [INFO] 
12:29:21.886 [INFO]  [Validating] out: [INFO] --- compiler:3.13.0:compile (default-compile) @ java-ee-servlet ---
12:29:22.076 [INFO]  [Validating] out: [INFO] Nothing to compile - all classes are up to date.
12:29:22.078 [INFO]  [Validating] out: [INFO] 
12:29:22.078 [INFO]  [Validating] out: [INFO] --- resources:3.3.1:testResources (default-testResources) @ java-ee-servlet ---
12:29:22.080 [INFO]  [Validating] out: [INFO] skip non existing resourceDirectory /Users/amishra/Developer/demo-java-ee-servlet/src/test/resources
12:29:22.081 [INFO]  [Validating] out: [INFO] 
12:29:22.081 [INFO]  [Validating] out: [INFO] --- compiler:3.13.0:testCompile (default-testCompile) @ java-ee-servlet ---
12:29:22.099 [INFO]  [Validating] out: [INFO] Recompiling the module because of changed source code.
12:29:22.140 [INFO]  [Validating] out: [INFO] Compiling 14 source files with javac [debug target 8] to target/test-classes
12:29:22.779 [INFO]  [Validating] out: [INFO] 
12:29:22.779 [INFO]  [Validating] out: [INFO] --- surefire:3.3.0:test (default-test) @ java-ee-servlet ---
12:29:22.915 [INFO]  [Validating] out: [INFO] Tests are skipped.
12:29:22.917 [INFO]  [Validating] out: [INFO] 
12:29:22.917 [INFO]  [Validating] out: [INFO] --- war:3.4.0:war (default-war) @ java-ee-servlet ---
12:29:23.434 [INFO]  [Validating] out: [INFO] Packaging webapp
12:29:23.435 [INFO]  [Validating] out: [INFO] Assembling webapp [java-ee-servlet] in [/Users/amishra/Developer/demo-java-ee-servlet/target/DemoServlet]
12:29:23.441 [INFO]  [Validating] out: [INFO] Processing war project
12:29:23.441 [INFO]  [Validating] out: [INFO] Copying webapp resources [/Users/amishra/Developer/demo-java-ee-servlet/src/main/webapp]
12:29:23.475 [INFO]  [Validating] out: [INFO] Building war: /Users/amishra/Developer/demo-java-ee-servlet/target/DemoServlet.war
12:29:23.576 [INFO]  [Validating] out: [INFO] 
12:29:23.576 [INFO]  [Validating] out: [INFO] --- install:3.1.2:install (default-install) @ java-ee-servlet ---
12:29:23.636 [INFO]  [Validating] out: [INFO] Installing /Users/amishra/Developer/demo-java-ee-servlet/pom.xml to /Users/amishra/.m2/repository/com/diffblue/pov/java-ee-servlet/1.0.0/java-ee-servlet-1.0.0.pom
12:29:23.651 [INFO]  [Validating] out: [INFO] Installing /Users/amishra/Developer/demo-java-ee-servlet/target/DemoServlet.war to /Users/amishra/.m2/repository/com/diffblue/pov/java-ee-servlet/1.0.0/java-ee-servlet-1.0.0.war
12:29:23.722 [INFO]  [Validating] out: [INFO] ------------------------------------------------------------------------
12:29:23.722 [INFO]  [Validating] out: [INFO] BUILD SUCCESS
12:29:23.722 [INFO]  [Validating] out: [INFO] ------------------------------------------------------------------------
12:29:23.727 [INFO]  [Validating] out: [INFO] Total time:  2.443 s (Wall Clock)
12:29:23.727 [INFO]  [Validating] out: [INFO] Finished at: 2025-03-06T12:29:23Z
12:29:23.727 [INFO]  [Validating] out: [INFO] ------------------------------------------------------------------------
12:29:23.758 [INFO]  [Validating] This can take a couple of minutes.
12:29:23.759 [INFO]  [Validating] Using default build rules as no custom rules found in any of [/Users/amishra/Developer/demo-java-ee-servlet]
12:29:23.759 [INFO]  [Validating] Attempting to invoke mvnw in working directory: /Users/amishra/Developer/demo-java-ee-servlet
12:29:23.789 [INFO]  [Validating] Attempting to invoke /opt/homebrew/bin/mvn in working directory: /Users/amishra/Developer/demo-java-ee-servlet
12:29:23.793 [INFO]  [Validating] Started "/opt/homebrew/bin/mvn -Dmaven.ext.class.path=/usr/local/bin/diffblue/cover-buildsystem-maven-spy-jar-with-dependencies.jar -Dcom.diffblue.cover.skipTests=true --batch-mode --projects=com.diffblue.pov:java-ee-servlet clean test"
12:29:24.805 [INFO]  [Validating] out: [INFO] Scanning for projects...
12:29:24.849 [INFO]  [Validating] out: [INFO] 
12:29:24.850 [INFO]  [Validating] out: [INFO] ------------------< com.diffblue.pov:java-ee-servlet >------------------
12:29:24.850 [INFO]  [Validating] out: [INFO] Building Java EE Servlet Webapp 1.0.0
12:29:24.850 [INFO]  [Validating] out: [INFO]   from pom.xml
12:29:24.850 [INFO]  [Validating] out: [INFO] --------------------------------[ war ]---------------------------------
12:29:25.251 [INFO]  [Validating] out: [INFO] 
12:29:25.251 [INFO]  [Validating] out: [INFO] --- clean:3.4.0:clean (default-clean) @ java-ee-servlet ---
12:29:25.318 [INFO]  [Validating] out: [INFO] Deleting /Users/amishra/Developer/demo-java-ee-servlet/target
12:29:25.481 [INFO]  [Validating] out: [INFO] 
12:29:25.481 [INFO]  [Validating] out: [INFO] --- resources:3.3.1:resources (default-resources) @ java-ee-servlet ---
12:29:25.555 [INFO]  [Validating] out: [INFO] skip non existing resourceDirectory /Users/amishra/Developer/demo-java-ee-servlet/src/main/resources
12:29:25.557 [INFO]  [Validating] out: [INFO] 
12:29:25.557 [INFO]  [Validating] out: [INFO] --- compiler:3.13.0:compile (default-compile) @ java-ee-servlet ---
12:29:25.663 [INFO]  [Validating] out: [INFO] Recompiling the module because of changed source code.
12:29:25.669 [INFO]  [Validating] out: [INFO] Compiling 14 source files with javac [debug target 8] to target/classes
12:29:26.271 [INFO]  [Validating] out: [INFO] 
12:29:26.271 [INFO]  [Validating] out: [INFO] --- resources:3.3.1:testResources (default-testResources) @ java-ee-servlet ---
12:29:26.272 [INFO]  [Validating] out: [INFO] skip non existing resourceDirectory /Users/amishra/Developer/demo-java-ee-servlet/src/test/resources
12:29:26.274 [INFO]  [Validating] out: [INFO] 
12:29:26.274 [INFO]  [Validating] out: [INFO] --- compiler:3.13.0:testCompile (default-testCompile) @ java-ee-servlet ---
12:29:26.284 [INFO]  [Validating] out: [INFO] Recompiling the module because of changed dependency.
12:29:26.286 [INFO]  [Validating] out: [INFO] Compiling 14 source files with javac [debug target 8] to target/test-classes
12:29:26.587 [INFO]  [Validating] out: [INFO] 
12:29:26.587 [INFO]  [Validating] out: [INFO] --- surefire:3.3.0:test (default-test) @ java-ee-servlet ---
12:29:26.696 [INFO]  [Validating] out: [INFO] Using auto detected provider org.apache.maven.surefire.junit4.JUnit4Provider
12:29:26.736 [INFO]  [Validating] out: [INFO] 
12:29:26.736 [INFO]  [Validating] out: [INFO] -------------------------------------------------------
12:29:26.736 [INFO]  [Validating] out: [INFO]  T E S T S
12:29:26.736 [INFO]  [Validating] out: [INFO] -------------------------------------------------------
12:29:27.127 [INFO]  [Validating] out: [INFO] Running util.DBConnectionDiffblueTest
12:29:27.168 [INFO]  [Validating] out: [WARNING] Tests run: 1, Failures: 0, Errors: 0, Skipped: 1, Time elapsed: 0.030 s -- in util.DBConnectionDiffblueTest
12:29:27.168 [INFO]  [Validating] out: [INFO] Running dao.PostDAODiffblueTest
12:29:27.235 [INFO]  [Validating] err: Loading class `com.mysql.jdbc.Driver'. This is deprecated. The new driver class is `com.mysql.cj.jdbc.Driver'. The driver is automatically registered via the SPI and manual loading of the driver class is generally unnecessary.
12:29:27.244 [INFO]  [Validating] err: com.mysql.cj.jdbc.exceptions.CommunicationsException: Communications link failure
12:29:27.244 [INFO]  [Validating] err: 
12:29:27.244 [INFO]  [Validating] err: The last packet sent successfully to the server was 0 milliseconds ago. The driver has not received any packets from the server.
12:29:27.244 [INFO]  [Validating] err: 	at com.mysql.cj.jdbc.exceptions.SQLError.createCommunicationsException(SQLError.java:165)
12:29:27.244 [INFO]  [Validating] err: 	at com.mysql.cj.jdbc.exceptions.SQLExceptionsMapping.translateException(SQLExceptionsMapping.java:55)
12:29:27.244 [INFO]  [Validating] err: 	at com.mysql.cj.jdbc.ConnectionImpl.createNewIO(ConnectionImpl.java:845)
12:29:27.244 [INFO]  [Validating] err: 	at com.mysql.cj.jdbc.ConnectionImpl.<init>(ConnectionImpl.java:420)
12:29:27.244 [INFO]  [Validating] err: 	at com.mysql.cj.jdbc.ConnectionImpl.getInstance(ConnectionImpl.java:238)
12:29:27.244 [INFO]  [Validating] err: 	at com.mysql.cj.jdbc.NonRegisteringDriver.connect(NonRegisteringDriver.java:180)
12:29:27.244 [INFO]  [Validating] err: 	at java.sql.DriverManager.getConnection(DriverManager.java:664)
12:29:27.244 [INFO]  [Validating] err: 	at java.sql.DriverManager.getConnection(DriverManager.java:247)
12:29:27.244 [INFO]  [Validating] err: 	at util.DBConnection.<init>(DBConnection.java:18)
12:29:27.244 [INFO]  [Validating] err: 	at util.DBConnection.getInstance(DBConnection.java:30)
12:29:27.244 [INFO]  [Validating] err: 	at dao.PostDAO.updatePost(PostDAO.java:79)
12:29:27.244 [INFO]  [Validating] err: 	at dao.PostDAODiffblueTest.testUpdatePost(PostDAODiffblueTest.java:136)
12:29:27.244 [INFO]  [Validating] err: 	at sun.reflect.NativeMethodAccessorImpl.invoke0(Native Method)
12:29:27.244 [INFO]  [Validating] err: 	at sun.reflect.NativeMethodAccessorImpl.invoke(NativeMethodAccessorImpl.java:62)
12:29:27.244 [INFO]  [Validating] err: 	at sun.reflect.DelegatingMethodAccessorImpl.invoke(DelegatingMethodAccessorImpl.java:43)
12:29:27.244 [INFO]  [Validating] err: 	at java.lang.reflect.Method.invoke(Method.java:498)
12:29:27.244 [INFO]  [Validating] err: 	at org.junit.runners.model.FrameworkMethod$1.runReflectiveCall(FrameworkMethod.java:59)
12:29:27.244 [INFO]  [Validating] err: 	at org.junit.internal.runners.model.ReflectiveCallable.run(ReflectiveCallable.java:12)
12:29:27.244 [INFO]  [Validating] err: 	at org.junit.runners.model.FrameworkMethod.invokeExplosively(FrameworkMethod.java:56)
12:29:27.244 [INFO]  [Validating] err: 	at org.junit.internal.runners.statements.InvokeMethod.evaluate(InvokeMethod.java:17)
12:29:27.244 [INFO]  [Validating] err: 	at org.junit.runners.ParentRunner$3.evaluate(ParentRunner.java:306)
12:29:27.244 [INFO]  [Validating] err: 	at org.junit.runners.BlockJUnit4ClassRunner$1.evaluate(BlockJUnit4ClassRunner.java:100)
12:29:27.244 [INFO]  [Validating] err: 	at org.junit.runners.ParentRunner.runLeaf(ParentRunner.java:366)
12:29:27.244 [INFO]  [Validating] err: 	at org.junit.runners.BlockJUnit4ClassRunner.runChild(BlockJUnit4ClassRunner.java:103)
12:29:27.244 [INFO]  [Validating] err: 	at org.junit.runners.BlockJUnit4ClassRunner.runChild(BlockJUnit4ClassRunner.java:63)
12:29:27.244 [INFO]  [Validating] err: 	at org.junit.runners.ParentRunner$4.run(ParentRunner.java:331)
12:29:27.244 [INFO]  [Validating] err: 	at org.junit.runners.ParentRunner$1.schedule(ParentRunner.java:79)
12:29:27.244 [INFO]  [Validating] err: 	at org.junit.runners.ParentRunner.runChildren(ParentRunner.java:329)
12:29:27.244 [INFO]  [Validating] err: 	at org.junit.runners.ParentRunner.access$100(ParentRunner.java:66)
12:29:27.245 [INFO]  [Validating] err: 	at org.junit.runners.ParentRunner$2.evaluate(ParentRunner.java:293)
12:29:27.245 [INFO]  [Validating] err: 	at org.junit.runners.ParentRunner$3.evaluate(ParentRunner.java:306)
12:29:27.245 [INFO]  [Validating] err: 	at org.junit.runners.ParentRunner.run(ParentRunner.java:413)
12:29:27.245 [INFO]  [Validating] err: 	at org.apache.maven.surefire.junit4.JUnit4Provider.execute(JUnit4Provider.java:316)
12:29:27.245 [INFO]  [Validating] err: 	at org.apache.maven.surefire.junit4.JUnit4Provider.executeWithRerun(JUnit4Provider.java:240)
12:29:27.245 [INFO]  [Validating] err: 	at org.apache.maven.surefire.junit4.JUnit4Provider.executeTestSet(JUnit4Provider.java:214)
12:29:27.245 [INFO]  [Validating] err: 	at org.apache.maven.surefire.junit4.JUnit4Provider.invoke(JUnit4Provider.java:155)
12:29:27.245 [INFO]  [Validating] err: 	at org.apache.maven.surefire.booter.ForkedBooter.runSuitesInProcess(ForkedBooter.java:385)
12:29:27.245 [INFO]  [Validating] err: 	at org.apache.maven.surefire.booter.ForkedBooter.execute(ForkedBooter.java:162)
12:29:27.245 [INFO]  [Validating] err: 	at org.apache.maven.surefire.booter.ForkedBooter.run(ForkedBooter.java:507)
12:29:27.245 [INFO]  [Validating] err: 	at org.apache.maven.surefire.booter.ForkedBooter.main(ForkedBooter.java:495)
12:29:27.245 [INFO]  [Validating] err: Caused by: com.mysql.cj.exceptions.CJCommunicationsException: Communications link failure
12:29:27.245 [INFO]  [Validating] err: 
12:29:27.245 [INFO]  [Validating] err: The last packet sent successfully to the server was 0 milliseconds ago. The driver has not received any packets from the server.
12:29:27.245 [INFO]  [Validating] err: 	at sun.reflect.NativeConstructorAccessorImpl.newInstance0(Native Method)
12:29:27.245 [INFO]  [Validating] err: 	at sun.reflect.NativeConstructorAccessorImpl.newInstance(NativeConstructorAccessorImpl.java:62)
12:29:27.245 [INFO]  [Validating] err: 	at sun.reflect.DelegatingConstructorAccessorImpl.newInstance(DelegatingConstructorAccessorImpl.java:45)
12:29:27.245 [INFO]  [Validating] err: 	at java.lang.reflect.Constructor.newInstance(Constructor.java:423)
12:29:27.245 [INFO]  [Validating] err: 	at com.mysql.cj.exceptions.ExceptionFactory.createException(ExceptionFactory.java:52)
12:29:27.245 [INFO]  [Validating] err: 	at com.mysql.cj.exceptions.ExceptionFactory.createException(ExceptionFactory.java:95)
12:29:27.245 [INFO]  [Validating] err: 	at com.mysql.cj.exceptions.ExceptionFactory.createException(ExceptionFactory.java:140)
12:29:27.245 [INFO]  [Validating] err: 	at com.mysql.cj.exceptions.ExceptionFactory.createCommunicationsException(ExceptionFactory.java:156)
12:29:27.245 [INFO]  [Validating] err: 	at com.mysql.cj.protocol.a.NativeSocketConnection.connect(NativeSocketConnection.java:79)
12:29:27.245 [INFO]  [Validating] err: 	at com.mysql.cj.NativeSession.connect(NativeSession.java:140)
12:29:27.245 [INFO]  [Validating] err: 	at com.mysql.cj.jdbc.ConnectionImpl.connectOneTryOnly(ConnectionImpl.java:969)
12:29:27.245 [INFO]  [Validating] err: 	at com.mysql.cj.jdbc.ConnectionImpl.createNewIO(ConnectionImpl.java:833)
12:29:27.245 [INFO]  [Validating] err: 	... 37 more
12:29:27.245 [INFO]  [Validating] err: Caused by: java.net.ConnectException: Connection refused (Connection refused)
12:29:27.245 [INFO]  [Validating] err: 	at java.net.PlainSocketImpl.socketConnect(Native Method)
12:29:27.245 [INFO]  [Validating] err: 	at java.net.AbstractPlainSocketImpl.doConnect(AbstractPlainSocketImpl.java:350)
12:29:27.245 [INFO]  [Validating] err: 	at java.net.AbstractPlainSocketImpl.connectToAddress(AbstractPlainSocketImpl.java:206)
12:29:27.245 [INFO]  [Validating] err: 	at java.net.AbstractPlainSocketImpl.connect(AbstractPlainSocketImpl.java:188)
12:29:27.245 [INFO]  [Validating] err: 	at java.net.SocksSocketImpl.connect(SocksSocketImpl.java:392)
12:29:27.245 [INFO]  [Validating] err: 	at java.net.Socket.connect(Socket.java:613)
12:29:27.246 [INFO]  [Validating] err: 	at com.mysql.cj.protocol.StandardSocketFactory.connect(StandardSocketFactory.java:144)
12:29:27.246 [INFO]  [Validating] err: 	at com.mysql.cj.protocol.a.NativeSocketConnection.connect(NativeSocketConnection.java:53)
12:29:27.246 [INFO]  [Validating] err: 	... 40 more
12:29:27.260 [INFO]  [Validating] out: [WARNING] Tests run: 7, Failures: 0, Errors: 0, Skipped: 5, Time elapsed: 0.078 s -- in dao.PostDAODiffblueTest
12:29:27.260 [INFO]  [Validating] out: [INFO] Running dao.UserDAODiffblueTest
12:29:27.264 [INFO]  [Validating] err: com.mysql.cj.jdbc.exceptions.CommunicationsException: Communications link failure
12:29:27.264 [INFO]  [Validating] err: 
12:29:27.264 [INFO]  [Validating] err: The last packet sent successfully to the server was 0 milliseconds ago. The driver has not received any packets from the server.
12:29:27.264 [INFO]  [Validating] err: 	at com.mysql.cj.jdbc.exceptions.SQLError.createCommunicationsException(SQLError.java:165)
12:29:27.264 [INFO]  [Validating] err: 	at com.mysql.cj.jdbc.exceptions.SQLExceptionsMapping.translateException(SQLExceptionsMapping.java:55)
12:29:27.264 [INFO]  [Validating] err: 	at com.mysql.cj.jdbc.ConnectionImpl.createNewIO(ConnectionImpl.java:845)
12:29:27.264 [INFO]  [Validating] err: 	at com.mysql.cj.jdbc.ConnectionImpl.<init>(ConnectionImpl.java:420)
12:29:27.264 [INFO]  [Validating] err: 	at com.mysql.cj.jdbc.ConnectionImpl.getInstance(ConnectionImpl.java:238)
12:29:27.264 [INFO]  [Validating] err: 	at com.mysql.cj.jdbc.NonRegisteringDriver.connect(NonRegisteringDriver.java:180)
12:29:27.264 [INFO]  [Validating] err: 	at java.sql.DriverManager.getConnection(DriverManager.java:664)
12:29:27.264 [INFO]  [Validating] err: 	at java.sql.DriverManager.getConnection(DriverManager.java:247)
12:29:27.264 [INFO]  [Validating] err: 	at util.DBConnection.<init>(DBConnection.java:18)
12:29:27.264 [INFO]  [Validating] err: 	at util.DBConnection.getInstance(DBConnection.java:30)
12:29:27.265 [INFO]  [Validating] err: 	at dao.UserDAO.register(UserDAO.java:38)
12:29:27.265 [INFO]  [Validating] err: 	at dao.UserDAODiffblueTest.testRegister(UserDAODiffblueTest.java:41)
12:29:27.265 [INFO]  [Validating] err: 	at sun.reflect.NativeMethodAccessorImpl.invoke0(Native Method)
12:29:27.265 [INFO]  [Validating] err: 	at sun.reflect.NativeMethodAccessorImpl.invoke(NativeMethodAccessorImpl.java:62)
12:29:27.265 [INFO]  [Validating] err: 	at sun.reflect.DelegatingMethodAccessorImpl.invoke(DelegatingMethodAccessorImpl.java:43)
12:29:27.265 [INFO]  [Validating] err: 	at java.lang.reflect.Method.invoke(Method.java:498)
12:29:27.265 [INFO]  [Validating] err: 	at org.junit.runners.model.FrameworkMethod$1.runReflectiveCall(FrameworkMethod.java:59)
12:29:27.265 [INFO]  [Validating] err: 	at org.junit.internal.runners.model.ReflectiveCallable.run(ReflectiveCallable.java:12)
12:29:27.265 [INFO]  [Validating] err: 	at org.junit.runners.model.FrameworkMethod.invokeExplosively(FrameworkMethod.java:56)
12:29:27.265 [INFO]  [Validating] err: 	at org.junit.internal.runners.statements.InvokeMethod.evaluate(InvokeMethod.java:17)
12:29:27.265 [INFO]  [Validating] err: 	at org.junit.runners.ParentRunner$3.evaluate(ParentRunner.java:306)
12:29:27.265 [INFO]  [Validating] err: 	at org.junit.runners.BlockJUnit4ClassRunner$1.evaluate(BlockJUnit4ClassRunner.java:100)
12:29:27.265 [INFO]  [Validating] err: 	at org.junit.runners.ParentRunner.runLeaf(ParentRunner.java:366)
12:29:27.265 [INFO]  [Validating] err: 	at org.junit.runners.BlockJUnit4ClassRunner.runChild(BlockJUnit4ClassRunner.java:103)
12:29:27.265 [INFO]  [Validating] err: 	at org.junit.runners.BlockJUnit4ClassRunner.runChild(BlockJUnit4ClassRunner.java:63)
12:29:27.265 [INFO]  [Validating] err: 	at org.junit.runners.ParentRunner$4.run(ParentRunner.java:331)
12:29:27.265 [INFO]  [Validating] err: 	at org.junit.runners.ParentRunner$1.schedule(ParentRunner.java:79)
12:29:27.265 [INFO]  [Validating] err: 	at org.junit.runners.ParentRunner.runChildren(ParentRunner.java:329)
12:29:27.265 [INFO]  [Validating] err: 	at org.junit.runners.ParentRunner.access$100(ParentRunner.java:66)
12:29:27.265 [INFO]  [Validating] err: 	at org.junit.runners.ParentRunner$2.evaluate(ParentRunner.java:293)
12:29:27.265 [INFO]  [Validating] err: 	at org.junit.runners.ParentRunner$3.evaluate(ParentRunner.java:306)
12:29:27.265 [INFO]  [Validating] err: 	at org.junit.runners.ParentRunner.run(ParentRunner.java:413)
12:29:27.265 [INFO]  [Validating] err: 	at org.apache.maven.surefire.junit4.JUnit4Provider.execute(JUnit4Provider.java:316)
12:29:27.265 [INFO]  [Validating] err: 	at org.apache.maven.surefire.junit4.JUnit4Provider.executeWithRerun(JUnit4Provider.java:240)
12:29:27.265 [INFO]  [Validating] err: 	at org.apache.maven.surefire.junit4.JUnit4Provider.executeTestSet(JUnit4Provider.java:214)
12:29:27.265 [INFO]  [Validating] err: 	at org.apache.maven.surefire.junit4.JUnit4Provider.invoke(JUnit4Provider.java:155)
12:29:27.265 [INFO]  [Validating] err: 	at org.apache.maven.surefire.booter.ForkedBooter.runSuitesInProcess(ForkedBooter.java:385)
12:29:27.265 [INFO]  [Validating] err: 	at org.apache.maven.surefire.booter.ForkedBooter.execute(ForkedBooter.java:162)
12:29:27.265 [INFO]  [Validating] err: 	at org.apache.maven.surefire.booter.ForkedBooter.run(ForkedBooter.java:507)
12:29:27.265 [INFO]  [Validating] err: 	at org.apache.maven.surefire.booter.ForkedBooter.main(ForkedBooter.java:495)
12:29:27.265 [INFO]  [Validating] err: Caused by: com.mysql.cj.exceptions.CJCommunicationsException: Communications link failure
12:29:27.265 [INFO]  [Validating] err: 
12:29:27.265 [INFO]  [Validating] err: The last packet sent successfully to the server was 0 milliseconds ago. The driver has not received any packets from the server.
12:29:27.265 [INFO]  [Validating] err: 	at sun.reflect.NativeConstructorAccessorImpl.newInstance0(Native Method)
12:29:27.265 [INFO]  [Validating] err: 	at sun.reflect.NativeConstructorAccessorImpl.newInstance(NativeConstructorAccessorImpl.java:62)
12:29:27.265 [INFO]  [Validating] err: 	at sun.reflect.DelegatingConstructorAccessorImpl.newInstance(DelegatingConstructorAccessorImpl.java:45)
12:29:27.265 [INFO]  [Validating] err: 	at java.lang.reflect.Constructor.newInstance(Constructor.java:423)
12:29:27.265 [INFO]  [Validating] err: 	at com.mysql.cj.exceptions.ExceptionFactory.createException(ExceptionFactory.java:52)
12:29:27.265 [INFO]  [Validating] err: 	at com.mysql.cj.exceptions.ExceptionFactory.createException(ExceptionFactory.java:95)
12:29:27.265 [INFO]  [Validating] err: 	at com.mysql.cj.exceptions.ExceptionFactory.createException(ExceptionFactory.java:140)
12:29:27.265 [INFO]  [Validating] err: 	at com.mysql.cj.exceptions.ExceptionFactory.createCommunicationsException(ExceptionFactory.java:156)
12:29:27.265 [INFO]  [Validating] err: 	at com.mysql.cj.protocol.a.NativeSocketConnection.connect(NativeSocketConnection.java:79)
12:29:27.265 [INFO]  [Validating] err: 	at com.mysql.cj.NativeSession.connect(NativeSession.java:140)
12:29:27.265 [INFO]  [Validating] err: 	at com.mysql.cj.jdbc.ConnectionImpl.connectOneTryOnly(ConnectionImpl.java:969)
12:29:27.265 [INFO]  [Validating] err: 	at com.mysql.cj.jdbc.ConnectionImpl.createNewIO(ConnectionImpl.java:833)
12:29:27.265 [INFO]  [Validating] err: 	... 37 more
12:29:27.265 [INFO]  [Validating] err: Caused by: java.net.ConnectException: Connection refused (Connection refused)
12:29:27.265 [INFO]  [Validating] err: 	at java.net.PlainSocketImpl.socketConnect(Native Method)
12:29:27.265 [INFO]  [Validating] err: 	at java.net.AbstractPlainSocketImpl.doConnect(AbstractPlainSocketImpl.java:350)
12:29:27.265 [INFO]  [Validating] err: 	at java.net.AbstractPlainSocketImpl.connectToAddress(AbstractPlainSocketImpl.java:206)
12:29:27.265 [INFO]  [Validating] err: 	at java.net.AbstractPlainSocketImpl.connect(AbstractPlainSocketImpl.java:188)
12:29:27.265 [INFO]  [Validating] err: 	at java.net.SocksSocketImpl.connect(SocksSocketImpl.java:392)
12:29:27.265 [INFO]  [Validating] err: 	at java.net.Socket.connect(Socket.java:613)
12:29:27.265 [INFO]  [Validating] err: 	at com.mysql.cj.protocol.StandardSocketFactory.connect(StandardSocketFactory.java:144)
12:29:27.265 [INFO]  [Validating] err: 	at com.mysql.cj.protocol.a.NativeSocketConnection.connect(NativeSocketConnection.java:53)
12:29:27.265 [INFO]  [Validating] err: 	... 40 more
12:29:27.271 [INFO]  [Validating] err: com.mysql.cj.jdbc.exceptions.CommunicationsException: Communications link failure
12:29:27.271 [INFO]  [Validating] err: 
12:29:27.271 [INFO]  [Validating] err: The last packet sent successfully to the server was 0 milliseconds ago. The driver has not received any packets from the server.
12:29:27.271 [INFO]  [Validating] err: 	at com.mysql.cj.jdbc.exceptions.SQLError.createCommunicationsException(SQLError.java:165)
12:29:27.271 [INFO]  [Validating] err: 	at com.mysql.cj.jdbc.exceptions.SQLExceptionsMapping.translateException(SQLExceptionsMapping.java:55)
12:29:27.271 [INFO]  [Validating] err: 	at com.mysql.cj.jdbc.ConnectionImpl.createNewIO(ConnectionImpl.java:845)
12:29:27.271 [INFO]  [Validating] err: 	at com.mysql.cj.jdbc.ConnectionImpl.<init>(ConnectionImpl.java:420)
12:29:27.271 [INFO]  [Validating] err: 	at com.mysql.cj.jdbc.ConnectionImpl.getInstance(ConnectionImpl.java:238)
12:29:27.271 [INFO]  [Validating] err: 	at com.mysql.cj.jdbc.NonRegisteringDriver.connect(NonRegisteringDriver.java:180)
12:29:27.271 [INFO]  [Validating] err: 	at java.sql.DriverManager.getConnection(DriverManager.java:664)
12:29:27.271 [INFO]  [Validating] err: 	at java.sql.DriverManager.getConnection(DriverManager.java:247)
12:29:27.271 [INFO]  [Validating] err: 	at util.DBConnection.<init>(DBConnection.java:18)
12:29:27.271 [INFO]  [Validating] err: 	at util.DBConnection.getInstance(DBConnection.java:30)
12:29:27.271 [INFO]  [Validating] err: 	at dao.UserDAO.updateProfile(UserDAO.java:117)
12:29:27.271 [INFO]  [Validating] err: 	at dao.UserDAODiffblueTest.testUpdateProfile(UserDAODiffblueTest.java:146)
12:29:27.271 [INFO]  [Validating] err: 	at sun.reflect.NativeMethodAccessorImpl.invoke0(Native Method)
12:29:27.271 [INFO]  [Validating] err: 	at sun.reflect.NativeMethodAccessorImpl.invoke(NativeMethodAccessorImpl.java:62)
12:29:27.271 [INFO]  [Validating] err: 	at sun.reflect.DelegatingMethodAccessorImpl.invoke(DelegatingMethodAccessorImpl.java:43)
12:29:27.271 [INFO]  [Validating] err: 	at java.lang.reflect.Method.invoke(Method.java:498)
12:29:27.271 [INFO]  [Validating] err: 	at org.junit.runners.model.FrameworkMethod$1.runReflectiveCall(FrameworkMethod.java:59)
12:29:27.271 [INFO]  [Validating] err: 	at org.junit.internal.runners.model.ReflectiveCallable.run(ReflectiveCallable.java:12)
12:29:27.271 [INFO]  [Validating] err: 	at org.junit.runners.model.FrameworkMethod.invokeExplosively(FrameworkMethod.java:56)
12:29:27.271 [INFO]  [Validating] err: 	at org.junit.internal.runners.statements.InvokeMethod.evaluate(InvokeMethod.java:17)
12:29:27.271 [INFO]  [Validating] err: 	at org.junit.runners.ParentRunner$3.evaluate(ParentRunner.java:306)
12:29:27.271 [INFO]  [Validating] err: 	at org.junit.runners.BlockJUnit4ClassRunner$1.evaluate(BlockJUnit4ClassRunner.java:100)
12:29:27.271 [INFO]  [Validating] err: 	at org.junit.runners.ParentRunner.runLeaf(ParentRunner.java:366)
12:29:27.271 [INFO]  [Validating] err: 	at org.junit.runners.BlockJUnit4ClassRunner.runChild(BlockJUnit4ClassRunner.java:103)
12:29:27.271 [INFO]  [Validating] err: 	at org.junit.runners.BlockJUnit4ClassRunner.runChild(BlockJUnit4ClassRunner.java:63)
12:29:27.271 [INFO]  [Validating] err: 	at org.junit.runners.ParentRunner$4.run(ParentRunner.java:331)
12:29:27.271 [INFO]  [Validating] err: 	at org.junit.runners.ParentRunner$1.schedule(ParentRunner.java:79)
12:29:27.271 [INFO]  [Validating] err: 	at org.junit.runners.ParentRunner.runChildren(ParentRunner.java:329)
12:29:27.271 [INFO]  [Validating] err: 	at org.junit.runners.ParentRunner.access$100(ParentRunner.java:66)
12:29:27.271 [INFO]  [Validating] err: 	at org.junit.runners.ParentRunner$2.evaluate(ParentRunner.java:293)
12:29:27.271 [INFO]  [Validating] err: 	at org.junit.runners.ParentRunner$3.evaluate(ParentRunner.java:306)
12:29:27.271 [INFO]  [Validating] err: 	at org.junit.runners.ParentRunner.run(ParentRunner.java:413)
12:29:27.271 [INFO]  [Validating] err: 	at org.apache.maven.surefire.junit4.JUnit4Provider.execute(JUnit4Provider.java:316)
12:29:27.271 [INFO]  [Validating] err: 	at org.apache.maven.surefire.junit4.JUnit4Provider.executeWithRerun(JUnit4Provider.java:240)
12:29:27.271 [INFO]  [Validating] err: 	at org.apache.maven.surefire.junit4.JUnit4Provider.executeTestSet(JUnit4Provider.java:214)
12:29:27.271 [INFO]  [Validating] err: 	at org.apache.maven.surefire.junit4.JUnit4Provider.invoke(JUnit4Provider.java:155)
12:29:27.271 [INFO]  [Validating] err: 	at org.apache.maven.surefire.booter.ForkedBooter.runSuitesInProcess(ForkedBooter.java:385)
12:29:27.271 [INFO]  [Validating] err: 	at org.apache.maven.surefire.booter.ForkedBooter.execute(ForkedBooter.java:162)
12:29:27.271 [INFO]  [Validating] err: 	at org.apache.maven.surefire.booter.ForkedBooter.run(ForkedBooter.java:507)
12:29:27.271 [INFO]  [Validating] err: 	at org.apache.maven.surefire.booter.ForkedBooter.main(ForkedBooter.java:495)
12:29:27.271 [INFO]  [Validating] err: Caused by: com.mysql.cj.exceptions.CJCommunicationsException: Communications link failure
12:29:27.271 [INFO]  [Validating] err: 
12:29:27.271 [INFO]  [Validating] err: The last packet sent successfully to the server was 0 milliseconds ago. The driver has not received any packets from the server.
12:29:27.271 [INFO]  [Validating] err: 	at sun.reflect.NativeConstructorAccessorImpl.newInstance0(Native Method)
12:29:27.272 [INFO]  [Validating] err: 	at sun.reflect.NativeConstructorAccessorImpl.newInstance(NativeConstructorAccessorImpl.java:62)
12:29:27.272 [INFO]  [Validating] err: 	at sun.reflect.DelegatingConstructorAccessorImpl.newInstance(DelegatingConstructorAccessorImpl.java:45)
12:29:27.272 [INFO]  [Validating] err: 	at java.lang.reflect.Constructor.newInstance(Constructor.java:423)
12:29:27.272 [INFO]  [Validating] err: 	at com.mysql.cj.exceptions.ExceptionFactory.createException(ExceptionFactory.java:52)
12:29:27.272 [INFO]  [Validating] err: 	at com.mysql.cj.exceptions.ExceptionFactory.createException(ExceptionFactory.java:95)
12:29:27.272 [INFO]  [Validating] err: 	at com.mysql.cj.exceptions.ExceptionFactory.createException(ExceptionFactory.java:140)
12:29:27.272 [INFO]  [Validating] err: 	at com.mysql.cj.exceptions.ExceptionFactory.createCommunicationsException(ExceptionFactory.java:156)
12:29:27.272 [INFO]  [Validating] err: 	at com.mysql.cj.protocol.a.NativeSocketConnection.connect(NativeSocketConnection.java:79)
12:29:27.272 [INFO]  [Validating] err: 	at com.mysql.cj.NativeSession.connect(NativeSession.java:140)
12:29:27.272 [INFO]  [Validating] err: 	at com.mysql.cj.jdbc.ConnectionImpl.connectOneTryOnly(ConnectionImpl.java:969)
12:29:27.272 [INFO]  [Validating] err: 	at com.mysql.cj.jdbc.ConnectionImpl.createNewIO(ConnectionImpl.java:833)
12:29:27.272 [INFO]  [Validating] err: 	... 37 more
12:29:27.272 [INFO]  [Validating] err: Caused by: java.net.ConnectException: Connection refused (Connection refused)
12:29:27.272 [INFO]  [Validating] err: 	at java.net.PlainSocketImpl.socketConnect(Native Method)
12:29:27.272 [INFO]  [Validating] err: 	at java.net.AbstractPlainSocketImpl.doConnect(AbstractPlainSocketImpl.java:350)
12:29:27.272 [INFO]  [Validating] err: 	at java.net.AbstractPlainSocketImpl.connectToAddress(AbstractPlainSocketImpl.java:206)
12:29:27.272 [INFO]  [Validating] err: 	at java.net.AbstractPlainSocketImpl.connect(AbstractPlainSocketImpl.java:188)
12:29:27.272 [INFO]  [Validating] err: 	at java.net.SocksSocketImpl.connect(SocksSocketImpl.java:392)
12:29:27.272 [INFO]  [Validating] err: 	at java.net.Socket.connect(Socket.java:613)
12:29:27.272 [INFO]  [Validating] err: 	at com.mysql.cj.protocol.StandardSocketFactory.connect(StandardSocketFactory.java:144)
12:29:27.272 [INFO]  [Validating] err: 	at com.mysql.cj.protocol.a.NativeSocketConnection.connect(NativeSocketConnection.java:53)
12:29:27.272 [INFO]  [Validating] err: 	... 40 more
12:29:27.277 [INFO]  [Validating] err: com.mysql.cj.jdbc.exceptions.CommunicationsException: Communications link failure
12:29:27.277 [INFO]  [Validating] err: 
12:29:27.277 [INFO]  [Validating] err: The last packet sent successfully to the server was 0 milliseconds ago. The driver has not received any packets from the server.
12:29:27.277 [INFO]  [Validating] err: 	at com.mysql.cj.jdbc.exceptions.SQLError.createCommunicationsException(SQLError.java:165)
12:29:27.277 [INFO]  [Validating] err: 	at com.mysql.cj.jdbc.exceptions.SQLExceptionsMapping.translateException(SQLExceptionsMapping.java:55)
12:29:27.277 [INFO]  [Validating] err: 	at com.mysql.cj.jdbc.ConnectionImpl.createNewIO(ConnectionImpl.java:845)
12:29:27.277 [INFO]  [Validating] err: 	at com.mysql.cj.jdbc.ConnectionImpl.<init>(ConnectionImpl.java:420)
12:29:27.277 [INFO]  [Validating] err: 	at com.mysql.cj.jdbc.ConnectionImpl.getInstance(ConnectionImpl.java:238)
12:29:27.277 [INFO]  [Validating] err: 	at com.mysql.cj.jdbc.NonRegisteringDriver.connect(NonRegisteringDriver.java:180)
12:29:27.277 [INFO]  [Validating] err: 	at java.sql.DriverManager.getConnection(DriverManager.java:664)
12:29:27.278 [INFO]  [Validating] err: 	at java.sql.DriverManager.getConnection(DriverManager.java:247)
12:29:27.278 [INFO]  [Validating] err: 	at util.DBConnection.<init>(DBConnection.java:18)
12:29:27.278 [INFO]  [Validating] err: 	at util.DBConnection.getInstance(DBConnection.java:30)
12:29:27.278 [INFO]  [Validating] err: 	at dao.UserDAO.updatePassword(UserDAO.java:136)
12:29:27.278 [INFO]  [Validating] err: 	at dao.UserDAODiffblueTest.testUpdatePassword(UserDAODiffblueTest.java:163)
12:29:27.278 [INFO]  [Validating] err: 	at sun.reflect.NativeMethodAccessorImpl.invoke0(Native Method)
12:29:27.278 [INFO]  [Validating] err: 	at sun.reflect.NativeMethodAccessorImpl.invoke(NativeMethodAccessorImpl.java:62)
12:29:27.278 [INFO]  [Validating] err: 	at sun.reflect.DelegatingMethodAccessorImpl.invoke(DelegatingMethodAccessorImpl.java:43)
12:29:27.278 [INFO]  [Validating] err: 	at java.lang.reflect.Method.invoke(Method.java:498)
12:29:27.278 [INFO]  [Validating] err: 	at org.junit.runners.model.FrameworkMethod$1.runReflectiveCall(FrameworkMethod.java:59)
12:29:27.278 [INFO]  [Validating] err: 	at org.junit.internal.runners.model.ReflectiveCallable.run(ReflectiveCallable.java:12)
12:29:27.278 [INFO]  [Validating] err: 	at org.junit.runners.model.FrameworkMethod.invokeExplosively(FrameworkMethod.java:56)
12:29:27.278 [INFO]  [Validating] err: 	at org.junit.internal.runners.statements.InvokeMethod.evaluate(InvokeMethod.java:17)
12:29:27.278 [INFO]  [Validating] err: 	at org.junit.runners.ParentRunner$3.evaluate(ParentRunner.java:306)
12:29:27.278 [INFO]  [Validating] err: 	at org.junit.runners.BlockJUnit4ClassRunner$1.evaluate(BlockJUnit4ClassRunner.java:100)
12:29:27.278 [INFO]  [Validating] err: 	at org.junit.runners.ParentRunner.runLeaf(ParentRunner.java:366)
12:29:27.278 [INFO]  [Validating] err: 	at org.junit.runners.BlockJUnit4ClassRunner.runChild(BlockJUnit4ClassRunner.java:103)
12:29:27.278 [INFO]  [Validating] err: 	at org.junit.runners.BlockJUnit4ClassRunner.runChild(BlockJUnit4ClassRunner.java:63)
12:29:27.278 [INFO]  [Validating] err: 	at org.junit.runners.ParentRunner$4.run(ParentRunner.java:331)
12:29:27.278 [INFO]  [Validating] err: 	at org.junit.runners.ParentRunner$1.schedule(ParentRunner.java:79)
12:29:27.278 [INFO]  [Validating] err: 	at org.junit.runners.ParentRunner.runChildren(ParentRunner.java:329)
12:29:27.278 [INFO]  [Validating] err: 	at org.junit.runners.ParentRunner.access$100(ParentRunner.java:66)
12:29:27.278 [INFO]  [Validating] err: 	at org.junit.runners.ParentRunner$2.evaluate(ParentRunner.java:293)
12:29:27.278 [INFO]  [Validating] err: 	at org.junit.runners.ParentRunner$3.evaluate(ParentRunner.java:306)
12:29:27.278 [INFO]  [Validating] err: 	at org.junit.runners.ParentRunner.run(ParentRunner.java:413)
12:29:27.278 [INFO]  [Validating] err: 	at org.apache.maven.surefire.junit4.JUnit4Provider.execute(JUnit4Provider.java:316)
12:29:27.278 [INFO]  [Validating] err: 	at org.apache.maven.surefire.junit4.JUnit4Provider.executeWithRerun(JUnit4Provider.java:240)
12:29:27.278 [INFO]  [Validating] err: 	at org.apache.maven.surefire.junit4.JUnit4Provider.executeTestSet(JUnit4Provider.java:214)
12:29:27.278 [INFO]  [Validating] err: 	at org.apache.maven.surefire.junit4.JUnit4Provider.invoke(JUnit4Provider.java:155)
12:29:27.278 [INFO]  [Validating] err: 	at org.apache.maven.surefire.booter.ForkedBooter.runSuitesInProcess(ForkedBooter.java:385)
12:29:27.278 [INFO]  [Validating] err: 	at org.apache.maven.surefire.booter.ForkedBooter.execute(ForkedBooter.java:162)
12:29:27.278 [INFO]  [Validating] err: 	at org.apache.maven.surefire.booter.ForkedBooter.run(ForkedBooter.java:507)
12:29:27.278 [INFO]  [Validating] err: 	at org.apache.maven.surefire.booter.ForkedBooter.main(ForkedBooter.java:495)
12:29:27.278 [INFO]  [Validating] err: Caused by: com.mysql.cj.exceptions.CJCommunicationsException: Communications link failure
12:29:27.278 [INFO]  [Validating] err: 
12:29:27.278 [INFO]  [Validating] err: The last packet sent successfully to the server was 0 milliseconds ago. The driver has not received any packets from the server.
12:29:27.278 [INFO]  [Validating] err: 	at sun.reflect.NativeConstructorAccessorImpl.newInstance0(Native Method)
12:29:27.278 [INFO]  [Validating] err: 	at sun.reflect.NativeConstructorAccessorImpl.newInstance(NativeConstructorAccessorImpl.java:62)
12:29:27.278 [INFO]  [Validating] err: 	at sun.reflect.DelegatingConstructorAccessorImpl.newInstance(DelegatingConstructorAccessorImpl.java:45)
12:29:27.278 [INFO]  [Validating] err: 	at java.lang.reflect.Constructor.newInstance(Constructor.java:423)
12:29:27.278 [INFO]  [Validating] err: 	at com.mysql.cj.exceptions.ExceptionFactory.createException(ExceptionFactory.java:52)
12:29:27.278 [INFO]  [Validating] err: 	at com.mysql.cj.exceptions.ExceptionFactory.createException(ExceptionFactory.java:95)
12:29:27.278 [INFO]  [Validating] err: 	at com.mysql.cj.exceptions.ExceptionFactory.createException(ExceptionFactory.java:140)
12:29:27.278 [INFO]  [Validating] err: 	at com.mysql.cj.exceptions.ExceptionFactory.createCommunicationsException(ExceptionFactory.java:156)
12:29:27.278 [INFO]  [Validating] err: 	at com.mysql.cj.protocol.a.NativeSocketConnection.connect(NativeSocketConnection.java:79)
12:29:27.278 [INFO]  [Validating] err: 	at com.mysql.cj.NativeSession.connect(NativeSession.java:140)
12:29:27.278 [INFO]  [Validating] err: 	at com.mysql.cj.jdbc.ConnectionImpl.connectOneTryOnly(ConnectionImpl.java:969)
12:29:27.278 [INFO]  [Validating] err: 	at com.mysql.cj.jdbc.ConnectionImpl.createNewIO(ConnectionImpl.java:833)
12:29:27.278 [INFO]  [Validating] err: 	... 37 more
12:29:27.278 [INFO]  [Validating] err: Caused by: java.net.ConnectException: Connection refused (Connection refused)
12:29:27.278 [INFO]  [Validating] err: 	at java.net.PlainSocketImpl.socketConnect(Native Method)
12:29:27.278 [INFO]  [Validating] err: 	at java.net.AbstractPlainSocketImpl.doConnect(AbstractPlainSocketImpl.java:350)
12:29:27.278 [INFO]  [Validating] err: 	at java.net.AbstractPlainSocketImpl.connectToAddress(AbstractPlainSocketImpl.java:206)
12:29:27.278 [INFO]  [Validating] err: 	at java.net.AbstractPlainSocketImpl.connect(AbstractPlainSocketImpl.java:188)
12:29:27.278 [INFO]  [Validating] err: 	at java.net.SocksSocketImpl.connect(SocksSocketImpl.java:392)
12:29:27.278 [INFO]  [Validating] err: 	at java.net.Socket.connect(Socket.java:613)
12:29:27.278 [INFO]  [Validating] err: 	at com.mysql.cj.protocol.StandardSocketFactory.connect(StandardSocketFactory.java:144)
12:29:27.278 [INFO]  [Validating] err: 	at com.mysql.cj.protocol.a.NativeSocketConnection.connect(NativeSocketConnection.java:53)
12:29:27.278 [INFO]  [Validating] err: 	... 40 more
12:29:27.297 [INFO]  [Validating] out: [WARNING] Tests run: 9, Failures: 0, Errors: 0, Skipped: 4, Time elapsed: 0.018 s -- in dao.UserDAODiffblueTest
12:29:27.297 [INFO]  [Validating] out: [INFO] Running dao.MessageDAODiffblueTest
12:29:27.302 [INFO]  [Validating] out: [WARNING] Tests run: 7, Failures: 0, Errors: 0, Skipped: 6, Time elapsed: 0 s -- in dao.MessageDAODiffblueTest
12:29:27.302 [INFO]  [Validating] out: [INFO] Running controller.ProfileServletDiffblueTest
12:29:27.306 [INFO]  [Validating] out: [INFO] Tests run: 5, Failures: 0, Errors: 0, Skipped: 0, Time elapsed: 0 s -- in controller.ProfileServletDiffblueTest
12:29:27.306 [INFO]  [Validating] out: [INFO] Running controller.MessageServletDiffblueTest
12:29:27.311 [INFO]  [Validating] out: [INFO] Tests run: 5, Failures: 0, Errors: 0, Skipped: 0, Time elapsed: 0.001 s -- in controller.MessageServletDiffblueTest
12:29:27.311 [INFO]  [Validating] out: [INFO] Running controller.LogoutServletDiffblueTest
12:29:27.317 [INFO]  [Validating] out: [INFO] Tests run: 5, Failures: 0, Errors: 0, Skipped: 0, Time elapsed: 0 s -- in controller.LogoutServletDiffblueTest
12:29:27.317 [INFO]  [Validating] out: [INFO] Running controller.ViewMessageServletDiffblueTest
12:29:27.327 [INFO]  [Validating] out: [INFO] Tests run: 5, Failures: 0, Errors: 0, Skipped: 0, Time elapsed: 0 s -- in controller.ViewMessageServletDiffblueTest
12:29:27.327 [INFO]  [Validating] out: [INFO] Running controller.LoginServletDiffblueTest
12:29:27.658 [INFO]  [Validating] out: [INFO] Tests run: 5, Failures: 0, Errors: 0, Skipped: 0, Time elapsed: 0.323 s -- in controller.LoginServletDiffblueTest
12:29:27.658 [INFO]  [Validating] out: [INFO] Running controller.RegisterServletDiffblueTest
12:29:27.675 [INFO]  [Validating] err: com.mysql.cj.jdbc.exceptions.CommunicationsException: Communications link failure
12:29:27.675 [INFO]  [Validating] err: 
12:29:27.675 [INFO]  [Validating] err: The last packet sent successfully to the server was 0 milliseconds ago. The driver has not received any packets from the server.
12:29:27.675 [INFO]  [Validating] err: 	at com.mysql.cj.jdbc.exceptions.SQLError.createCommunicationsException(SQLError.java:165)
12:29:27.675 [INFO]  [Validating] err: 	at com.mysql.cj.jdbc.exceptions.SQLExceptionsMapping.translateException(SQLExceptionsMapping.java:55)
12:29:27.675 [INFO]  [Validating] err: 	at com.mysql.cj.jdbc.ConnectionImpl.createNewIO(ConnectionImpl.java:845)
12:29:27.675 [INFO]  [Validating] err: 	at com.mysql.cj.jdbc.ConnectionImpl.<init>(ConnectionImpl.java:420)
12:29:27.675 [INFO]  [Validating] err: 	at com.mysql.cj.jdbc.ConnectionImpl.getInstance(ConnectionImpl.java:238)
12:29:27.675 [INFO]  [Validating] err: 	at com.mysql.cj.jdbc.NonRegisteringDriver.connect(NonRegisteringDriver.java:180)
12:29:27.675 [INFO]  [Validating] err: 	at java.sql.DriverManager.getConnection(DriverManager.java:664)
12:29:27.675 [INFO]  [Validating] err: 	at java.sql.DriverManager.getConnection(DriverManager.java:247)
12:29:27.675 [INFO]  [Validating] err: 	at util.DBConnection.<init>(DBConnection.java:18)
12:29:27.675 [INFO]  [Validating] err: 	at util.DBConnection.getInstance(DBConnection.java:30)
12:29:27.675 [INFO]  [Validating] err: 	at dao.UserDAO.register(UserDAO.java:38)
12:29:27.675 [INFO]  [Validating] err: 	at controller.RegisterServlet.doPost(RegisterServlet.java:95)
12:29:27.675 [INFO]  [Validating] err: 	at controller.RegisterServletDiffblueTest.testDoPost_thenMockHttpServletResponseForwardedUrlIsResource(RegisterServletDiffblueTest.java:111)
12:29:27.675 [INFO]  [Validating] err: 	at sun.reflect.NativeMethodAccessorImpl.invoke0(Native Method)
12:29:27.675 [INFO]  [Validating] err: 	at sun.reflect.NativeMethodAccessorImpl.invoke(NativeMethodAccessorImpl.java:62)
12:29:27.675 [INFO]  [Validating] err: 	at sun.reflect.DelegatingMethodAccessorImpl.invoke(DelegatingMethodAccessorImpl.java:43)
12:29:27.675 [INFO]  [Validating] err: 	at java.lang.reflect.Method.invoke(Method.java:498)
12:29:27.675 [INFO]  [Validating] err: 	at org.junit.runners.model.FrameworkMethod$1.runReflectiveCall(FrameworkMethod.java:59)
12:29:27.675 [INFO]  [Validating] err: 	at org.junit.internal.runners.model.ReflectiveCallable.run(ReflectiveCallable.java:12)
12:29:27.675 [INFO]  [Validating] err: 	at org.junit.runners.model.FrameworkMethod.invokeExplosively(FrameworkMethod.java:56)
12:29:27.675 [INFO]  [Validating] err: 	at org.junit.internal.runners.statements.InvokeMethod.evaluate(InvokeMethod.java:17)
12:29:27.675 [INFO]  [Validating] err: 	at org.junit.runners.ParentRunner$3.evaluate(ParentRunner.java:306)
12:29:27.675 [INFO]  [Validating] err: 	at org.junit.runners.BlockJUnit4ClassRunner$1.evaluate(BlockJUnit4ClassRunner.java:100)
12:29:27.675 [INFO]  [Validating] err: 	at org.junit.runners.ParentRunner.runLeaf(ParentRunner.java:366)
12:29:27.675 [INFO]  [Validating] err: 	at org.junit.runners.BlockJUnit4ClassRunner.runChild(BlockJUnit4ClassRunner.java:103)
12:29:27.675 [INFO]  [Validating] err: 	at org.junit.runners.BlockJUnit4ClassRunner.runChild(BlockJUnit4ClassRunner.java:63)
12:29:27.675 [INFO]  [Validating] err: 	at org.junit.runners.ParentRunner$4.run(ParentRunner.java:331)
12:29:27.675 [INFO]  [Validating] err: 	at org.junit.runners.ParentRunner$1.schedule(ParentRunner.java:79)
12:29:27.675 [INFO]  [Validating] err: 	at org.junit.runners.ParentRunner.runChildren(ParentRunner.java:329)
12:29:27.675 [INFO]  [Validating] err: 	at org.junit.runners.ParentRunner.access$100(ParentRunner.java:66)
12:29:27.675 [INFO]  [Validating] err: 	at org.junit.runners.ParentRunner$2.evaluate(ParentRunner.java:293)
12:29:27.675 [INFO]  [Validating] err: 	at org.junit.runners.ParentRunner$3.evaluate(ParentRunner.java:306)
12:29:27.675 [INFO]  [Validating] err: 	at org.junit.runners.ParentRunner.run(ParentRunner.java:413)
12:29:27.676 [INFO]  [Validating] err: 	at org.apache.maven.surefire.junit4.JUnit4Provider.execute(JUnit4Provider.java:316)
12:29:27.676 [INFO]  [Validating] err: 	at org.apache.maven.surefire.junit4.JUnit4Provider.executeWithRerun(JUnit4Provider.java:240)
12:29:27.676 [INFO]  [Validating] err: 	at org.apache.maven.surefire.junit4.JUnit4Provider.executeTestSet(JUnit4Provider.java:214)
12:29:27.676 [INFO]  [Validating] err: 	at org.apache.maven.surefire.junit4.JUnit4Provider.invoke(JUnit4Provider.java:155)
12:29:27.676 [INFO]  [Validating] err: 	at org.apache.maven.surefire.booter.ForkedBooter.runSuitesInProcess(ForkedBooter.java:385)
12:29:27.676 [INFO]  [Validating] err: 	at org.apache.maven.surefire.booter.ForkedBooter.execute(ForkedBooter.java:162)
12:29:27.676 [INFO]  [Validating] err: 	at org.apache.maven.surefire.booter.ForkedBooter.run(ForkedBooter.java:507)
12:29:27.676 [INFO]  [Validating] err: 	at org.apache.maven.surefire.booter.ForkedBooter.main(ForkedBooter.java:495)
12:29:27.676 [INFO]  [Validating] err: Caused by: com.mysql.cj.exceptions.CJCommunicationsException: Communications link failure
12:29:27.676 [INFO]  [Validating] err: 
12:29:27.676 [INFO]  [Validating] err: The last packet sent successfully to the server was 0 milliseconds ago. The driver has not received any packets from the server.
12:29:27.676 [INFO]  [Validating] err: 	at sun.reflect.NativeConstructorAccessorImpl.newInstance0(Native Method)
12:29:27.676 [INFO]  [Validating] err: 	at sun.reflect.NativeConstructorAccessorImpl.newInstance(NativeConstructorAccessorImpl.java:62)
12:29:27.676 [INFO]  [Validating] err: 	at sun.reflect.DelegatingConstructorAccessorImpl.newInstance(DelegatingConstructorAccessorImpl.java:45)
12:29:27.676 [INFO]  [Validating] err: 	at java.lang.reflect.Constructor.newInstance(Constructor.java:423)
12:29:27.676 [INFO]  [Validating] err: 	at com.mysql.cj.exceptions.ExceptionFactory.createException(ExceptionFactory.java:52)
12:29:27.676 [INFO]  [Validating] err: 	at com.mysql.cj.exceptions.ExceptionFactory.createException(ExceptionFactory.java:95)
12:29:27.676 [INFO]  [Validating] err: 	at com.mysql.cj.exceptions.ExceptionFactory.createException(ExceptionFactory.java:140)
12:29:27.676 [INFO]  [Validating] err: 	at com.mysql.cj.exceptions.ExceptionFactory.createCommunicationsException(ExceptionFactory.java:156)
12:29:27.676 [INFO]  [Validating] err: 	at com.mysql.cj.protocol.a.NativeSocketConnection.connect(NativeSocketConnection.java:79)
12:29:27.676 [INFO]  [Validating] err: 	at com.mysql.cj.NativeSession.connect(NativeSession.java:140)
12:29:27.676 [INFO]  [Validating] err: 	at com.mysql.cj.jdbc.ConnectionImpl.connectOneTryOnly(ConnectionImpl.java:969)
12:29:27.676 [INFO]  [Validating] err: 	at com.mysql.cj.jdbc.ConnectionImpl.createNewIO(ConnectionImpl.java:833)
12:29:27.676 [INFO]  [Validating] err: 	... 38 more
12:29:27.676 [INFO]  [Validating] err: Caused by: java.net.ConnectException: Connection refused (Connection refused)
12:29:27.676 [INFO]  [Validating] err: 	at java.net.PlainSocketImpl.socketConnect(Native Method)
12:29:27.676 [INFO]  [Validating] err: 	at java.net.AbstractPlainSocketImpl.doConnect(AbstractPlainSocketImpl.java:350)
12:29:27.676 [INFO]  [Validating] err: 	at java.net.AbstractPlainSocketImpl.connectToAddress(AbstractPlainSocketImpl.java:206)
12:29:27.676 [INFO]  [Validating] err: 	at java.net.AbstractPlainSocketImpl.connect(AbstractPlainSocketImpl.java:188)
12:29:27.676 [INFO]  [Validating] err: 	at java.net.SocksSocketImpl.connect(SocksSocketImpl.java:392)
12:29:27.676 [INFO]  [Validating] err: 	at java.net.Socket.connect(Socket.java:613)
12:29:27.676 [INFO]  [Validating] err: 	at com.mysql.cj.protocol.StandardSocketFactory.connect(StandardSocketFactory.java:144)
12:29:27.676 [INFO]  [Validating] err: 	at com.mysql.cj.protocol.a.NativeSocketConnection.connect(NativeSocketConnection.java:53)
12:29:27.676 [INFO]  [Validating] err: 	... 41 more
12:29:27.690 [INFO]  [Validating] out: [INFO] Tests run: 5, Failures: 0, Errors: 0, Skipped: 0, Time elapsed: 0.018 s -- in controller.RegisterServletDiffblueTest
12:29:27.690 [INFO]  [Validating] out: [INFO] Running controller.HomeServletDiffblueTest
12:29:27.694 [INFO]  [Validating] out: [INFO] Tests run: 5, Failures: 0, Errors: 0, Skipped: 0, Time elapsed: 0 s -- in controller.HomeServletDiffblueTest
12:29:27.694 [INFO]  [Validating] out: [INFO] Running model.MessageDiffblueTest
12:29:27.699 [INFO]  [Validating] out: [INFO] Tests run: 2, Failures: 0, Errors: 0, Skipped: 0, Time elapsed: 0 s -- in model.MessageDiffblueTest
12:29:27.699 [INFO]  [Validating] out: [INFO] Running model.UserDiffblueTest
12:29:27.705 [INFO]  [Validating] out: [INFO] Tests run: 2, Failures: 0, Errors: 0, Skipped: 0, Time elapsed: 0 s -- in model.UserDiffblueTest
12:29:27.705 [INFO]  [Validating] out: [INFO] Running model.PostDiffblueTest
12:29:27.710 [INFO]  [Validating] out: [INFO] Tests run: 2, Failures: 0, Errors: 0, Skipped: 0, Time elapsed: 0 s -- in model.PostDiffblueTest
12:29:27.718 [INFO]  [Validating] out: [INFO] 
12:29:27.718 [INFO]  [Validating] out: [INFO] Results:
12:29:27.718 [INFO]  [Validating] out: [INFO] 
12:29:27.718 [INFO]  [Validating] out: [WARNING] Tests run: 65, Failures: 0, Errors: 0, Skipped: 16
12:29:27.718 [INFO]  [Validating] out: [INFO] 
12:29:27.763 [INFO]  [Validating] out: [INFO] ------------------------------------------------------------------------
12:29:27.763 [INFO]  [Validating] out: [INFO] BUILD SUCCESS
12:29:27.763 [INFO]  [Validating] out: [INFO] ------------------------------------------------------------------------
12:29:27.764 [INFO]  [Validating] out: [INFO] Total time:  2.973 s
12:29:27.764 [INFO]  [Validating] out: [INFO] Finished at: 2025-03-06T12:29:27Z
12:29:27.764 [INFO]  [Validating] out: [INFO] ------------------------------------------------------------------------
12:29:27.965 [INFO]  [Validating] All 46 created tests were successfully validated.
12:29:27.981 [INFO]  [Measuring] Calculating coverage from Diffblue tests.
12:29:27.985 [INFO]  [Measuring] Using default build rules as no custom rules found in any of [/Users/amishra/Developer/demo-java-ee-servlet]
12:29:27.986 [INFO]  [Measuring] Attempting to invoke mvnw in working directory: /Users/amishra/Developer/demo-java-ee-servlet
12:29:28.012 [INFO]  [Measuring] Attempting to invoke /opt/homebrew/bin/mvn in working directory: /Users/amishra/Developer/demo-java-ee-servlet
12:29:28.024 [INFO]  [Measuring] Started "/opt/homebrew/bin/mvn -Dmaven.ext.class.path=/usr/local/bin/diffblue/cover-buildsystem-maven-spy-jar-with-dependencies.jar -Dcom.diffblue.cover.skipTests=true --batch-mode --projects=com.diffblue.pov:java-ee-servlet org.jacoco:jacoco-maven-plugin:0.8.11:prepare-agent -Djacoco.skip=false test -DfailIfNoTests=false -Dsurefire.failIfNoSpecifiedTests=false -Dmaven.test.failure.ignore=True -Dtest=*DiffblueTest org.jacoco:jacoco-maven-plugin:0.8.11:report -Djacoco.skip=false"
12:29:29.084 [INFO]  [Measuring] out: [INFO] Scanning for projects...
12:29:29.186 [INFO]  [Measuring] out: [INFO] 
12:29:29.186 [INFO]  [Measuring] out: [INFO] ------------------< com.diffblue.pov:java-ee-servlet >------------------
12:29:29.187 [INFO]  [Measuring] out: [INFO] Building Java EE Servlet Webapp 1.0.0
12:29:29.187 [INFO]  [Measuring] out: [INFO]   from pom.xml
12:29:29.187 [INFO]  [Measuring] out: [INFO] --------------------------------[ war ]---------------------------------
12:29:29.474 [INFO]  [Measuring] out: [INFO] 
12:29:29.474 [INFO]  [Measuring] out: [INFO] --- jacoco:0.8.11:prepare-agent (default-cli) @ java-ee-servlet ---
12:29:29.649 [INFO]  [Measuring] out: [INFO] argLine set to -javaagent:/Users/amishra/.m2/repository/org/jacoco/org.jacoco.agent/0.8.11/org.jacoco.agent-0.8.11-runtime.jar=destfile=/Users/amishra/Developer/demo-java-ee-servlet/target/jacoco.exec
12:29:29.651 [INFO]  [Measuring] out: [INFO] 
12:29:29.651 [INFO]  [Measuring] out: [INFO] --- resources:3.3.1:resources (default-resources) @ java-ee-servlet ---
12:29:29.755 [INFO]  [Measuring] out: [INFO] skip non existing resourceDirectory /Users/amishra/Developer/demo-java-ee-servlet/src/main/resources
12:29:29.757 [INFO]  [Measuring] out: [INFO] 
12:29:29.757 [INFO]  [Measuring] out: [INFO] --- compiler:3.13.0:compile (default-compile) @ java-ee-servlet ---
12:29:29.918 [INFO]  [Measuring] out: [INFO] Nothing to compile - all classes are up to date.
12:29:29.920 [INFO]  [Measuring] out: [INFO] 
12:29:29.920 [INFO]  [Measuring] out: [INFO] --- resources:3.3.1:testResources (default-testResources) @ java-ee-servlet ---
12:29:29.922 [INFO]  [Measuring] out: [INFO] skip non existing resourceDirectory /Users/amishra/Developer/demo-java-ee-servlet/src/test/resources
12:29:29.923 [INFO]  [Measuring] out: [INFO] 
12:29:29.923 [INFO]  [Measuring] out: [INFO] --- compiler:3.13.0:testCompile (default-testCompile) @ java-ee-servlet ---
12:29:29.933 [INFO]  [Measuring] out: [INFO] Nothing to compile - all classes are up to date.
12:29:29.935 [INFO]  [Measuring] out: [INFO] 
12:29:29.935 [INFO]  [Measuring] out: [INFO] --- surefire:3.3.0:test (default-test) @ java-ee-servlet ---
12:29:30.060 [INFO]  [Measuring] out: [INFO] Using auto detected provider org.apache.maven.surefire.junit4.JUnit4Provider
12:29:30.157 [INFO]  [Measuring] out: [INFO] 
12:29:30.157 [INFO]  [Measuring] out: [INFO] -------------------------------------------------------
12:29:30.157 [INFO]  [Measuring] out: [INFO]  T E S T S
12:29:30.157 [INFO]  [Measuring] out: [INFO] -------------------------------------------------------
12:29:30.754 [INFO]  [Measuring] out: [INFO] Running util.DBConnectionDiffblueTest
12:29:30.812 [INFO]  [Measuring] out: [WARNING] Tests run: 1, Failures: 0, Errors: 0, Skipped: 1, Time elapsed: 0.042 s -- in util.DBConnectionDiffblueTest
12:29:30.812 [INFO]  [Measuring] out: [INFO] Running dao.PostDAODiffblueTest
12:29:30.888 [INFO]  [Measuring] err: Loading class `com.mysql.jdbc.Driver'. This is deprecated. The new driver class is `com.mysql.cj.jdbc.Driver'. The driver is automatically registered via the SPI and manual loading of the driver class is generally unnecessary.
12:29:30.975 [INFO]  [Measuring] err: com.mysql.cj.jdbc.exceptions.CommunicationsException: Communications link failure
12:29:30.976 [INFO]  [Measuring] err: 
12:29:30.976 [INFO]  [Measuring] err: The last packet sent successfully to the server was 0 milliseconds ago. The driver has not received any packets from the server.
12:29:30.976 [INFO]  [Measuring] err: 	at com.mysql.cj.jdbc.exceptions.SQLError.createCommunicationsException(SQLError.java:165)
12:29:30.976 [INFO]  [Measuring] err: 	at com.mysql.cj.jdbc.exceptions.SQLExceptionsMapping.translateException(SQLExceptionsMapping.java:55)
12:29:30.976 [INFO]  [Measuring] err: 	at com.mysql.cj.jdbc.ConnectionImpl.createNewIO(ConnectionImpl.java:845)
12:29:30.976 [INFO]  [Measuring] err: 	at com.mysql.cj.jdbc.ConnectionImpl.<init>(ConnectionImpl.java:420)
12:29:30.976 [INFO]  [Measuring] err: 	at com.mysql.cj.jdbc.ConnectionImpl.getInstance(ConnectionImpl.java:238)
12:29:30.976 [INFO]  [Measuring] err: 	at com.mysql.cj.jdbc.NonRegisteringDriver.connect(NonRegisteringDriver.java:180)
12:29:30.976 [INFO]  [Measuring] err: 	at java.sql.DriverManager.getConnection(DriverManager.java:664)
12:29:30.976 [INFO]  [Measuring] err: 	at java.sql.DriverManager.getConnection(DriverManager.java:247)
12:29:30.976 [INFO]  [Measuring] err: 	at util.DBConnection.<init>(DBConnection.java:18)
12:29:30.976 [INFO]  [Measuring] err: 	at util.DBConnection.getInstance(DBConnection.java:30)
12:29:30.976 [INFO]  [Measuring] err: 	at dao.PostDAO.updatePost(PostDAO.java:79)
12:29:30.976 [INFO]  [Measuring] err: 	at dao.PostDAODiffblueTest.testUpdatePost(PostDAODiffblueTest.java:136)
12:29:30.976 [INFO]  [Measuring] err: 	at sun.reflect.NativeMethodAccessorImpl.invoke0(Native Method)
12:29:30.976 [INFO]  [Measuring] err: 	at sun.reflect.NativeMethodAccessorImpl.invoke(NativeMethodAccessorImpl.java:62)
12:29:30.976 [INFO]  [Measuring] err: 	at sun.reflect.DelegatingMethodAccessorImpl.invoke(DelegatingMethodAccessorImpl.java:43)
12:29:30.976 [INFO]  [Measuring] err: 	at java.lang.reflect.Method.invoke(Method.java:498)
12:29:30.976 [INFO]  [Measuring] err: 	at org.junit.runners.model.FrameworkMethod$1.runReflectiveCall(FrameworkMethod.java:59)
12:29:30.976 [INFO]  [Measuring] err: 	at org.junit.internal.runners.model.ReflectiveCallable.run(ReflectiveCallable.java:12)
12:29:30.976 [INFO]  [Measuring] err: 	at org.junit.runners.model.FrameworkMethod.invokeExplosively(FrameworkMethod.java:56)
12:29:30.976 [INFO]  [Measuring] err: 	at org.junit.internal.runners.statements.InvokeMethod.evaluate(InvokeMethod.java:17)
12:29:30.976 [INFO]  [Measuring] err: 	at org.junit.runners.ParentRunner$3.evaluate(ParentRunner.java:306)
12:29:30.976 [INFO]  [Measuring] err: 	at org.junit.runners.BlockJUnit4ClassRunner$1.evaluate(BlockJUnit4ClassRunner.java:100)
12:29:30.976 [INFO]  [Measuring] err: 	at org.junit.runners.ParentRunner.runLeaf(ParentRunner.java:366)
12:29:30.976 [INFO]  [Measuring] err: 	at org.junit.runners.BlockJUnit4ClassRunner.runChild(BlockJUnit4ClassRunner.java:103)
12:29:30.976 [INFO]  [Measuring] err: 	at org.junit.runners.BlockJUnit4ClassRunner.runChild(BlockJUnit4ClassRunner.java:63)
12:29:30.976 [INFO]  [Measuring] err: 	at org.junit.runners.ParentRunner$4.run(ParentRunner.java:331)
12:29:30.976 [INFO]  [Measuring] err: 	at org.junit.runners.ParentRunner$1.schedule(ParentRunner.java:79)
12:29:30.976 [INFO]  [Measuring] err: 	at org.junit.runners.ParentRunner.runChildren(ParentRunner.java:329)
12:29:30.976 [INFO]  [Measuring] err: 	at org.junit.runners.ParentRunner.access$100(ParentRunner.java:66)
12:29:30.976 [INFO]  [Measuring] err: 	at org.junit.runners.ParentRunner$2.evaluate(ParentRunner.java:293)
12:29:30.976 [INFO]  [Measuring] err: 	at org.junit.runners.ParentRunner$3.evaluate(ParentRunner.java:306)
12:29:30.976 [INFO]  [Measuring] err: 	at org.junit.runners.ParentRunner.run(ParentRunner.java:413)
12:29:30.976 [INFO]  [Measuring] err: 	at org.apache.maven.surefire.junit4.JUnit4Provider.execute(JUnit4Provider.java:316)
12:29:30.976 [INFO]  [Measuring] err: 	at org.apache.maven.surefire.junit4.JUnit4Provider.executeWithRerun(JUnit4Provider.java:240)
12:29:30.976 [INFO]  [Measuring] err: 	at org.apache.maven.surefire.junit4.JUnit4Provider.executeTestSet(JUnit4Provider.java:214)
12:29:30.976 [INFO]  [Measuring] err: 	at org.apache.maven.surefire.junit4.JUnit4Provider.invoke(JUnit4Provider.java:155)
12:29:30.976 [INFO]  [Measuring] err: 	at org.apache.maven.surefire.booter.ForkedBooter.runSuitesInProcess(ForkedBooter.java:385)
12:29:30.976 [INFO]  [Measuring] err: 	at org.apache.maven.surefire.booter.ForkedBooter.execute(ForkedBooter.java:162)
12:29:30.976 [INFO]  [Measuring] err: 	at org.apache.maven.surefire.booter.ForkedBooter.run(ForkedBooter.java:507)
12:29:30.976 [INFO]  [Measuring] err: 	at org.apache.maven.surefire.booter.ForkedBooter.main(ForkedBooter.java:495)
12:29:30.976 [INFO]  [Measuring] err: Caused by: com.mysql.cj.exceptions.CJCommunicationsException: Communications link failure
12:29:30.976 [INFO]  [Measuring] err: 
12:29:30.976 [INFO]  [Measuring] err: The last packet sent successfully to the server was 0 milliseconds ago. The driver has not received any packets from the server.
12:29:30.976 [INFO]  [Measuring] err: 	at sun.reflect.NativeConstructorAccessorImpl.newInstance0(Native Method)
12:29:30.976 [INFO]  [Measuring] err: 	at sun.reflect.NativeConstructorAccessorImpl.newInstance(NativeConstructorAccessorImpl.java:62)
12:29:30.976 [INFO]  [Measuring] err: 	at sun.reflect.DelegatingConstructorAccessorImpl.newInstance(DelegatingConstructorAccessorImpl.java:45)
12:29:30.976 [INFO]  [Measuring] err: 	at java.lang.reflect.Constructor.newInstance(Constructor.java:423)
12:29:30.976 [INFO]  [Measuring] err: 	at com.mysql.cj.exceptions.ExceptionFactory.createException(ExceptionFactory.java:52)
12:29:30.976 [INFO]  [Measuring] err: 	at com.mysql.cj.exceptions.ExceptionFactory.createException(ExceptionFactory.java:95)
12:29:30.976 [INFO]  [Measuring] err: 	at com.mysql.cj.exceptions.ExceptionFactory.createException(ExceptionFactory.java:140)
12:29:30.976 [INFO]  [Measuring] err: 	at com.mysql.cj.exceptions.ExceptionFactory.createCommunicationsException(ExceptionFactory.java:156)
12:29:30.976 [INFO]  [Measuring] err: 	at com.mysql.cj.protocol.a.NativeSocketConnection.connect(NativeSocketConnection.java:79)
12:29:30.976 [INFO]  [Measuring] err: 	at com.mysql.cj.NativeSession.connect(NativeSession.java:140)
12:29:30.976 [INFO]  [Measuring] err: 	at com.mysql.cj.jdbc.ConnectionImpl.connectOneTryOnly(ConnectionImpl.java:969)
12:29:30.976 [INFO]  [Measuring] err: 	at com.mysql.cj.jdbc.ConnectionImpl.createNewIO(ConnectionImpl.java:833)
12:29:30.976 [INFO]  [Measuring] err: 	... 37 more
12:29:30.976 [INFO]  [Measuring] err: Caused by: java.net.ConnectException: Connection refused (Connection refused)
12:29:30.976 [INFO]  [Measuring] err: 	at java.net.PlainSocketImpl.socketConnect(Native Method)
12:29:30.976 [INFO]  [Measuring] err: 	at java.net.AbstractPlainSocketImpl.doConnect(AbstractPlainSocketImpl.java:350)
12:29:30.976 [INFO]  [Measuring] err: 	at java.net.AbstractPlainSocketImpl.connectToAddress(AbstractPlainSocketImpl.java:206)
12:29:30.976 [INFO]  [Measuring] err: 	at java.net.AbstractPlainSocketImpl.connect(AbstractPlainSocketImpl.java:188)
12:29:30.976 [INFO]  [Measuring] err: 	at java.net.SocksSocketImpl.connect(SocksSocketImpl.java:392)
12:29:30.976 [INFO]  [Measuring] err: 	at java.net.Socket.connect(Socket.java:613)
12:29:30.976 [INFO]  [Measuring] err: 	at com.mysql.cj.protocol.StandardSocketFactory.connect(StandardSocketFactory.java:144)
12:29:30.976 [INFO]  [Measuring] err: 	at com.mysql.cj.protocol.a.NativeSocketConnection.connect(NativeSocketConnection.java:53)
12:29:30.976 [INFO]  [Measuring] err: 	... 40 more
12:29:30.997 [INFO]  [Measuring] out: [WARNING] Tests run: 7, Failures: 0, Errors: 0, Skipped: 5, Time elapsed: 0.168 s -- in dao.PostDAODiffblueTest
12:29:30.998 [INFO]  [Measuring] out: [INFO] Running dao.UserDAODiffblueTest
12:29:31.003 [INFO]  [Measuring] err: com.mysql.cj.jdbc.exceptions.CommunicationsException: Communications link failure
12:29:31.003 [INFO]  [Measuring] err: 
12:29:31.003 [INFO]  [Measuring] err: The last packet sent successfully to the server was 0 milliseconds ago. The driver has not received any packets from the server.
12:29:31.003 [INFO]  [Measuring] err: 	at com.mysql.cj.jdbc.exceptions.SQLError.createCommunicationsException(SQLError.java:165)
12:29:31.003 [INFO]  [Measuring] err: 	at com.mysql.cj.jdbc.exceptions.SQLExceptionsMapping.translateException(SQLExceptionsMapping.java:55)
12:29:31.003 [INFO]  [Measuring] err: 	at com.mysql.cj.jdbc.ConnectionImpl.createNewIO(ConnectionImpl.java:845)
12:29:31.003 [INFO]  [Measuring] err: 	at com.mysql.cj.jdbc.ConnectionImpl.<init>(ConnectionImpl.java:420)
12:29:31.003 [INFO]  [Measuring] err: 	at com.mysql.cj.jdbc.ConnectionImpl.getInstance(ConnectionImpl.java:238)
12:29:31.003 [INFO]  [Measuring] err: 	at com.mysql.cj.jdbc.NonRegisteringDriver.connect(NonRegisteringDriver.java:180)
12:29:31.003 [INFO]  [Measuring] err: 	at java.sql.DriverManager.getConnection(DriverManager.java:664)
12:29:31.003 [INFO]  [Measuring] err: 	at java.sql.DriverManager.getConnection(DriverManager.java:247)
12:29:31.003 [INFO]  [Measuring] err: 	at util.DBConnection.<init>(DBConnection.java:18)
12:29:31.003 [INFO]  [Measuring] err: 	at util.DBConnection.getInstance(DBConnection.java:30)
12:29:31.003 [INFO]  [Measuring] err: 	at dao.UserDAO.register(UserDAO.java:38)
12:29:31.003 [INFO]  [Measuring] err: 	at dao.UserDAODiffblueTest.testRegister(UserDAODiffblueTest.java:41)
12:29:31.003 [INFO]  [Measuring] err: 	at sun.reflect.NativeMethodAccessorImpl.invoke0(Native Method)
12:29:31.003 [INFO]  [Measuring] err: 	at sun.reflect.NativeMethodAccessorImpl.invoke(NativeMethodAccessorImpl.java:62)
12:29:31.003 [INFO]  [Measuring] err: 	at sun.reflect.DelegatingMethodAccessorImpl.invoke(DelegatingMethodAccessorImpl.java:43)
12:29:31.003 [INFO]  [Measuring] err: 	at java.lang.reflect.Method.invoke(Method.java:498)
12:29:31.003 [INFO]  [Measuring] err: 	at org.junit.runners.model.FrameworkMethod$1.runReflectiveCall(FrameworkMethod.java:59)
12:29:31.004 [INFO]  [Measuring] err: 	at org.junit.internal.runners.model.ReflectiveCallable.run(ReflectiveCallable.java:12)
12:29:31.004 [INFO]  [Measuring] err: 	at org.junit.runners.model.FrameworkMethod.invokeExplosively(FrameworkMethod.java:56)
12:29:31.004 [INFO]  [Measuring] err: 	at org.junit.internal.runners.statements.InvokeMethod.evaluate(InvokeMethod.java:17)
12:29:31.004 [INFO]  [Measuring] err: 	at org.junit.runners.ParentRunner$3.evaluate(ParentRunner.java:306)
12:29:31.004 [INFO]  [Measuring] err: 	at org.junit.runners.BlockJUnit4ClassRunner$1.evaluate(BlockJUnit4ClassRunner.java:100)
12:29:31.004 [INFO]  [Measuring] err: 	at org.junit.runners.ParentRunner.runLeaf(ParentRunner.java:366)
12:29:31.004 [INFO]  [Measuring] err: 	at org.junit.runners.BlockJUnit4ClassRunner.runChild(BlockJUnit4ClassRunner.java:103)
12:29:31.004 [INFO]  [Measuring] err: 	at org.junit.runners.BlockJUnit4ClassRunner.runChild(BlockJUnit4ClassRunner.java:63)
12:29:31.004 [INFO]  [Measuring] err: 	at org.junit.runners.ParentRunner$4.run(ParentRunner.java:331)
12:29:31.004 [INFO]  [Measuring] err: 	at org.junit.runners.ParentRunner$1.schedule(ParentRunner.java:79)
12:29:31.004 [INFO]  [Measuring] err: 	at org.junit.runners.ParentRunner.runChildren(ParentRunner.java:329)
12:29:31.004 [INFO]  [Measuring] err: 	at org.junit.runners.ParentRunner.access$100(ParentRunner.java:66)
12:29:31.004 [INFO]  [Measuring] err: 	at org.junit.runners.ParentRunner$2.evaluate(ParentRunner.java:293)
12:29:31.004 [INFO]  [Measuring] err: 	at org.junit.runners.ParentRunner$3.evaluate(ParentRunner.java:306)
12:29:31.004 [INFO]  [Measuring] err: 	at org.junit.runners.ParentRunner.run(ParentRunner.java:413)
12:29:31.004 [INFO]  [Measuring] err: 	at org.apache.maven.surefire.junit4.JUnit4Provider.execute(JUnit4Provider.java:316)
12:29:31.004 [INFO]  [Measuring] err: 	at org.apache.maven.surefire.junit4.JUnit4Provider.executeWithRerun(JUnit4Provider.java:240)
12:29:31.004 [INFO]  [Measuring] err: 	at org.apache.maven.surefire.junit4.JUnit4Provider.executeTestSet(JUnit4Provider.java:214)
12:29:31.004 [INFO]  [Measuring] err: 	at org.apache.maven.surefire.junit4.JUnit4Provider.invoke(JUnit4Provider.java:155)
12:29:31.004 [INFO]  [Measuring] err: 	at org.apache.maven.surefire.booter.ForkedBooter.runSuitesInProcess(ForkedBooter.java:385)
12:29:31.004 [INFO]  [Measuring] err: 	at org.apache.maven.surefire.booter.ForkedBooter.execute(ForkedBooter.java:162)
12:29:31.004 [INFO]  [Measuring] err: 	at org.apache.maven.surefire.booter.ForkedBooter.run(ForkedBooter.java:507)
12:29:31.004 [INFO]  [Measuring] err: 	at org.apache.maven.surefire.booter.ForkedBooter.main(ForkedBooter.java:495)
12:29:31.004 [INFO]  [Measuring] err: Caused by: com.mysql.cj.exceptions.CJCommunicationsException: Communications link failure
12:29:31.004 [INFO]  [Measuring] err: 
12:29:31.004 [INFO]  [Measuring] err: The last packet sent successfully to the server was 0 milliseconds ago. The driver has not received any packets from the server.
12:29:31.004 [INFO]  [Measuring] err: 	at sun.reflect.NativeConstructorAccessorImpl.newInstance0(Native Method)
12:29:31.004 [INFO]  [Measuring] err: 	at sun.reflect.NativeConstructorAccessorImpl.newInstance(NativeConstructorAccessorImpl.java:62)
12:29:31.004 [INFO]  [Measuring] err: 	at sun.reflect.DelegatingConstructorAccessorImpl.newInstance(DelegatingConstructorAccessorImpl.java:45)
12:29:31.004 [INFO]  [Measuring] err: 	at java.lang.reflect.Constructor.newInstance(Constructor.java:423)
12:29:31.004 [INFO]  [Measuring] err: 	at com.mysql.cj.exceptions.ExceptionFactory.createException(ExceptionFactory.java:52)
12:29:31.004 [INFO]  [Measuring] err: 	at com.mysql.cj.exceptions.ExceptionFactory.createException(ExceptionFactory.java:95)
12:29:31.004 [INFO]  [Measuring] err: 	at com.mysql.cj.exceptions.ExceptionFactory.createException(ExceptionFactory.java:140)
12:29:31.004 [INFO]  [Measuring] err: 	at com.mysql.cj.exceptions.ExceptionFactory.createCommunicationsException(ExceptionFactory.java:156)
12:29:31.004 [INFO]  [Measuring] err: 	at com.mysql.cj.protocol.a.NativeSocketConnection.connect(NativeSocketConnection.java:79)
12:29:31.004 [INFO]  [Measuring] err: 	at com.mysql.cj.NativeSession.connect(NativeSession.java:140)
12:29:31.004 [INFO]  [Measuring] err: 	at com.mysql.cj.jdbc.ConnectionImpl.connectOneTryOnly(ConnectionImpl.java:969)
12:29:31.004 [INFO]  [Measuring] err: 	at com.mysql.cj.jdbc.ConnectionImpl.createNewIO(ConnectionImpl.java:833)
12:29:31.004 [INFO]  [Measuring] err: 	... 37 more
12:29:31.004 [INFO]  [Measuring] err: Caused by: java.net.ConnectException: Connection refused (Connection refused)
12:29:31.004 [INFO]  [Measuring] err: 	at java.net.PlainSocketImpl.socketConnect(Native Method)
12:29:31.004 [INFO]  [Measuring] err: 	at java.net.AbstractPlainSocketImpl.doConnect(AbstractPlainSocketImpl.java:350)
12:29:31.004 [INFO]  [Measuring] err: 	at java.net.AbstractPlainSocketImpl.connectToAddress(AbstractPlainSocketImpl.java:206)
12:29:31.004 [INFO]  [Measuring] err: 	at java.net.AbstractPlainSocketImpl.connect(AbstractPlainSocketImpl.java:188)
12:29:31.004 [INFO]  [Measuring] err: 	at java.net.SocksSocketImpl.connect(SocksSocketImpl.java:392)
12:29:31.004 [INFO]  [Measuring] err: 	at java.net.Socket.connect(Socket.java:613)
12:29:31.004 [INFO]  [Measuring] err: 	at com.mysql.cj.protocol.StandardSocketFactory.connect(StandardSocketFactory.java:144)
12:29:31.004 [INFO]  [Measuring] err: 	at com.mysql.cj.protocol.a.NativeSocketConnection.connect(NativeSocketConnection.java:53)
12:29:31.004 [INFO]  [Measuring] err: 	... 40 more
12:29:31.007 [INFO]  [Measuring] err: com.mysql.cj.jdbc.exceptions.CommunicationsException: Communications link failure
12:29:31.007 [INFO]  [Measuring] err: 
12:29:31.007 [INFO]  [Measuring] err: The last packet sent successfully to the server was 0 milliseconds ago. The driver has not received any packets from the server.
12:29:31.007 [INFO]  [Measuring] err: 	at com.mysql.cj.jdbc.exceptions.SQLError.createCommunicationsException(SQLError.java:165)
12:29:31.007 [INFO]  [Measuring] err: 	at com.mysql.cj.jdbc.exceptions.SQLExceptionsMapping.translateException(SQLExceptionsMapping.java:55)
12:29:31.007 [INFO]  [Measuring] err: 	at com.mysql.cj.jdbc.ConnectionImpl.createNewIO(ConnectionImpl.java:845)
12:29:31.007 [INFO]  [Measuring] err: 	at com.mysql.cj.jdbc.ConnectionImpl.<init>(ConnectionImpl.java:420)
12:29:31.007 [INFO]  [Measuring] err: 	at com.mysql.cj.jdbc.ConnectionImpl.getInstance(ConnectionImpl.java:238)
12:29:31.007 [INFO]  [Measuring] err: 	at com.mysql.cj.jdbc.NonRegisteringDriver.connect(NonRegisteringDriver.java:180)
12:29:31.007 [INFO]  [Measuring] err: 	at java.sql.DriverManager.getConnection(DriverManager.java:664)
12:29:31.007 [INFO]  [Measuring] err: 	at java.sql.DriverManager.getConnection(DriverManager.java:247)
12:29:31.007 [INFO]  [Measuring] err: 	at util.DBConnection.<init>(DBConnection.java:18)
12:29:31.007 [INFO]  [Measuring] err: 	at util.DBConnection.getInstance(DBConnection.java:30)
12:29:31.007 [INFO]  [Measuring] err: 	at dao.UserDAO.updateProfile(UserDAO.java:117)
12:29:31.007 [INFO]  [Measuring] err: 	at dao.UserDAODiffblueTest.testUpdateProfile(UserDAODiffblueTest.java:146)
12:29:31.007 [INFO]  [Measuring] err: 	at sun.reflect.NativeMethodAccessorImpl.invoke0(Native Method)
12:29:31.007 [INFO]  [Measuring] err: 	at sun.reflect.NativeMethodAccessorImpl.invoke(NativeMethodAccessorImpl.java:62)
12:29:31.007 [INFO]  [Measuring] err: 	at sun.reflect.DelegatingMethodAccessorImpl.invoke(DelegatingMethodAccessorImpl.java:43)
12:29:31.007 [INFO]  [Measuring] err: 	at java.lang.reflect.Method.invoke(Method.java:498)
12:29:31.007 [INFO]  [Measuring] err: 	at org.junit.runners.model.FrameworkMethod$1.runReflectiveCall(FrameworkMethod.java:59)
12:29:31.007 [INFO]  [Measuring] err: 	at org.junit.internal.runners.model.ReflectiveCallable.run(ReflectiveCallable.java:12)
12:29:31.007 [INFO]  [Measuring] err: 	at org.junit.runners.model.FrameworkMethod.invokeExplosively(FrameworkMethod.java:56)
12:29:31.007 [INFO]  [Measuring] err: 	at org.junit.internal.runners.statements.InvokeMethod.evaluate(InvokeMethod.java:17)
12:29:31.007 [INFO]  [Measuring] err: 	at org.junit.runners.ParentRunner$3.evaluate(ParentRunner.java:306)
12:29:31.007 [INFO]  [Measuring] err: 	at org.junit.runners.BlockJUnit4ClassRunner$1.evaluate(BlockJUnit4ClassRunner.java:100)
12:29:31.007 [INFO]  [Measuring] err: 	at org.junit.runners.ParentRunner.runLeaf(ParentRunner.java:366)
12:29:31.007 [INFO]  [Measuring] err: 	at org.junit.runners.BlockJUnit4ClassRunner.runChild(BlockJUnit4ClassRunner.java:103)
12:29:31.007 [INFO]  [Measuring] err: 	at org.junit.runners.BlockJUnit4ClassRunner.runChild(BlockJUnit4ClassRunner.java:63)
12:29:31.007 [INFO]  [Measuring] err: 	at org.junit.runners.ParentRunner$4.run(ParentRunner.java:331)
12:29:31.007 [INFO]  [Measuring] err: 	at org.junit.runners.ParentRunner$1.schedule(ParentRunner.java:79)
12:29:31.007 [INFO]  [Measuring] err: 	at org.junit.runners.ParentRunner.runChildren(ParentRunner.java:329)
12:29:31.007 [INFO]  [Measuring] err: 	at org.junit.runners.ParentRunner.access$100(ParentRunner.java:66)
12:29:31.007 [INFO]  [Measuring] err: 	at org.junit.runners.ParentRunner$2.evaluate(ParentRunner.java:293)
12:29:31.007 [INFO]  [Measuring] err: 	at org.junit.runners.ParentRunner$3.evaluate(ParentRunner.java:306)
12:29:31.007 [INFO]  [Measuring] err: 	at org.junit.runners.ParentRunner.run(ParentRunner.java:413)
12:29:31.007 [INFO]  [Measuring] err: 	at org.apache.maven.surefire.junit4.JUnit4Provider.execute(JUnit4Provider.java:316)
12:29:31.007 [INFO]  [Measuring] err: 	at org.apache.maven.surefire.junit4.JUnit4Provider.executeWithRerun(JUnit4Provider.java:240)
12:29:31.007 [INFO]  [Measuring] err: 	at org.apache.maven.surefire.junit4.JUnit4Provider.executeTestSet(JUnit4Provider.java:214)
12:29:31.007 [INFO]  [Measuring] err: 	at org.apache.maven.surefire.junit4.JUnit4Provider.invoke(JUnit4Provider.java:155)
12:29:31.007 [INFO]  [Measuring] err: 	at org.apache.maven.surefire.booter.ForkedBooter.runSuitesInProcess(ForkedBooter.java:385)
12:29:31.007 [INFO]  [Measuring] err: 	at org.apache.maven.surefire.booter.ForkedBooter.execute(ForkedBooter.java:162)
12:29:31.007 [INFO]  [Measuring] err: 	at org.apache.maven.surefire.booter.ForkedBooter.run(ForkedBooter.java:507)
12:29:31.008 [INFO]  [Measuring] err: 	at org.apache.maven.surefire.booter.ForkedBooter.main(ForkedBooter.java:495)
12:29:31.008 [INFO]  [Measuring] err: Caused by: com.mysql.cj.exceptions.CJCommunicationsException: Communications link failure
12:29:31.008 [INFO]  [Measuring] err: 
12:29:31.008 [INFO]  [Measuring] err: The last packet sent successfully to the server was 0 milliseconds ago. The driver has not received any packets from the server.
12:29:31.008 [INFO]  [Measuring] err: 	at sun.reflect.NativeConstructorAccessorImpl.newInstance0(Native Method)
12:29:31.008 [INFO]  [Measuring] err: 	at sun.reflect.NativeConstructorAccessorImpl.newInstance(NativeConstructorAccessorImpl.java:62)
12:29:31.008 [INFO]  [Measuring] err: 	at sun.reflect.DelegatingConstructorAccessorImpl.newInstance(DelegatingConstructorAccessorImpl.java:45)
12:29:31.008 [INFO]  [Measuring] err: 	at java.lang.reflect.Constructor.newInstance(Constructor.java:423)
12:29:31.008 [INFO]  [Measuring] err: 	at com.mysql.cj.exceptions.ExceptionFactory.createException(ExceptionFactory.java:52)
12:29:31.008 [INFO]  [Measuring] err: 	at com.mysql.cj.exceptions.ExceptionFactory.createException(ExceptionFactory.java:95)
12:29:31.008 [INFO]  [Measuring] err: 	at com.mysql.cj.exceptions.ExceptionFactory.createException(ExceptionFactory.java:140)
12:29:31.008 [INFO]  [Measuring] err: 	at com.mysql.cj.exceptions.ExceptionFactory.createCommunicationsException(ExceptionFactory.java:156)
12:29:31.008 [INFO]  [Measuring] err: 	at com.mysql.cj.protocol.a.NativeSocketConnection.connect(NativeSocketConnection.java:79)
12:29:31.008 [INFO]  [Measuring] err: 	at com.mysql.cj.NativeSession.connect(NativeSession.java:140)
12:29:31.008 [INFO]  [Measuring] err: 	at com.mysql.cj.jdbc.ConnectionImpl.connectOneTryOnly(ConnectionImpl.java:969)
12:29:31.008 [INFO]  [Measuring] err: 	at com.mysql.cj.jdbc.ConnectionImpl.createNewIO(ConnectionImpl.java:833)
12:29:31.008 [INFO]  [Measuring] err: 	... 37 more
12:29:31.008 [INFO]  [Measuring] err: Caused by: java.net.ConnectException: Connection refused (Connection refused)
12:29:31.008 [INFO]  [Measuring] err: 	at java.net.PlainSocketImpl.socketConnect(Native Method)
12:29:31.008 [INFO]  [Measuring] err: 	at java.net.AbstractPlainSocketImpl.doConnect(AbstractPlainSocketImpl.java:350)
12:29:31.008 [INFO]  [Measuring] err: 	at java.net.AbstractPlainSocketImpl.connectToAddress(AbstractPlainSocketImpl.java:206)
12:29:31.008 [INFO]  [Measuring] err: 	at java.net.AbstractPlainSocketImpl.connect(AbstractPlainSocketImpl.java:188)
12:29:31.008 [INFO]  [Measuring] err: 	at java.net.SocksSocketImpl.connect(SocksSocketImpl.java:392)
12:29:31.008 [INFO]  [Measuring] err: 	at java.net.Socket.connect(Socket.java:613)
12:29:31.008 [INFO]  [Measuring] err: 	at com.mysql.cj.protocol.StandardSocketFactory.connect(StandardSocketFactory.java:144)
12:29:31.008 [INFO]  [Measuring] err: 	at com.mysql.cj.protocol.a.NativeSocketConnection.connect(NativeSocketConnection.java:53)
12:29:31.008 [INFO]  [Measuring] err: 	... 40 more
12:29:31.012 [INFO]  [Measuring] err: com.mysql.cj.jdbc.exceptions.CommunicationsException: Communications link failure
12:29:31.012 [INFO]  [Measuring] err: 
12:29:31.012 [INFO]  [Measuring] err: The last packet sent successfully to the server was 0 milliseconds ago. The driver has not received any packets from the server.
12:29:31.012 [INFO]  [Measuring] err: 	at com.mysql.cj.jdbc.exceptions.SQLError.createCommunicationsException(SQLError.java:165)
12:29:31.012 [INFO]  [Measuring] err: 	at com.mysql.cj.jdbc.exceptions.SQLExceptionsMapping.translateException(SQLExceptionsMapping.java:55)
12:29:31.012 [INFO]  [Measuring] err: 	at com.mysql.cj.jdbc.ConnectionImpl.createNewIO(ConnectionImpl.java:845)
12:29:31.012 [INFO]  [Measuring] err: 	at com.mysql.cj.jdbc.ConnectionImpl.<init>(ConnectionImpl.java:420)
12:29:31.012 [INFO]  [Measuring] err: 	at com.mysql.cj.jdbc.ConnectionImpl.getInstance(ConnectionImpl.java:238)
12:29:31.012 [INFO]  [Measuring] err: 	at com.mysql.cj.jdbc.NonRegisteringDriver.connect(NonRegisteringDriver.java:180)
12:29:31.012 [INFO]  [Measuring] err: 	at java.sql.DriverManager.getConnection(DriverManager.java:664)
12:29:31.012 [INFO]  [Measuring] err: 	at java.sql.DriverManager.getConnection(DriverManager.java:247)
12:29:31.012 [INFO]  [Measuring] err: 	at util.DBConnection.<init>(DBConnection.java:18)
12:29:31.012 [INFO]  [Measuring] err: 	at util.DBConnection.getInstance(DBConnection.java:30)
12:29:31.012 [INFO]  [Measuring] err: 	at dao.UserDAO.updatePassword(UserDAO.java:136)
12:29:31.012 [INFO]  [Measuring] err: 	at dao.UserDAODiffblueTest.testUpdatePassword(UserDAODiffblueTest.java:163)
12:29:31.012 [INFO]  [Measuring] err: 	at sun.reflect.NativeMethodAccessorImpl.invoke0(Native Method)
12:29:31.012 [INFO]  [Measuring] err: 	at sun.reflect.NativeMethodAccessorImpl.invoke(NativeMethodAccessorImpl.java:62)
12:29:31.012 [INFO]  [Measuring] err: 	at sun.reflect.DelegatingMethodAccessorImpl.invoke(DelegatingMethodAccessorImpl.java:43)
12:29:31.012 [INFO]  [Measuring] err: 	at java.lang.reflect.Method.invoke(Method.java:498)
12:29:31.012 [INFO]  [Measuring] err: 	at org.junit.runners.model.FrameworkMethod$1.runReflectiveCall(FrameworkMethod.java:59)
12:29:31.012 [INFO]  [Measuring] err: 	at org.junit.internal.runners.model.ReflectiveCallable.run(ReflectiveCallable.java:12)
12:29:31.012 [INFO]  [Measuring] err: 	at org.junit.runners.model.FrameworkMethod.invokeExplosively(FrameworkMethod.java:56)
12:29:31.012 [INFO]  [Measuring] err: 	at org.junit.internal.runners.statements.InvokeMethod.evaluate(InvokeMethod.java:17)
12:29:31.012 [INFO]  [Measuring] err: 	at org.junit.runners.ParentRunner$3.evaluate(ParentRunner.java:306)
12:29:31.012 [INFO]  [Measuring] err: 	at org.junit.runners.BlockJUnit4ClassRunner$1.evaluate(BlockJUnit4ClassRunner.java:100)
12:29:31.013 [INFO]  [Measuring] err: 	at org.junit.runners.ParentRunner.runLeaf(ParentRunner.java:366)
12:29:31.013 [INFO]  [Measuring] err: 	at org.junit.runners.BlockJUnit4ClassRunner.runChild(BlockJUnit4ClassRunner.java:103)
12:29:31.013 [INFO]  [Measuring] err: 	at org.junit.runners.BlockJUnit4ClassRunner.runChild(BlockJUnit4ClassRunner.java:63)
12:29:31.013 [INFO]  [Measuring] err: 	at org.junit.runners.ParentRunner$4.run(ParentRunner.java:331)
12:29:31.013 [INFO]  [Measuring] err: 	at org.junit.runners.ParentRunner$1.schedule(ParentRunner.java:79)
12:29:31.013 [INFO]  [Measuring] err: 	at org.junit.runners.ParentRunner.runChildren(ParentRunner.java:329)
12:29:31.013 [INFO]  [Measuring] err: 	at org.junit.runners.ParentRunner.access$100(ParentRunner.java:66)
12:29:31.013 [INFO]  [Measuring] err: 	at org.junit.runners.ParentRunner$2.evaluate(ParentRunner.java:293)
12:29:31.013 [INFO]  [Measuring] err: 	at org.junit.runners.ParentRunner$3.evaluate(ParentRunner.java:306)
12:29:31.013 [INFO]  [Measuring] err: 	at org.junit.runners.ParentRunner.run(ParentRunner.java:413)
12:29:31.013 [INFO]  [Measuring] err: 	at org.apache.maven.surefire.junit4.JUnit4Provider.execute(JUnit4Provider.java:316)
12:29:31.013 [INFO]  [Measuring] err: 	at org.apache.maven.surefire.junit4.JUnit4Provider.executeWithRerun(JUnit4Provider.java:240)
12:29:31.013 [INFO]  [Measuring] err: 	at org.apache.maven.surefire.junit4.JUnit4Provider.executeTestSet(JUnit4Provider.java:214)
12:29:31.013 [INFO]  [Measuring] err: 	at org.apache.maven.surefire.junit4.JUnit4Provider.invoke(JUnit4Provider.java:155)
12:29:31.013 [INFO]  [Measuring] err: 	at org.apache.maven.surefire.booter.ForkedBooter.runSuitesInProcess(ForkedBooter.java:385)
12:29:31.013 [INFO]  [Measuring] err: 	at org.apache.maven.surefire.booter.ForkedBooter.execute(ForkedBooter.java:162)
12:29:31.013 [INFO]  [Measuring] err: 	at org.apache.maven.surefire.booter.ForkedBooter.run(ForkedBooter.java:507)
12:29:31.013 [INFO]  [Measuring] err: 	at org.apache.maven.surefire.booter.ForkedBooter.main(ForkedBooter.java:495)
12:29:31.013 [INFO]  [Measuring] err: Caused by: com.mysql.cj.exceptions.CJCommunicationsException: Communications link failure
12:29:31.013 [INFO]  [Measuring] err: 
12:29:31.013 [INFO]  [Measuring] err: The last packet sent successfully to the server was 0 milliseconds ago. The driver has not received any packets from the server.
12:29:31.013 [INFO]  [Measuring] err: 	at sun.reflect.NativeConstructorAccessorImpl.newInstance0(Native Method)
12:29:31.013 [INFO]  [Measuring] err: 	at sun.reflect.NativeConstructorAccessorImpl.newInstance(NativeConstructorAccessorImpl.java:62)
12:29:31.013 [INFO]  [Measuring] err: 	at sun.reflect.DelegatingConstructorAccessorImpl.newInstance(DelegatingConstructorAccessorImpl.java:45)
12:29:31.013 [INFO]  [Measuring] err: 	at java.lang.reflect.Constructor.newInstance(Constructor.java:423)
12:29:31.013 [INFO]  [Measuring] err: 	at com.mysql.cj.exceptions.ExceptionFactory.createException(ExceptionFactory.java:52)
12:29:31.013 [INFO]  [Measuring] err: 	at com.mysql.cj.exceptions.ExceptionFactory.createException(ExceptionFactory.java:95)
12:29:31.013 [INFO]  [Measuring] err: 	at com.mysql.cj.exceptions.ExceptionFactory.createException(ExceptionFactory.java:140)
12:29:31.013 [INFO]  [Measuring] err: 	at com.mysql.cj.exceptions.ExceptionFactory.createCommunicationsException(ExceptionFactory.java:156)
12:29:31.013 [INFO]  [Measuring] err: 	at com.mysql.cj.protocol.a.NativeSocketConnection.connect(NativeSocketConnection.java:79)
12:29:31.013 [INFO]  [Measuring] err: 	at com.mysql.cj.NativeSession.connect(NativeSession.java:140)
12:29:31.013 [INFO]  [Measuring] err: 	at com.mysql.cj.jdbc.ConnectionImpl.connectOneTryOnly(ConnectionImpl.java:969)
12:29:31.013 [INFO]  [Measuring] err: 	at com.mysql.cj.jdbc.ConnectionImpl.createNewIO(ConnectionImpl.java:833)
12:29:31.013 [INFO]  [Measuring] err: 	... 37 more
12:29:31.013 [INFO]  [Measuring] err: Caused by: java.net.ConnectException: Connection refused (Connection refused)
12:29:31.013 [INFO]  [Measuring] err: 	at java.net.PlainSocketImpl.socketConnect(Native Method)
12:29:31.013 [INFO]  [Measuring] err: 	at java.net.AbstractPlainSocketImpl.doConnect(AbstractPlainSocketImpl.java:350)
12:29:31.013 [INFO]  [Measuring] err: 	at java.net.AbstractPlainSocketImpl.connectToAddress(AbstractPlainSocketImpl.java:206)
12:29:31.013 [INFO]  [Measuring] err: 	at java.net.AbstractPlainSocketImpl.connect(AbstractPlainSocketImpl.java:188)
12:29:31.013 [INFO]  [Measuring] err: 	at java.net.SocksSocketImpl.connect(SocksSocketImpl.java:392)
12:29:31.013 [INFO]  [Measuring] err: 	at java.net.Socket.connect(Socket.java:613)
12:29:31.013 [INFO]  [Measuring] err: 	at com.mysql.cj.protocol.StandardSocketFactory.connect(StandardSocketFactory.java:144)
12:29:31.013 [INFO]  [Measuring] err: 	at com.mysql.cj.protocol.a.NativeSocketConnection.connect(NativeSocketConnection.java:53)
12:29:31.013 [INFO]  [Measuring] err: 	... 40 more
12:29:31.039 [INFO]  [Measuring] out: [WARNING] Tests run: 9, Failures: 0, Errors: 0, Skipped: 4, Time elapsed: 0.016 s -- in dao.UserDAODiffblueTest
12:29:31.039 [INFO]  [Measuring] out: [INFO] Running dao.MessageDAODiffblueTest
12:29:31.049 [INFO]  [Measuring] out: [WARNING] Tests run: 7, Failures: 0, Errors: 0, Skipped: 6, Time elapsed: 0 s -- in dao.MessageDAODiffblueTest
12:29:31.050 [INFO]  [Measuring] out: [INFO] Running controller.ProfileServletDiffblueTest
12:29:31.060 [INFO]  [Measuring] out: [INFO] Tests run: 5, Failures: 0, Errors: 0, Skipped: 0, Time elapsed: 0 s -- in controller.ProfileServletDiffblueTest
12:29:31.060 [INFO]  [Measuring] out: [INFO] Running controller.MessageServletDiffblueTest
12:29:31.068 [INFO]  [Measuring] out: [INFO] Tests run: 5, Failures: 0, Errors: 0, Skipped: 0, Time elapsed: 0 s -- in controller.MessageServletDiffblueTest
12:29:31.068 [INFO]  [Measuring] out: [INFO] Running controller.LogoutServletDiffblueTest
12:29:31.073 [INFO]  [Measuring] out: [INFO] Tests run: 5, Failures: 0, Errors: 0, Skipped: 0, Time elapsed: 0 s -- in controller.LogoutServletDiffblueTest
12:29:31.074 [INFO]  [Measuring] out: [INFO] Running controller.ViewMessageServletDiffblueTest
12:29:31.083 [INFO]  [Measuring] out: [INFO] Tests run: 5, Failures: 0, Errors: 0, Skipped: 0, Time elapsed: 0.001 s -- in controller.ViewMessageServletDiffblueTest
12:29:31.083 [INFO]  [Measuring] out: [INFO] Running controller.LoginServletDiffblueTest
12:29:31.665 [INFO]  [Measuring] out: [INFO] Tests run: 5, Failures: 0, Errors: 0, Skipped: 0, Time elapsed: 0.576 s -- in controller.LoginServletDiffblueTest
12:29:31.665 [INFO]  [Measuring] out: [INFO] Running controller.RegisterServletDiffblueTest
12:29:31.671 [INFO]  [Measuring] err: com.mysql.cj.jdbc.exceptions.CommunicationsException: Communications link failure
12:29:31.671 [INFO]  [Measuring] err: 
12:29:31.671 [INFO]  [Measuring] err: The last packet sent successfully to the server was 0 milliseconds ago. The driver has not received any packets from the server.
12:29:31.671 [INFO]  [Measuring] err: 	at com.mysql.cj.jdbc.exceptions.SQLError.createCommunicationsException(SQLError.java:165)
12:29:31.671 [INFO]  [Measuring] err: 	at com.mysql.cj.jdbc.exceptions.SQLExceptionsMapping.translateException(SQLExceptionsMapping.java:55)
12:29:31.671 [INFO]  [Measuring] err: 	at com.mysql.cj.jdbc.ConnectionImpl.createNewIO(ConnectionImpl.java:845)
12:29:31.671 [INFO]  [Measuring] err: 	at com.mysql.cj.jdbc.ConnectionImpl.<init>(ConnectionImpl.java:420)
12:29:31.671 [INFO]  [Measuring] err: 	at com.mysql.cj.jdbc.ConnectionImpl.getInstance(ConnectionImpl.java:238)
12:29:31.671 [INFO]  [Measuring] err: 	at com.mysql.cj.jdbc.NonRegisteringDriver.connect(NonRegisteringDriver.java:180)
12:29:31.671 [INFO]  [Measuring] err: 	at java.sql.DriverManager.getConnection(DriverManager.java:664)
12:29:31.671 [INFO]  [Measuring] err: 	at java.sql.DriverManager.getConnection(DriverManager.java:247)
12:29:31.671 [INFO]  [Measuring] err: 	at util.DBConnection.<init>(DBConnection.java:18)
12:29:31.671 [INFO]  [Measuring] err: 	at util.DBConnection.getInstance(DBConnection.java:30)
12:29:31.671 [INFO]  [Measuring] err: 	at dao.UserDAO.register(UserDAO.java:38)
12:29:31.671 [INFO]  [Measuring] err: 	at controller.RegisterServlet.doPost(RegisterServlet.java:95)
12:29:31.671 [INFO]  [Measuring] err: 	at controller.RegisterServletDiffblueTest.testDoPost_thenMockHttpServletResponseForwardedUrlIsResource(RegisterServletDiffblueTest.java:111)
12:29:31.671 [INFO]  [Measuring] err: 	at sun.reflect.NativeMethodAccessorImpl.invoke0(Native Method)
12:29:31.671 [INFO]  [Measuring] err: 	at sun.reflect.NativeMethodAccessorImpl.invoke(NativeMethodAccessorImpl.java:62)
12:29:31.671 [INFO]  [Measuring] err: 	at sun.reflect.DelegatingMethodAccessorImpl.invoke(DelegatingMethodAccessorImpl.java:43)
12:29:31.671 [INFO]  [Measuring] err: 	at java.lang.reflect.Method.invoke(Method.java:498)
12:29:31.671 [INFO]  [Measuring] err: 	at org.junit.runners.model.FrameworkMethod$1.runReflectiveCall(FrameworkMethod.java:59)
12:29:31.671 [INFO]  [Measuring] err: 	at org.junit.internal.runners.model.ReflectiveCallable.run(ReflectiveCallable.java:12)
12:29:31.671 [INFO]  [Measuring] err: 	at org.junit.runners.model.FrameworkMethod.invokeExplosively(FrameworkMethod.java:56)
12:29:31.671 [INFO]  [Measuring] err: 	at org.junit.internal.runners.statements.InvokeMethod.evaluate(InvokeMethod.java:17)
12:29:31.671 [INFO]  [Measuring] err: 	at org.junit.runners.ParentRunner$3.evaluate(ParentRunner.java:306)
12:29:31.671 [INFO]  [Measuring] err: 	at org.junit.runners.BlockJUnit4ClassRunner$1.evaluate(BlockJUnit4ClassRunner.java:100)
12:29:31.671 [INFO]  [Measuring] err: 	at org.junit.runners.ParentRunner.runLeaf(ParentRunner.java:366)
12:29:31.671 [INFO]  [Measuring] err: 	at org.junit.runners.BlockJUnit4ClassRunner.runChild(BlockJUnit4ClassRunner.java:103)
12:29:31.671 [INFO]  [Measuring] err: 	at org.junit.runners.BlockJUnit4ClassRunner.runChild(BlockJUnit4ClassRunner.java:63)
12:29:31.671 [INFO]  [Measuring] err: 	at org.junit.runners.ParentRunner$4.run(ParentRunner.java:331)
12:29:31.671 [INFO]  [Measuring] err: 	at org.junit.runners.ParentRunner$1.schedule(ParentRunner.java:79)
12:29:31.671 [INFO]  [Measuring] err: 	at org.junit.runners.ParentRunner.runChildren(ParentRunner.java:329)
12:29:31.671 [INFO]  [Measuring] err: 	at org.junit.runners.ParentRunner.access$100(ParentRunner.java:66)
12:29:31.671 [INFO]  [Measuring] err: 	at org.junit.runners.ParentRunner$2.evaluate(ParentRunner.java:293)
12:29:31.671 [INFO]  [Measuring] err: 	at org.junit.runners.ParentRunner$3.evaluate(ParentRunner.java:306)
12:29:31.672 [INFO]  [Measuring] err: 	at org.junit.runners.ParentRunner.run(ParentRunner.java:413)
12:29:31.672 [INFO]  [Measuring] err: 	at org.apache.maven.surefire.junit4.JUnit4Provider.execute(JUnit4Provider.java:316)
12:29:31.672 [INFO]  [Measuring] err: 	at org.apache.maven.surefire.junit4.JUnit4Provider.executeWithRerun(JUnit4Provider.java:240)
12:29:31.672 [INFO]  [Measuring] err: 	at org.apache.maven.surefire.junit4.JUnit4Provider.executeTestSet(JUnit4Provider.java:214)
12:29:31.672 [INFO]  [Measuring] err: 	at org.apache.maven.surefire.junit4.JUnit4Provider.invoke(JUnit4Provider.java:155)
12:29:31.672 [INFO]  [Measuring] err: 	at org.apache.maven.surefire.booter.ForkedBooter.runSuitesInProcess(ForkedBooter.java:385)
12:29:31.672 [INFO]  [Measuring] err: 	at org.apache.maven.surefire.booter.ForkedBooter.execute(ForkedBooter.java:162)
12:29:31.672 [INFO]  [Measuring] err: 	at org.apache.maven.surefire.booter.ForkedBooter.run(ForkedBooter.java:507)
12:29:31.672 [INFO]  [Measuring] err: 	at org.apache.maven.surefire.booter.ForkedBooter.main(ForkedBooter.java:495)
12:29:31.672 [INFO]  [Measuring] err: Caused by: com.mysql.cj.exceptions.CJCommunicationsException: Communications link failure
12:29:31.672 [INFO]  [Measuring] err: 
12:29:31.672 [INFO]  [Measuring] err: The last packet sent successfully to the server was 0 milliseconds ago. The driver has not received any packets from the server.
12:29:31.672 [INFO]  [Measuring] err: 	at sun.reflect.NativeConstructorAccessorImpl.newInstance0(Native Method)
12:29:31.672 [INFO]  [Measuring] err: 	at sun.reflect.NativeConstructorAccessorImpl.newInstance(NativeConstructorAccessorImpl.java:62)
12:29:31.672 [INFO]  [Measuring] err: 	at sun.reflect.DelegatingConstructorAccessorImpl.newInstance(DelegatingConstructorAccessorImpl.java:45)
12:29:31.672 [INFO]  [Measuring] err: 	at java.lang.reflect.Constructor.newInstance(Constructor.java:423)
12:29:31.672 [INFO]  [Measuring] err: 	at com.mysql.cj.exceptions.ExceptionFactory.createException(ExceptionFactory.java:52)
12:29:31.672 [INFO]  [Measuring] err: 	at com.mysql.cj.exceptions.ExceptionFactory.createException(ExceptionFactory.java:95)
12:29:31.672 [INFO]  [Measuring] err: 	at com.mysql.cj.exceptions.ExceptionFactory.createException(ExceptionFactory.java:140)
12:29:31.672 [INFO]  [Measuring] err: 	at com.mysql.cj.exceptions.ExceptionFactory.createCommunicationsException(ExceptionFactory.java:156)
12:29:31.672 [INFO]  [Measuring] err: 	at com.mysql.cj.protocol.a.NativeSocketConnection.connect(NativeSocketConnection.java:79)
12:29:31.672 [INFO]  [Measuring] err: 	at com.mysql.cj.NativeSession.connect(NativeSession.java:140)
12:29:31.672 [INFO]  [Measuring] err: 	at com.mysql.cj.jdbc.ConnectionImpl.connectOneTryOnly(ConnectionImpl.java:969)
12:29:31.672 [INFO]  [Measuring] err: 	at com.mysql.cj.jdbc.ConnectionImpl.createNewIO(ConnectionImpl.java:833)
12:29:31.672 [INFO]  [Measuring] err: 	... 38 more
12:29:31.672 [INFO]  [Measuring] err: Caused by: java.net.ConnectException: Connection refused (Connection refused)
12:29:31.672 [INFO]  [Measuring] err: 	at java.net.PlainSocketImpl.socketConnect(Native Method)
12:29:31.672 [INFO]  [Measuring] err: 	at java.net.AbstractPlainSocketImpl.doConnect(AbstractPlainSocketImpl.java:350)
12:29:31.672 [INFO]  [Measuring] err: 	at java.net.AbstractPlainSocketImpl.connectToAddress(AbstractPlainSocketImpl.java:206)
12:29:31.672 [INFO]  [Measuring] err: 	at java.net.AbstractPlainSocketImpl.connect(AbstractPlainSocketImpl.java:188)
12:29:31.672 [INFO]  [Measuring] err: 	at java.net.SocksSocketImpl.connect(SocksSocketImpl.java:392)
12:29:31.672 [INFO]  [Measuring] err: 	at java.net.Socket.connect(Socket.java:613)
12:29:31.672 [INFO]  [Measuring] err: 	at com.mysql.cj.protocol.StandardSocketFactory.connect(StandardSocketFactory.java:144)
12:29:31.672 [INFO]  [Measuring] err: 	at com.mysql.cj.protocol.a.NativeSocketConnection.connect(NativeSocketConnection.java:53)
12:29:31.672 [INFO]  [Measuring] err: 	... 41 more
12:29:31.681 [INFO]  [Measuring] out: [INFO] Tests run: 5, Failures: 0, Errors: 0, Skipped: 0, Time elapsed: 0.006 s -- in controller.RegisterServletDiffblueTest
12:29:31.681 [INFO]  [Measuring] out: [INFO] Running controller.HomeServletDiffblueTest
12:29:31.685 [INFO]  [Measuring] out: [INFO] Tests run: 5, Failures: 0, Errors: 0, Skipped: 0, Time elapsed: 0 s -- in controller.HomeServletDiffblueTest
12:29:31.686 [INFO]  [Measuring] out: [INFO] Running model.MessageDiffblueTest
12:29:31.690 [INFO]  [Measuring] out: [INFO] Tests run: 2, Failures: 0, Errors: 0, Skipped: 0, Time elapsed: 0 s -- in model.MessageDiffblueTest
12:29:31.690 [INFO]  [Measuring] out: [INFO] Running model.UserDiffblueTest
12:29:31.693 [INFO]  [Measuring] out: [INFO] Tests run: 2, Failures: 0, Errors: 0, Skipped: 0, Time elapsed: 0 s -- in model.UserDiffblueTest
12:29:31.693 [INFO]  [Measuring] out: [INFO] Running model.PostDiffblueTest
12:29:31.699 [INFO]  [Measuring] out: [INFO] Tests run: 2, Failures: 0, Errors: 0, Skipped: 0, Time elapsed: 0 s -- in model.PostDiffblueTest
12:29:31.750 [INFO]  [Measuring] out: [INFO] 
12:29:31.750 [INFO]  [Measuring] out: [INFO] Results:
12:29:31.750 [INFO]  [Measuring] out: [INFO] 
12:29:31.750 [INFO]  [Measuring] out: [WARNING] Tests run: 65, Failures: 0, Errors: 0, Skipped: 16
12:29:31.750 [INFO]  [Measuring] out: [INFO] 
12:29:31.756 [INFO]  [Measuring] out: [INFO] 
12:29:31.756 [INFO]  [Measuring] out: [INFO] --- jacoco:0.8.11:report (default-cli) @ java-ee-servlet ---
12:29:31.759 [INFO]  [Measuring] out: [INFO] Loading execution data file /Users/amishra/Developer/demo-java-ee-servlet/target/jacoco.exec
12:29:31.865 [INFO]  [Measuring] out: [INFO] Analyzed bundle 'Java EE Servlet Webapp' with 14 classes
12:29:31.970 [INFO]  [Measuring] out: [INFO] ------------------------------------------------------------------------
12:29:31.970 [INFO]  [Measuring] out: [INFO] BUILD SUCCESS
12:29:31.970 [INFO]  [Measuring] out: [INFO] ------------------------------------------------------------------------
12:29:31.971 [INFO]  [Measuring] out: [INFO] Total time:  2.907 s
12:29:31.971 [INFO]  [Measuring] out: [INFO] Finished at: 2025-03-06T12:29:31Z
12:29:31.971 [INFO]  [Measuring] out: [INFO] ------------------------------------------------------------------------
12:29:32.037 [INFO]  [Measuring] JaCoCo report file created in /Users/amishra/Developer/demo-java-ee-servlet/.diffblue/reports/diffblue-tests-jacoco-report.xml
12:29:32.089 [INFO]  [Measuring] Calculating coverage from manual tests.
12:29:32.096 [INFO]  [Measuring] Using default build rules as no custom rules found in any of [/Users/amishra/Developer/demo-java-ee-servlet]
12:29:32.097 [INFO]  [Measuring] Attempting to invoke mvnw in working directory: /Users/amishra/Developer/demo-java-ee-servlet
12:29:32.108 [INFO]  [Measuring] Attempting to invoke /opt/homebrew/bin/mvn in working directory: /Users/amishra/Developer/demo-java-ee-servlet
12:29:32.112 [INFO]  [Measuring] Started "/opt/homebrew/bin/mvn -Dmaven.ext.class.path=/usr/local/bin/diffblue/cover-buildsystem-maven-spy-jar-with-dependencies.jar -Dcom.diffblue.cover.skipTests=true --batch-mode --projects=com.diffblue.pov:java-ee-servlet org.jacoco:jacoco-maven-plugin:0.8.11:prepare-agent -Djacoco.skip=false test -DfailIfNoTests=false -Dsurefire.failIfNoSpecifiedTests=false -Dmaven.test.failure.ignore=True -Dtest=!*DiffblueTest,**/Test*.java,**/*Test.java,**/*Tests.java,**/*TestCase.java org.jacoco:jacoco-maven-plugin:0.8.11:report -Djacoco.skip=false"
12:29:33.175 [INFO]  [Measuring] out: [INFO] Scanning for projects...
12:29:33.268 [INFO]  [Measuring] out: [INFO] 
12:29:33.268 [INFO]  [Measuring] out: [INFO] ------------------< com.diffblue.pov:java-ee-servlet >------------------
12:29:33.268 [INFO]  [Measuring] out: [INFO] Building Java EE Servlet Webapp 1.0.0
12:29:33.268 [INFO]  [Measuring] out: [INFO]   from pom.xml
12:29:33.269 [INFO]  [Measuring] out: [INFO] --------------------------------[ war ]---------------------------------
12:29:33.525 [INFO]  [Measuring] out: [INFO] 
12:29:33.525 [INFO]  [Measuring] out: [INFO] --- jacoco:0.8.11:prepare-agent (default-cli) @ java-ee-servlet ---
12:29:33.687 [INFO]  [Measuring] out: [INFO] argLine set to -javaagent:/Users/amishra/.m2/repository/org/jacoco/org.jacoco.agent/0.8.11/org.jacoco.agent-0.8.11-runtime.jar=destfile=/Users/amishra/Developer/demo-java-ee-servlet/target/jacoco.exec
12:29:33.688 [INFO]  [Measuring] out: [INFO] 
12:29:33.688 [INFO]  [Measuring] out: [INFO] --- resources:3.3.1:resources (default-resources) @ java-ee-servlet ---
12:29:33.771 [INFO]  [Measuring] out: [INFO] skip non existing resourceDirectory /Users/amishra/Developer/demo-java-ee-servlet/src/main/resources
12:29:33.773 [INFO]  [Measuring] out: [INFO] 
12:29:33.773 [INFO]  [Measuring] out: [INFO] --- compiler:3.13.0:compile (default-compile) @ java-ee-servlet ---
12:29:33.929 [INFO]  [Measuring] out: [INFO] Nothing to compile - all classes are up to date.
12:29:33.930 [INFO]  [Measuring] out: [INFO] 
12:29:33.931 [INFO]  [Measuring] out: [INFO] --- resources:3.3.1:testResources (default-testResources) @ java-ee-servlet ---
12:29:33.932 [INFO]  [Measuring] out: [INFO] skip non existing resourceDirectory /Users/amishra/Developer/demo-java-ee-servlet/src/test/resources
12:29:33.934 [INFO]  [Measuring] out: [INFO] 
12:29:33.934 [INFO]  [Measuring] out: [INFO] --- compiler:3.13.0:testCompile (default-testCompile) @ java-ee-servlet ---
12:29:33.947 [INFO]  [Measuring] out: [INFO] Nothing to compile - all classes are up to date.
12:29:33.949 [INFO]  [Measuring] out: [INFO] 
12:29:33.949 [INFO]  [Measuring] out: [INFO] --- surefire:3.3.0:test (default-test) @ java-ee-servlet ---
12:29:34.072 [INFO]  [Measuring] out: [INFO] 
12:29:34.072 [INFO]  [Measuring] out: [INFO] --- jacoco:0.8.11:report (default-cli) @ java-ee-servlet ---
12:29:34.075 [INFO]  [Measuring] out: [INFO] Loading execution data file /Users/amishra/Developer/demo-java-ee-servlet/target/jacoco.exec
12:29:34.164 [INFO]  [Measuring] out: [INFO] Analyzed bundle 'Java EE Servlet Webapp' with 14 classes
12:29:34.297 [INFO]  [Measuring] out: [INFO] ------------------------------------------------------------------------
12:29:34.297 [INFO]  [Measuring] out: [INFO] BUILD SUCCESS
12:29:34.297 [INFO]  [Measuring] out: [INFO] ------------------------------------------------------------------------
12:29:34.298 [INFO]  [Measuring] out: [INFO] Total time:  1.136 s
12:29:34.298 [INFO]  [Measuring] out: [INFO] Finished at: 2025-03-06T12:29:34Z
12:29:34.298 [INFO]  [Measuring] out: [INFO] ------------------------------------------------------------------------
12:29:34.358 [INFO]  [Measuring] JaCoCo report file created in /Users/amishra/Developer/demo-java-ee-servlet/.diffblue/reports/manual-tests-jacoco-report.xml
12:29:34.380 [INFO]  [Measuring] 
12:29:34.403 [INFO]  [Measuring] Diffblue tests cover 216 of 593 lines to cover (36.4%)
12:29:34.411 [INFO]  [Measuring] Manual tests cover 0 of 593 lines to cover (0.0%)
12:29:34.603 [INFO]  [Reporting] Writing JSON report to /Users/amishra/Developer/demo-java-ee-servlet/.diffblue/reports/report.json
12:29:34.810 [INFO]  [Reporting] 
12:29:34.810 [INFO]  [Reporting] Log file: /Users/amishra/Developer/demo-java-ee-servlet/.diffblue/log/user-20250306T122753.log
12:29:34.810 [INFO]  [Reporting] Finished in 1m 33s
